{"total": {"lines":{"total":65325,"covered":10,"skipped":0,"pct":0.01},"statements":{"total":68085,"covered":10,"skipped":0,"pct":0.01},"functions":{"total":11859,"covered":0,"skipped":0,"pct":0},"branches":{"total":24878,"covered":0,"skipped":0,"pct":0},"branchesTrue":{"total":0,"covered":0,"skipped":0,"pct":100}}
,"C:\\Users\\stanl\\OneDrive\\Desktop\\zion-scroll-forge\\backend\\src\\admissions-server.ts": {"lines":{"total":84,"covered":0,"skipped":0,"pct":0},"functions":{"total":11,"covered":0,"skipped":0,"pct":0},"statements":{"total":87,"covered":0,"skipped":0,"pct":0},"branches":{"total":15,"covered":0,"skipped":0,"pct":0}}
,"C:\\Users\\stanl\\OneDrive\\Desktop\\zion-scroll-forge\\backend\\src\\metrics.ts": {"lines":{"total":11,"covered":0,"skipped":0,"pct":0},"functions":{"total":3,"covered":0,"skipped":0,"pct":0},"statements":{"total":11,"covered":0,"skipped":0,"pct":0},"branches":{"total":0,"covered":0,"skipped":0,"pct":100}}
,"C:\\Users\\stanl\\OneDrive\\Desktop\\zion-scroll-forge\\backend\\src\\config\\ai.config.ts": {"lines":{"total":2,"covered":0,"skipped":0,"pct":0},"functions":{"total":0,"covered":0,"skipped":0,"pct":100},"statements":{"total":2,"covered":0,"skipped":0,"pct":0},"branches":{"total":50,"covered":0,"skipped":0,"pct":0}}
,"C:\\Users\\stanl\\OneDrive\\Desktop\\zion-scroll-forge\\backend\\src\\config\\analytics.config.ts": {"lines":{"total":2,"covered":0,"skipped":0,"pct":0},"functions":{"total":0,"covered":0,"skipped":0,"pct":100},"statements":{"total":2,"covered":0,"skipped":0,"pct":0},"branches":{"total":8,"covered":0,"skipped":0,"pct":0}}
,"C:\\Users\\stanl\\OneDrive\\Desktop\\zion-scroll-forge\\backend\\src\\config\\cost-optimization.config.ts": {"lines":{"total":7,"covered":0,"skipped":0,"pct":0},"functions":{"total":0,"covered":0,"skipped":0,"pct":100},"statements":{"total":7,"covered":0,"skipped":0,"pct":0},"branches":{"total":0,"covered":0,"skipped":0,"pct":100}}
,"C:\\Users\\stanl\\OneDrive\\Desktop\\zion-scroll-forge\\backend\\src\\config\\course-content.config.ts": {"lines":{"total":19,"covered":0,"skipped":0,"pct":0},"functions":{"total":4,"covered":0,"skipped":0,"pct":0},"statements":{"total":21,"covered":0,"skipped":0,"pct":0},"branches":{"total":215,"covered":0,"skipped":0,"pct":0}}
,"C:\\Users\\stanl\\OneDrive\\Desktop\\zion-scroll-forge\\backend\\src\\config\\integrity.config.ts": {"lines":{"total":9,"covered":0,"skipped":0,"pct":0},"functions":{"total":0,"covered":0,"skipped":0,"pct":100},"statements":{"total":9,"covered":0,"skipped":0,"pct":0},"branches":{"total":16,"covered":0,"skipped":0,"pct":0}}
,"C:\\Users\\stanl\\OneDrive\\Desktop\\zion-scroll-forge\\backend\\src\\config\\notification.config-STANLEY.ts": {"lines":{"total":2,"covered":0,"skipped":0,"pct":0},"functions":{"total":0,"covered":0,"skipped":0,"pct":100},"statements":{"total":2,"covered":0,"skipped":0,"pct":0},"branches":{"total":44,"covered":0,"skipped":0,"pct":0}}
,"C:\\Users\\stanl\\OneDrive\\Desktop\\zion-scroll-forge\\backend\\src\\config\\notification.config.ts": {"lines":{"total":2,"covered":0,"skipped":0,"pct":0},"functions":{"total":0,"covered":0,"skipped":0,"pct":100},"statements":{"total":2,"covered":0,"skipped":0,"pct":0},"branches":{"total":38,"covered":0,"skipped":0,"pct":0}}
,"C:\\Users\\stanl\\OneDrive\\Desktop\\zion-scroll-forge\\backend\\src\\config\\production.config.ts": {"lines":{"total":31,"covered":0,"skipped":0,"pct":0},"functions":{"total":3,"covered":0,"skipped":0,"pct":0},"statements":{"total":31,"covered":0,"skipped":0,"pct":0},"branches":{"total":159,"covered":0,"skipped":0,"pct":0}}
,"C:\\Users\\stanl\\OneDrive\\Desktop\\zion-scroll-forge\\backend\\src\\config\\redis-admissions.config.ts": {"lines":{"total":89,"covered":0,"skipped":0,"pct":0},"functions":{"total":30,"covered":0,"skipped":0,"pct":0},"statements":{"total":89,"covered":0,"skipped":0,"pct":0},"branches":{"total":26,"covered":0,"skipped":0,"pct":0}}
,"C:\\Users\\stanl\\OneDrive\\Desktop\\zion-scroll-forge\\backend\\src\\config\\redis-avatar-sessions.config.ts": {"lines":{"total":147,"covered":0,"skipped":0,"pct":0},"functions":{"total":47,"covered":0,"skipped":0,"pct":0},"statements":{"total":150,"covered":0,"skipped":0,"pct":0},"branches":{"total":48,"covered":0,"skipped":0,"pct":0}}
,"C:\\Users\\stanl\\OneDrive\\Desktop\\zion-scroll-forge\\backend\\src\\config\\redis.config.ts": {"lines":{"total":78,"covered":0,"skipped":0,"pct":0},"functions":{"total":29,"covered":0,"skipped":0,"pct":0},"statements":{"total":79,"covered":0,"skipped":0,"pct":0},"branches":{"total":21,"covered":0,"skipped":0,"pct":0}}
,"C:\\Users\\stanl\\OneDrive\\Desktop\\zion-scroll-forge\\backend\\src\\config\\scroll-library.config.ts": {"lines":{"total":13,"covered":0,"skipped":0,"pct":0},"functions":{"total":2,"covered":0,"skipped":0,"pct":0},"statements":{"total":14,"covered":0,"skipped":0,"pct":0},"branches":{"total":27,"covered":0,"skipped":0,"pct":0}}
,"C:\\Users\\stanl\\OneDrive\\Desktop\\zion-scroll-forge\\backend\\src\\config\\scrollbadge.config.ts": {"lines":{"total":2,"covered":0,"skipped":0,"pct":0},"functions":{"total":0,"covered":0,"skipped":0,"pct":100},"statements":{"total":2,"covered":0,"skipped":0,"pct":0},"branches":{"total":30,"covered":0,"skipped":0,"pct":0}}
,"C:\\Users\\stanl\\OneDrive\\Desktop\\zion-scroll-forge\\backend\\src\\config\\scrollcloud-storage.config.ts": {"lines":{"total":6,"covered":0,"skipped":0,"pct":0},"functions":{"total":0,"covered":0,"skipped":0,"pct":100},"statements":{"total":6,"covered":0,"skipped":0,"pct":0},"branches":{"total":54,"covered":0,"skipped":0,"pct":0}}
,"C:\\Users\\stanl\\OneDrive\\Desktop\\zion-scroll-forge\\backend\\src\\config\\scrollcoin.config.ts": {"lines":{"total":25,"covered":0,"skipped":0,"pct":0},"functions":{"total":9,"covered":0,"skipped":0,"pct":0},"statements":{"total":25,"covered":0,"skipped":0,"pct":0},"branches":{"total":47,"covered":0,"skipped":0,"pct":0}}
,"C:\\Users\\stanl\\OneDrive\\Desktop\\zion-scroll-forge\\backend\\src\\config\\scrollgold.config.ts": {"lines":{"total":2,"covered":0,"skipped":0,"pct":0},"functions":{"total":0,"covered":0,"skipped":0,"pct":100},"statements":{"total":2,"covered":0,"skipped":0,"pct":0},"branches":{"total":4,"covered":0,"skipped":0,"pct":0}}
,"C:\\Users\\stanl\\OneDrive\\Desktop\\zion-scroll-forge\\backend\\src\\config\\security.config.ts": {"lines":{"total":17,"covered":0,"skipped":0,"pct":0},"functions":{"total":2,"covered":0,"skipped":0,"pct":0},"statements":{"total":17,"covered":0,"skipped":0,"pct":0},"branches":{"total":7,"covered":0,"skipped":0,"pct":0}}
,"C:\\Users\\stanl\\OneDrive\\Desktop\\zion-scroll-forge\\backend\\src\\config\\socket.config.ts": {"lines":{"total":3,"covered":0,"skipped":0,"pct":0},"functions":{"total":0,"covered":0,"skipped":0,"pct":100},"statements":{"total":3,"covered":0,"skipped":0,"pct":0},"branches":{"total":22,"covered":0,"skipped":0,"pct":0}}
,"C:\\Users\\stanl\\OneDrive\\Desktop\\zion-scroll-forge\\backend\\src\\config\\stripe.config.ts": {"lines":{"total":14,"covered":0,"skipped":0,"pct":0},"functions":{"total":1,"covered":0,"skipped":0,"pct":0},"statements":{"total":14,"covered":0,"skipped":0,"pct":0},"branches":{"total":20,"covered":0,"skipped":0,"pct":0}}
,"C:\\Users\\stanl\\OneDrive\\Desktop\\zion-scroll-forge\\backend\\src\\config\\student-success.config.ts": {"lines":{"total":2,"covered":0,"skipped":0,"pct":0},"functions":{"total":0,"covered":0,"skipped":0,"pct":100},"statements":{"total":2,"covered":0,"skipped":0,"pct":0},"branches":{"total":18,"covered":0,"skipped":0,"pct":0}}
,"C:\\Users\\stanl\\OneDrive\\Desktop\\zion-scroll-forge\\backend\\src\\config\\video-avatar.config.ts": {"lines":{"total":3,"covered":0,"skipped":0,"pct":0},"functions":{"total":0,"covered":0,"skipped":0,"pct":100},"statements":{"total":3,"covered":0,"skipped":0,"pct":0},"branches":{"total":50,"covered":0,"skipped":0,"pct":0}}
,"C:\\Users\\stanl\\OneDrive\\Desktop\\zion-scroll-forge\\backend\\src\\middleware\\academicYearSecurity.ts": {"lines":{"total":125,"covered":0,"skipped":0,"pct":0},"functions":{"total":22,"covered":0,"skipped":0,"pct":0},"statements":{"total":125,"covered":0,"skipped":0,"pct":0},"branches":{"total":36,"covered":0,"skipped":0,"pct":0}}
,"C:\\Users\\stanl\\OneDrive\\Desktop\\zion-scroll-forge\\backend\\src\\middleware\\admissions-auth.ts": {"lines":{"total":140,"covered":0,"skipped":0,"pct":0},"functions":{"total":21,"covered":0,"skipped":0,"pct":0},"statements":{"total":152,"covered":0,"skipped":0,"pct":0},"branches":{"total":33,"covered":0,"skipped":0,"pct":0}}
,"C:\\Users\\stanl\\OneDrive\\Desktop\\zion-scroll-forge\\backend\\src\\middleware\\advancedRateLimiting.ts": {"lines":{"total":98,"covered":0,"skipped":0,"pct":0},"functions":{"total":24,"covered":0,"skipped":0,"pct":0},"statements":{"total":101,"covered":0,"skipped":0,"pct":0},"branches":{"total":43,"covered":0,"skipped":0,"pct":0}}
,"C:\\Users\\stanl\\OneDrive\\Desktop\\zion-scroll-forge\\backend\\src\\middleware\\auditLogging.ts": {"lines":{"total":111,"covered":0,"skipped":0,"pct":0},"functions":{"total":20,"covered":0,"skipped":0,"pct":0},"statements":{"total":117,"covered":0,"skipped":0,"pct":0},"branches":{"total":45,"covered":0,"skipped":0,"pct":0}}
,"C:\\Users\\stanl\\OneDrive\\Desktop\\zion-scroll-forge\\backend\\src\\middleware\\auth.ts": {"lines":{"total":53,"covered":0,"skipped":0,"pct":0},"functions":{"total":7,"covered":0,"skipped":0,"pct":0},"statements":{"total":58,"covered":0,"skipped":0,"pct":0},"branches":{"total":10,"covered":0,"skipped":0,"pct":0}}
,"C:\\Users\\stanl\\OneDrive\\Desktop\\zion-scroll-forge\\backend\\src\\middleware\\csrfProtection.ts": {"lines":{"total":53,"covered":0,"skipped":0,"pct":0},"functions":{"total":7,"covered":0,"skipped":0,"pct":0},"statements":{"total":53,"covered":0,"skipped":0,"pct":0},"branches":{"total":24,"covered":0,"skipped":0,"pct":0}}
,"C:\\Users\\stanl\\OneDrive\\Desktop\\zion-scroll-forge\\backend\\src\\middleware\\errorHandler.ts": {"lines":{"total":54,"covered":0,"skipped":0,"pct":0},"functions":{"total":5,"covered":0,"skipped":0,"pct":0},"statements":{"total":55,"covered":0,"skipped":0,"pct":0},"branches":{"total":27,"covered":0,"skipped":0,"pct":0}}
,"C:\\Users\\stanl\\OneDrive\\Desktop\\zion-scroll-forge\\backend\\src\\middleware\\fileUploadSecurity.ts": {"lines":{"total":99,"covered":0,"skipped":0,"pct":0},"functions":{"total":19,"covered":0,"skipped":0,"pct":0},"statements":{"total":100,"covered":0,"skipped":0,"pct":0},"branches":{"total":31,"covered":0,"skipped":0,"pct":0}}
,"C:\\Users\\stanl\\OneDrive\\Desktop\\zion-scroll-forge\\backend\\src\\middleware\\inputValidation.ts": {"lines":{"total":81,"covered":0,"skipped":0,"pct":0},"functions":{"total":33,"covered":0,"skipped":0,"pct":0},"statements":{"total":86,"covered":0,"skipped":0,"pct":0},"branches":{"total":43,"covered":0,"skipped":0,"pct":0}}
,"C:\\Users\\stanl\\OneDrive\\Desktop\\zion-scroll-forge\\backend\\src\\middleware\\productionSecurity.ts": {"lines":{"total":98,"covered":0,"skipped":0,"pct":0},"functions":{"total":24,"covered":0,"skipped":0,"pct":0},"statements":{"total":99,"covered":0,"skipped":0,"pct":0},"branches":{"total":40,"covered":0,"skipped":0,"pct":0}}
,"C:\\Users\\stanl\\OneDrive\\Desktop\\zion-scroll-forge\\backend\\src\\middleware\\rbac.ts": {"lines":{"total":176,"covered":0,"skipped":0,"pct":0},"functions":{"total":21,"covered":0,"skipped":0,"pct":0},"statements":{"total":186,"covered":0,"skipped":0,"pct":0},"branches":{"total":40,"covered":0,"skipped":0,"pct":0}}
,"C:\\Users\\stanl\\OneDrive\\Desktop\\zion-scroll-forge\\backend\\src\\middleware\\webhookRateLimit.ts": {"lines":{"total":46,"covered":0,"skipped":0,"pct":0},"functions":{"total":6,"covered":0,"skipped":0,"pct":0},"statements":{"total":47,"covered":0,"skipped":0,"pct":0},"branches":{"total":16,"covered":0,"skipped":0,"pct":0}}
,"C:\\Users\\stanl\\OneDrive\\Desktop\\zion-scroll-forge\\backend\\src\\middleware\\xssProtection.ts": {"lines":{"total":83,"covered":0,"skipped":0,"pct":0},"functions":{"total":12,"covered":0,"skipped":0,"pct":0},"statements":{"total":86,"covered":0,"skipped":0,"pct":0},"branches":{"total":46,"covered":0,"skipped":0,"pct":0}}
,"C:\\Users\\stanl\\OneDrive\\Desktop\\zion-scroll-forge\\backend\\src\\routes\\academic-calendar.ts": {"lines":{"total":128,"covered":0,"skipped":0,"pct":0},"functions":{"total":13,"covered":0,"skipped":0,"pct":0},"statements":{"total":128,"covered":0,"skipped":0,"pct":0},"branches":{"total":41,"covered":0,"skipped":0,"pct":0}}
,"C:\\Users\\stanl\\OneDrive\\Desktop\\zion-scroll-forge\\backend\\src\\routes\\academic-content-organization.ts": {"lines":{"total":87,"covered":0,"skipped":0,"pct":0},"functions":{"total":11,"covered":0,"skipped":0,"pct":0},"statements":{"total":87,"covered":0,"skipped":0,"pct":0},"branches":{"total":2,"covered":0,"skipped":0,"pct":0}}
,"C:\\Users\\stanl\\OneDrive\\Desktop\\zion-scroll-forge\\backend\\src\\routes\\academic-year-monitoring.ts": {"lines":{"total":104,"covered":0,"skipped":0,"pct":0},"functions":{"total":17,"covered":0,"skipped":0,"pct":0},"statements":{"total":104,"covered":0,"skipped":0,"pct":0},"branches":{"total":8,"covered":0,"skipped":0,"pct":0}}
,"C:\\Users\\stanl\\OneDrive\\Desktop\\zion-scroll-forge\\backend\\src\\routes\\accessibility.ts": {"lines":{"total":96,"covered":0,"skipped":0,"pct":0},"functions":{"total":10,"covered":0,"skipped":0,"pct":0},"statements":{"total":98,"covered":0,"skipped":0,"pct":0},"branches":{"total":43,"covered":0,"skipped":0,"pct":0}}
,"C:\\Users\\stanl\\OneDrive\\Desktop\\zion-scroll-forge\\backend\\src\\routes\\admissions.ts": {"lines":{"total":159,"covered":0,"skipped":0,"pct":0},"functions":{"total":19,"covered":0,"skipped":0,"pct":0},"statements":{"total":159,"covered":0,"skipped":0,"pct":0},"branches":{"total":4,"covered":0,"skipped":0,"pct":0}}
,"C:\\Users\\stanl\\OneDrive\\Desktop\\zion-scroll-forge\\backend\\src\\routes\\ai-monitoring.ts": {"lines":{"total":106,"covered":0,"skipped":0,"pct":0},"functions":{"total":11,"covered":0,"skipped":0,"pct":0},"statements":{"total":106,"covered":0,"skipped":0,"pct":0},"branches":{"total":36,"covered":0,"skipped":0,"pct":0}}
,"C:\\Users\\stanl\\OneDrive\\Desktop\\zion-scroll-forge\\backend\\src\\routes\\ai-tutor.ts": {"lines":{"total":92,"covered":0,"skipped":0,"pct":0},"functions":{"total":9,"covered":0,"skipped":0,"pct":0},"statements":{"total":92,"covered":0,"skipped":0,"pct":0},"branches":{"total":11,"covered":0,"skipped":0,"pct":0}}
,"C:\\Users\\stanl\\OneDrive\\Desktop\\zion-scroll-forge\\backend\\src\\routes\\ai-unified.ts": {"lines":{"total":261,"covered":0,"skipped":0,"pct":0},"functions":{"total":23,"covered":0,"skipped":0,"pct":0},"statements":{"total":261,"covered":0,"skipped":0,"pct":0},"branches":{"total":47,"covered":0,"skipped":0,"pct":0}}
,"C:\\Users\\stanl\\OneDrive\\Desktop\\zion-scroll-forge\\backend\\src\\routes\\ai.ts": {"lines":{"total":59,"covered":0,"skipped":0,"pct":0},"functions":{"total":6,"covered":0,"skipped":0,"pct":0},"statements":{"total":59,"covered":0,"skipped":0,"pct":0},"branches":{"total":19,"covered":0,"skipped":0,"pct":0}}
,"C:\\Users\\stanl\\OneDrive\\Desktop\\zion-scroll-forge\\backend\\src\\routes\\analytics.ts": {"lines":{"total":157,"covered":0,"skipped":0,"pct":0},"functions":{"total":16,"covered":0,"skipped":0,"pct":0},"statements":{"total":157,"covered":0,"skipped":0,"pct":0},"branches":{"total":79,"covered":0,"skipped":0,"pct":0}}
,"C:\\Users\\stanl\\OneDrive\\Desktop\\zion-scroll-forge\\backend\\src\\routes\\architecture-comparison.ts": {"lines":{"total":122,"covered":0,"skipped":0,"pct":0},"functions":{"total":10,"covered":0,"skipped":0,"pct":0},"statements":{"total":122,"covered":0,"skipped":0,"pct":0},"branches":{"total":66,"covered":0,"skipped":0,"pct":0}}
,"C:\\Users\\stanl\\OneDrive\\Desktop\\zion-scroll-forge\\backend\\src\\routes\\assessment.ts": {"lines":{"total":191,"covered":0,"skipped":0,"pct":0},"functions":{"total":49,"covered":0,"skipped":0,"pct":0},"statements":{"total":206,"covered":0,"skipped":0,"pct":0},"branches":{"total":72,"covered":0,"skipped":0,"pct":0}}
,"C:\\Users\\stanl\\OneDrive\\Desktop\\zion-scroll-forge\\backend\\src\\routes\\assignments.ts": {"lines":{"total":111,"covered":0,"skipped":0,"pct":0},"functions":{"total":8,"covered":0,"skipped":0,"pct":0},"statements":{"total":111,"covered":0,"skipped":0,"pct":0},"branches":{"total":18,"covered":0,"skipped":0,"pct":0}}
,"C:\\Users\\stanl\\OneDrive\\Desktop\\zion-scroll-forge\\backend\\src\\routes\\auth.ts": {"lines":{"total":181,"covered":0,"skipped":0,"pct":0},"functions":{"total":18,"covered":0,"skipped":0,"pct":0},"statements":{"total":181,"covered":0,"skipped":0,"pct":0},"branches":{"total":38,"covered":0,"skipped":0,"pct":0}}
,"C:\\Users\\stanl\\OneDrive\\Desktop\\zion-scroll-forge\\backend\\src\\routes\\avatar-lecturers.ts": {"lines":{"total":106,"covered":0,"skipped":0,"pct":0},"functions":{"total":15,"covered":0,"skipped":0,"pct":0},"statements":{"total":106,"covered":0,"skipped":0,"pct":0},"branches":{"total":42,"covered":0,"skipped":0,"pct":0}}
,"C:\\Users\\stanl\\OneDrive\\Desktop\\zion-scroll-forge\\backend\\src\\routes\\career-services.ts": {"lines":{"total":100,"covered":0,"skipped":0,"pct":0},"functions":{"total":10,"covered":0,"skipped":0,"pct":0},"statements":{"total":100,"covered":0,"skipped":0,"pct":0},"branches":{"total":25,"covered":0,"skipped":0,"pct":0}}
,"C:\\Users\\stanl\\OneDrive\\Desktop\\zion-scroll-forge\\backend\\src\\routes\\chat.ts": {"lines":{"total":140,"covered":0,"skipped":0,"pct":0},"functions":{"total":16,"covered":0,"skipped":0,"pct":0},"statements":{"total":140,"covered":0,"skipped":0,"pct":0},"branches":{"total":10,"covered":0,"skipped":0,"pct":0}}
,"C:\\Users\\stanl\\OneDrive\\Desktop\\zion-scroll-forge\\backend\\src\\routes\\community.ts": {"lines":{"total":253,"covered":0,"skipped":0,"pct":0},"functions":{"total":27,"covered":0,"skipped":0,"pct":0},"statements":{"total":253,"covered":0,"skipped":0,"pct":0},"branches":{"total":65,"covered":0,"skipped":0,"pct":0}}
,"C:\\Users\\stanl\\OneDrive\\Desktop\\zion-scroll-forge\\backend\\src\\routes\\comprehensive-courses.ts": {"lines":{"total":7,"covered":0,"skipped":0,"pct":0},"functions":{"total":0,"covered":0,"skipped":0,"pct":100},"statements":{"total":7,"covered":0,"skipped":0,"pct":0},"branches":{"total":0,"covered":0,"skipped":0,"pct":100}}
,"C:\\Users\\stanl\\OneDrive\\Desktop\\zion-scroll-forge\\backend\\src\\routes\\content-creation-monitoring.ts": {"lines":{"total":77,"covered":0,"skipped":0,"pct":0},"functions":{"total":10,"covered":0,"skipped":0,"pct":0},"statements":{"total":79,"covered":0,"skipped":0,"pct":0},"branches":{"total":19,"covered":0,"skipped":0,"pct":0}}
,"C:\\Users\\stanl\\OneDrive\\Desktop\\zion-scroll-forge\\backend\\src\\routes\\content-creation.ts": {"lines":{"total":111,"covered":0,"skipped":0,"pct":0},"functions":{"total":12,"covered":0,"skipped":0,"pct":0},"statements":{"total":111,"covered":0,"skipped":0,"pct":0},"branches":{"total":2,"covered":0,"skipped":0,"pct":0}}
,"C:\\Users\\stanl\\OneDrive\\Desktop\\zion-scroll-forge\\backend\\src\\routes\\cost-optimization.ts": {"lines":{"total":82,"covered":0,"skipped":0,"pct":0},"functions":{"total":10,"covered":0,"skipped":0,"pct":0},"statements":{"total":82,"covered":0,"skipped":0,"pct":0},"branches":{"total":2,"covered":0,"skipped":0,"pct":0}}
,"C:\\Users\\stanl\\OneDrive\\Desktop\\zion-scroll-forge\\backend\\src\\routes\\course-content.ts": {"lines":{"total":303,"covered":0,"skipped":0,"pct":0},"functions":{"total":26,"covered":0,"skipped":0,"pct":0},"statements":{"total":303,"covered":0,"skipped":0,"pct":0},"branches":{"total":135,"covered":0,"skipped":0,"pct":0}}
,"C:\\Users\\stanl\\OneDrive\\Desktop\\zion-scroll-forge\\backend\\src\\routes\\course-execution.ts": {"lines":{"total":127,"covered":0,"skipped":0,"pct":0},"functions":{"total":12,"covered":0,"skipped":0,"pct":0},"statements":{"total":129,"covered":0,"skipped":0,"pct":0},"branches":{"total":47,"covered":0,"skipped":0,"pct":0}}
,"C:\\Users\\stanl\\OneDrive\\Desktop\\zion-scroll-forge\\backend\\src\\routes\\course-offerings.ts": {"lines":{"total":129,"covered":0,"skipped":0,"pct":0},"functions":{"total":18,"covered":0,"skipped":0,"pct":0},"statements":{"total":129,"covered":0,"skipped":0,"pct":0},"branches":{"total":10,"covered":0,"skipped":0,"pct":0}}
,"C:\\Users\\stanl\\OneDrive\\Desktop\\zion-scroll-forge\\backend\\src\\routes\\course-recommendation.ts": {"lines":{"total":44,"covered":0,"skipped":0,"pct":0},"functions":{"total":4,"covered":0,"skipped":0,"pct":0},"statements":{"total":44,"covered":0,"skipped":0,"pct":0},"branches":{"total":19,"covered":0,"skipped":0,"pct":0}}
,"C:\\Users\\stanl\\OneDrive\\Desktop\\zion-scroll-forge\\backend\\src\\routes\\course-sequencing.ts": {"lines":{"total":85,"covered":0,"skipped":0,"pct":0},"functions":{"total":12,"covered":0,"skipped":0,"pct":0},"statements":{"total":85,"covered":0,"skipped":0,"pct":0},"branches":{"total":16,"covered":0,"skipped":0,"pct":0}}
,"C:\\Users\\stanl\\OneDrive\\Desktop\\zion-scroll-forge\\backend\\src\\routes\\courses.ts": {"lines":{"total":127,"covered":0,"skipped":0,"pct":0},"functions":{"total":16,"covered":0,"skipped":0,"pct":0},"statements":{"total":127,"covered":0,"skipped":0,"pct":0},"branches":{"total":51,"covered":0,"skipped":0,"pct":0}}
,"C:\\Users\\stanl\\OneDrive\\Desktop\\zion-scroll-forge\\backend\\src\\routes\\critical-thinking.ts": {"lines":{"total":79,"covered":0,"skipped":0,"pct":0},"functions":{"total":6,"covered":0,"skipped":0,"pct":0},"statements":{"total":79,"covered":0,"skipped":0,"pct":0},"branches":{"total":11,"covered":0,"skipped":0,"pct":0}}
,"C:\\Users\\stanl\\OneDrive\\Desktop\\zion-scroll-forge\\backend\\src\\routes\\curriculum-coordination.ts": {"lines":{"total":123,"covered":0,"skipped":0,"pct":0},"functions":{"total":16,"covered":0,"skipped":0,"pct":0},"statements":{"total":123,"covered":0,"skipped":0,"pct":0},"branches":{"total":34,"covered":0,"skipped":0,"pct":0}}
,"C:\\Users\\stanl\\OneDrive\\Desktop\\zion-scroll-forge\\backend\\src\\routes\\curriculum-grid.ts": {"lines":{"total":70,"covered":0,"skipped":0,"pct":0},"functions":{"total":11,"covered":0,"skipped":0,"pct":0},"statements":{"total":70,"covered":0,"skipped":0,"pct":0},"branches":{"total":9,"covered":0,"skipped":0,"pct":0}}
,"C:\\Users\\stanl\\OneDrive\\Desktop\\zion-scroll-forge\\backend\\src\\routes\\degree-graduation.ts": {"lines":{"total":96,"covered":0,"skipped":0,"pct":0},"functions":{"total":11,"covered":0,"skipped":0,"pct":0},"statements":{"total":96,"covered":0,"skipped":0,"pct":0},"branches":{"total":15,"covered":0,"skipped":0,"pct":0}}
,"C:\\Users\\stanl\\OneDrive\\Desktop\\zion-scroll-forge\\backend\\src\\routes\\degree-programs.ts": {"lines":{"total":61,"covered":0,"skipped":0,"pct":0},"functions":{"total":8,"covered":0,"skipped":0,"pct":0},"statements":{"total":61,"covered":0,"skipped":0,"pct":0},"branches":{"total":18,"covered":0,"skipped":0,"pct":0}}
,"C:\\Users\\stanl\\OneDrive\\Desktop\\zion-scroll-forge\\backend\\src\\routes\\devotions.ts": {"lines":{"total":207,"covered":0,"skipped":0,"pct":0},"functions":{"total":18,"covered":0,"skipped":0,"pct":0},"statements":{"total":207,"covered":0,"skipped":0,"pct":0},"branches":{"total":34,"covered":0,"skipped":0,"pct":0}}
,"C:\\Users\\stanl\\OneDrive\\Desktop\\zion-scroll-forge\\backend\\src\\routes\\enrollment.ts": {"lines":{"total":195,"covered":0,"skipped":0,"pct":0},"functions":{"total":24,"covered":0,"skipped":0,"pct":0},"statements":{"total":195,"covered":0,"skipped":0,"pct":0},"branches":{"total":12,"covered":0,"skipped":0,"pct":0}}
,"C:\\Users\\stanl\\OneDrive\\Desktop\\zion-scroll-forge\\backend\\src\\routes\\error-monitoring.ts": {"lines":{"total":68,"covered":0,"skipped":0,"pct":0},"functions":{"total":6,"covered":0,"skipped":0,"pct":0},"statements":{"total":68,"covered":0,"skipped":0,"pct":0},"branches":{"total":32,"covered":0,"skipped":0,"pct":0}}
,"C:\\Users\\stanl\\OneDrive\\Desktop\\zion-scroll-forge\\backend\\src\\routes\\faculty-operations.ts": {"lines":{"total":132,"covered":0,"skipped":0,"pct":0},"functions":{"total":11,"covered":0,"skipped":0,"pct":0},"statements":{"total":132,"covered":0,"skipped":0,"pct":0},"branches":{"total":81,"covered":0,"skipped":0,"pct":0}}
,"C:\\Users\\stanl\\OneDrive\\Desktop\\zion-scroll-forge\\backend\\src\\routes\\faculty-support.ts": {"lines":{"total":110,"covered":0,"skipped":0,"pct":0},"functions":{"total":12,"covered":0,"skipped":0,"pct":0},"statements":{"total":110,"covered":0,"skipped":0,"pct":0},"branches":{"total":60,"covered":0,"skipped":0,"pct":0}}
,"C:\\Users\\stanl\\OneDrive\\Desktop\\zion-scroll-forge\\backend\\src\\routes\\fundraising.ts": {"lines":{"total":80,"covered":0,"skipped":0,"pct":0},"functions":{"total":8,"covered":0,"skipped":0,"pct":0},"statements":{"total":80,"covered":0,"skipped":0,"pct":0},"branches":{"total":14,"covered":0,"skipped":0,"pct":0}}
,"C:\\Users\\stanl\\OneDrive\\Desktop\\zion-scroll-forge\\backend\\src\\routes\\launch.ts": {"lines":{"total":52,"covered":0,"skipped":0,"pct":0},"functions":{"total":7,"covered":0,"skipped":0,"pct":0},"statements":{"total":52,"covered":0,"skipped":0,"pct":0},"branches":{"total":6,"covered":0,"skipped":0,"pct":0}}
,"C:\\Users\\stanl\\OneDrive\\Desktop\\zion-scroll-forge\\backend\\src\\routes\\learning-outcomes.ts": {"lines":{"total":125,"covered":0,"skipped":0,"pct":0},"functions":{"total":19,"covered":0,"skipped":0,"pct":0},"statements":{"total":125,"covered":0,"skipped":0,"pct":0},"branches":{"total":9,"covered":0,"skipped":0,"pct":0}}
,"C:\\Users\\stanl\\OneDrive\\Desktop\\zion-scroll-forge\\backend\\src\\routes\\moderation.ts": {"lines":{"total":62,"covered":0,"skipped":0,"pct":0},"functions":{"total":6,"covered":0,"skipped":0,"pct":0},"statements":{"total":62,"covered":0,"skipped":0,"pct":0},"branches":{"total":27,"covered":0,"skipped":0,"pct":0}}
,"C:\\Users\\stanl\\OneDrive\\Desktop\\zion-scroll-forge\\backend\\src\\routes\\monitoring.ts": {"lines":{"total":109,"covered":0,"skipped":0,"pct":0},"functions":{"total":10,"covered":0,"skipped":0,"pct":0},"statements":{"total":109,"covered":0,"skipped":0,"pct":0},"branches":{"total":22,"covered":0,"skipped":0,"pct":0}}
,"C:\\Users\\stanl\\OneDrive\\Desktop\\zion-scroll-forge\\backend\\src\\routes\\multilingual.ts": {"lines":{"total":108,"covered":0,"skipped":0,"pct":0},"functions":{"total":22,"covered":0,"skipped":0,"pct":0},"statements":{"total":108,"covered":0,"skipped":0,"pct":0},"branches":{"total":22,"covered":0,"skipped":0,"pct":0}}
,"C:\\Users\\stanl\\OneDrive\\Desktop\\zion-scroll-forge\\backend\\src\\routes\\notifications.ts": {"lines":{"total":124,"covered":0,"skipped":0,"pct":0},"functions":{"total":17,"covered":0,"skipped":0,"pct":0},"statements":{"total":124,"covered":0,"skipped":0,"pct":0},"branches":{"total":34,"covered":0,"skipped":0,"pct":0}}
,"C:\\Users\\stanl\\OneDrive\\Desktop\\zion-scroll-forge\\backend\\src\\routes\\partner-integration.ts": {"lines":{"total":165,"covered":0,"skipped":0,"pct":0},"functions":{"total":32,"covered":0,"skipped":0,"pct":0},"statements":{"total":175,"covered":0,"skipped":0,"pct":0},"branches":{"total":39,"covered":0,"skipped":0,"pct":0}}
,"C:\\Users\\stanl\\OneDrive\\Desktop\\zion-scroll-forge\\backend\\src\\routes\\payments.ts": {"lines":{"total":135,"covered":0,"skipped":0,"pct":0},"functions":{"total":13,"covered":0,"skipped":0,"pct":0},"statements":{"total":135,"covered":0,"skipped":0,"pct":0},"branches":{"total":41,"covered":0,"skipped":0,"pct":0}}
,"C:\\Users\\stanl\\OneDrive\\Desktop\\zion-scroll-forge\\backend\\src\\routes\\performance.ts": {"lines":{"total":82,"covered":0,"skipped":0,"pct":0},"functions":{"total":10,"covered":0,"skipped":0,"pct":0},"statements":{"total":82,"covered":0,"skipped":0,"pct":0},"branches":{"total":19,"covered":0,"skipped":0,"pct":0}}
,"C:\\Users\\stanl\\OneDrive\\Desktop\\zion-scroll-forge\\backend\\src\\routes\\portal-mobile-integration.ts": {"lines":{"total":155,"covered":0,"skipped":0,"pct":0},"functions":{"total":17,"covered":0,"skipped":0,"pct":0},"statements":{"total":155,"covered":0,"skipped":0,"pct":0},"branches":{"total":56,"covered":0,"skipped":0,"pct":0}}
,"C:\\Users\\stanl\\OneDrive\\Desktop\\zion-scroll-forge\\backend\\src\\routes\\post-launch.ts": {"lines":{"total":298,"covered":0,"skipped":0,"pct":0},"functions":{"total":40,"covered":0,"skipped":0,"pct":0},"statements":{"total":298,"covered":0,"skipped":0,"pct":0},"branches":{"total":40,"covered":0,"skipped":0,"pct":0}}
,"C:\\Users\\stanl\\OneDrive\\Desktop\\zion-scroll-forge\\backend\\src\\routes\\prayer.ts": {"lines":{"total":187,"covered":0,"skipped":0,"pct":0},"functions":{"total":28,"covered":0,"skipped":0,"pct":0},"statements":{"total":187,"covered":0,"skipped":0,"pct":0},"branches":{"total":118,"covered":0,"skipped":0,"pct":0}}
,"C:\\Users\\stanl\\OneDrive\\Desktop\\zion-scroll-forge\\backend\\src\\routes\\prerequisites.ts": {"lines":{"total":107,"covered":0,"skipped":0,"pct":0},"functions":{"total":17,"covered":0,"skipped":0,"pct":0},"statements":{"total":107,"covered":0,"skipped":0,"pct":0},"branches":{"total":3,"covered":0,"skipped":0,"pct":0}}
,"C:\\Users\\stanl\\OneDrive\\Desktop\\zion-scroll-forge\\backend\\src\\routes\\production-launch.ts": {"lines":{"total":208,"covered":0,"skipped":0,"pct":0},"functions":{"total":27,"covered":0,"skipped":0,"pct":0},"statements":{"total":208,"covered":0,"skipped":0,"pct":0},"branches":{"total":2,"covered":0,"skipped":0,"pct":0}}
,"C:\\Users\\stanl\\OneDrive\\Desktop\\zion-scroll-forge\\backend\\src\\routes\\profile.ts": {"lines":{"total":310,"covered":0,"skipped":0,"pct":0},"functions":{"total":41,"covered":0,"skipped":0,"pct":0},"statements":{"total":310,"covered":0,"skipped":0,"pct":0},"branches":{"total":26,"covered":0,"skipped":0,"pct":0}}
,"C:\\Users\\stanl\\OneDrive\\Desktop\\zion-scroll-forge\\backend\\src\\routes\\prophetic-checkin.ts": {"lines":{"total":146,"covered":0,"skipped":0,"pct":0},"functions":{"total":14,"covered":0,"skipped":0,"pct":0},"statements":{"total":146,"covered":0,"skipped":0,"pct":0},"branches":{"total":68,"covered":0,"skipped":0,"pct":0}}
,"C:\\Users\\stanl\\OneDrive\\Desktop\\zion-scroll-forge\\backend\\src\\routes\\qa.ts": {"lines":{"total":164,"covered":0,"skipped":0,"pct":0},"functions":{"total":20,"covered":0,"skipped":0,"pct":0},"statements":{"total":164,"covered":0,"skipped":0,"pct":0},"branches":{"total":22,"covered":0,"skipped":0,"pct":0}}
,"C:\\Users\\stanl\\OneDrive\\Desktop\\zion-scroll-forge\\backend\\src\\routes\\research.ts": {"lines":{"total":99,"covered":0,"skipped":0,"pct":0},"functions":{"total":9,"covered":0,"skipped":0,"pct":0},"statements":{"total":99,"covered":0,"skipped":0,"pct":0},"branches":{"total":25,"covered":0,"skipped":0,"pct":0}}
,"C:\\Users\\stanl\\OneDrive\\Desktop\\zion-scroll-forge\\backend\\src\\routes\\scholarships.ts": {"lines":{"total":191,"covered":0,"skipped":0,"pct":0},"functions":{"total":24,"covered":0,"skipped":0,"pct":0},"statements":{"total":191,"covered":0,"skipped":0,"pct":0},"branches":{"total":81,"covered":0,"skipped":0,"pct":0}}
,"C:\\Users\\stanl\\OneDrive\\Desktop\\zion-scroll-forge\\backend\\src\\routes\\scripture-memory.ts": {"lines":{"total":133,"covered":0,"skipped":0,"pct":0},"functions":{"total":14,"covered":0,"skipped":0,"pct":0},"statements":{"total":133,"covered":0,"skipped":0,"pct":0},"branches":{"total":42,"covered":0,"skipped":0,"pct":0}}
,"C:\\Users\\stanl\\OneDrive\\Desktop\\zion-scroll-forge\\backend\\src\\routes\\scrollbadge.ts": {"lines":{"total":166,"covered":0,"skipped":0,"pct":0},"functions":{"total":19,"covered":0,"skipped":0,"pct":0},"statements":{"total":166,"covered":0,"skipped":0,"pct":0},"branches":{"total":52,"covered":0,"skipped":0,"pct":0}}
,"C:\\Users\\stanl\\OneDrive\\Desktop\\zion-scroll-forge\\backend\\src\\routes\\scrollbadges.ts": {"lines":{"total":112,"covered":0,"skipped":0,"pct":0},"functions":{"total":14,"covered":0,"skipped":0,"pct":0},"statements":{"total":112,"covered":0,"skipped":0,"pct":0},"branches":{"total":46,"covered":0,"skipped":0,"pct":0}}
,"C:\\Users\\stanl\\OneDrive\\Desktop\\zion-scroll-forge\\backend\\src\\routes\\scrollcloud-storage.ts": {"lines":{"total":202,"covered":0,"skipped":0,"pct":0},"functions":{"total":18,"covered":0,"skipped":0,"pct":0},"statements":{"total":202,"covered":0,"skipped":0,"pct":0},"branches":{"total":58,"covered":0,"skipped":0,"pct":0}}
,"C:\\Users\\stanl\\OneDrive\\Desktop\\zion-scroll-forge\\backend\\src\\routes\\scrollcoin.ts": {"lines":{"total":162,"covered":0,"skipped":0,"pct":0},"functions":{"total":18,"covered":0,"skipped":0,"pct":0},"statements":{"total":162,"covered":0,"skipped":0,"pct":0},"branches":{"total":55,"covered":0,"skipped":0,"pct":0}}
,"C:\\Users\\stanl\\OneDrive\\Desktop\\zion-scroll-forge\\backend\\src\\routes\\scrollgold.ts": {"lines":{"total":145,"covered":0,"skipped":0,"pct":0},"functions":{"total":11,"covered":0,"skipped":0,"pct":0},"statements":{"total":145,"covered":0,"skipped":0,"pct":0},"branches":{"total":46,"covered":0,"skipped":0,"pct":0}}
,"C:\\Users\\stanl\\OneDrive\\Desktop\\zion-scroll-forge\\backend\\src\\routes\\scrollos-tools.ts": {"lines":{"total":107,"covered":0,"skipped":0,"pct":0},"functions":{"total":9,"covered":0,"skipped":0,"pct":0},"statements":{"total":107,"covered":0,"skipped":0,"pct":0},"branches":{"total":13,"covered":0,"skipped":0,"pct":0}}
,"C:\\Users\\stanl\\OneDrive\\Desktop\\zion-scroll-forge\\backend\\src\\routes\\security.ts": {"lines":{"total":88,"covered":0,"skipped":0,"pct":0},"functions":{"total":9,"covered":0,"skipped":0,"pct":0},"statements":{"total":88,"covered":0,"skipped":0,"pct":0},"branches":{"total":23,"covered":0,"skipped":0,"pct":0}}
,"C:\\Users\\stanl\\OneDrive\\Desktop\\zion-scroll-forge\\backend\\src\\routes\\spiritual-formation.ts": {"lines":{"total":95,"covered":0,"skipped":0,"pct":0},"functions":{"total":7,"covered":0,"skipped":0,"pct":0},"statements":{"total":95,"covered":0,"skipped":0,"pct":0},"branches":{"total":17,"covered":0,"skipped":0,"pct":0}}
,"C:\\Users\\stanl\\OneDrive\\Desktop\\zion-scroll-forge\\backend\\src\\routes\\student-lifecycle.ts": {"lines":{"total":140,"covered":0,"skipped":0,"pct":0},"functions":{"total":12,"covered":0,"skipped":0,"pct":0},"statements":{"total":141,"covered":0,"skipped":0,"pct":0},"branches":{"total":57,"covered":0,"skipped":0,"pct":0}}
,"C:\\Users\\stanl\\OneDrive\\Desktop\\zion-scroll-forge\\backend\\src\\routes\\study-groups.ts": {"lines":{"total":262,"covered":0,"skipped":0,"pct":0},"functions":{"total":37,"covered":0,"skipped":0,"pct":0},"statements":{"total":262,"covered":0,"skipped":0,"pct":0},"branches":{"total":98,"covered":0,"skipped":0,"pct":0}}
,"C:\\Users\\stanl\\OneDrive\\Desktop\\zion-scroll-forge\\backend\\src\\routes\\translation.ts": {"lines":{"total":110,"covered":0,"skipped":0,"pct":0},"functions":{"total":10,"covered":0,"skipped":0,"pct":0},"statements":{"total":110,"covered":0,"skipped":0,"pct":0},"branches":{"total":60,"covered":0,"skipped":0,"pct":0}}
,"C:\\Users\\stanl\\OneDrive\\Desktop\\zion-scroll-forge\\backend\\src\\routes\\tuition.ts": {"lines":{"total":15,"covered":0,"skipped":0,"pct":0},"functions":{"total":2,"covered":0,"skipped":0,"pct":0},"statements":{"total":15,"covered":0,"skipped":0,"pct":0},"branches":{"total":0,"covered":0,"skipped":0,"pct":100}}
,"C:\\Users\\stanl\\OneDrive\\Desktop\\zion-scroll-forge\\backend\\src\\routes\\users.ts": {"lines":{"total":97,"covered":0,"skipped":0,"pct":0},"functions":{"total":11,"covered":0,"skipped":0,"pct":0},"statements":{"total":97,"covered":0,"skipped":0,"pct":0},"branches":{"total":31,"covered":0,"skipped":0,"pct":0}}
,"C:\\Users\\stanl\\OneDrive\\Desktop\\zion-scroll-forge\\backend\\src\\routes\\video-streaming.ts": {"lines":{"total":156,"covered":0,"skipped":0,"pct":0},"functions":{"total":18,"covered":0,"skipped":0,"pct":0},"statements":{"total":156,"covered":0,"skipped":0,"pct":0},"branches":{"total":48,"covered":0,"skipped":0,"pct":0}}
,"C:\\Users\\stanl\\OneDrive\\Desktop\\zion-scroll-forge\\backend\\src\\routes\\workflow-notifications.ts": {"lines":{"total":94,"covered":0,"skipped":0,"pct":0},"functions":{"total":11,"covered":0,"skipped":0,"pct":0},"statements":{"total":94,"covered":0,"skipped":0,"pct":0},"branches":{"total":32,"covered":0,"skipped":0,"pct":0}}
,"C:\\Users\\stanl\\OneDrive\\Desktop\\zion-scroll-forge\\backend\\src\\routes\\xr.ts": {"lines":{"total":109,"covered":0,"skipped":0,"pct":0},"functions":{"total":23,"covered":0,"skipped":0,"pct":0},"statements":{"total":118,"covered":0,"skipped":0,"pct":0},"branches":{"total":39,"covered":0,"skipped":0,"pct":0}}
,"C:\\Users\\stanl\\OneDrive\\Desktop\\zion-scroll-forge\\backend\\src\\routes\\zapier-webhooks.ts": {"lines":{"total":112,"covered":0,"skipped":0,"pct":0},"functions":{"total":13,"covered":0,"skipped":0,"pct":0},"statements":{"total":112,"covered":0,"skipped":0,"pct":0},"branches":{"total":49,"covered":0,"skipped":0,"pct":0}}
,"C:\\Users\\stanl\\OneDrive\\Desktop\\zion-scroll-forge\\backend\\src\\routes\\admissions\\analytics.ts": {"lines":{"total":128,"covered":0,"skipped":0,"pct":0},"functions":{"total":17,"covered":0,"skipped":0,"pct":0},"statements":{"total":128,"covered":0,"skipped":0,"pct":0},"branches":{"total":35,"covered":0,"skipped":0,"pct":0}}
,"C:\\Users\\stanl\\OneDrive\\Desktop\\zion-scroll-forge\\backend\\src\\routes\\admissions\\applications.ts": {"lines":{"total":118,"covered":0,"skipped":0,"pct":0},"functions":{"total":8,"covered":0,"skipped":0,"pct":0},"statements":{"total":119,"covered":0,"skipped":0,"pct":0},"branches":{"total":42,"covered":0,"skipped":0,"pct":0}}
,"C:\\Users\\stanl\\OneDrive\\Desktop\\zion-scroll-forge\\backend\\src\\routes\\admissions\\feedback.ts": {"lines":{"total":64,"covered":0,"skipped":0,"pct":0},"functions":{"total":5,"covered":0,"skipped":0,"pct":0},"statements":{"total":64,"covered":0,"skipped":0,"pct":0},"branches":{"total":35,"covered":0,"skipped":0,"pct":0}}
,"C:\\Users\\stanl\\OneDrive\\Desktop\\zion-scroll-forge\\backend\\src\\routes\\admissions\\index.ts": {"lines":{"total":7,"covered":0,"skipped":0,"pct":0},"functions":{"total":0,"covered":0,"skipped":0,"pct":100},"statements":{"total":7,"covered":0,"skipped":0,"pct":0},"branches":{"total":0,"covered":0,"skipped":0,"pct":100}}
,"C:\\Users\\stanl\\OneDrive\\Desktop\\zion-scroll-forge\\backend\\src\\routes\\admissions\\predictive-analytics.ts": {"lines":{"total":116,"covered":0,"skipped":0,"pct":0},"functions":{"total":21,"covered":0,"skipped":0,"pct":0},"statements":{"total":118,"covered":0,"skipped":0,"pct":0},"branches":{"total":19,"covered":0,"skipped":0,"pct":0}}
,"C:\\Users\\stanl\\OneDrive\\Desktop\\zion-scroll-forge\\backend\\src\\routes\\admissions\\student-integration.ts": {"lines":{"total":126,"covered":0,"skipped":0,"pct":0},"functions":{"total":11,"covered":0,"skipped":0,"pct":0},"statements":{"total":126,"covered":0,"skipped":0,"pct":0},"branches":{"total":52,"covered":0,"skipped":0,"pct":0}}
,"C:\\Users\\stanl\\OneDrive\\Desktop\\zion-scroll-forge\\backend\\src\\routes\\competitive-analysis\\architecture.ts": {"lines":{"total":67,"covered":0,"skipped":0,"pct":0},"functions":{"total":7,"covered":0,"skipped":0,"pct":0},"statements":{"total":67,"covered":0,"skipped":0,"pct":0},"branches":{"total":0,"covered":0,"skipped":0,"pct":100}}
,"C:\\Users\\stanl\\OneDrive\\Desktop\\zion-scroll-forge\\backend\\src\\services\\ABTestingService.ts": {"lines":{"total":125,"covered":0,"skipped":0,"pct":0},"functions":{"total":23,"covered":0,"skipped":0,"pct":0},"statements":{"total":133,"covered":0,"skipped":0,"pct":0},"branches":{"total":39,"covered":0,"skipped":0,"pct":0}}
,"C:\\Users\\stanl\\OneDrive\\Desktop\\zion-scroll-forge\\backend\\src\\services\\AICacheService.ts": {"lines":{"total":118,"covered":0,"skipped":0,"pct":0},"functions":{"total":15,"covered":0,"skipped":0,"pct":0},"statements":{"total":120,"covered":0,"skipped":0,"pct":0},"branches":{"total":14,"covered":0,"skipped":0,"pct":0}}
,"C:\\Users\\stanl\\OneDrive\\Desktop\\zion-scroll-forge\\backend\\src\\services\\AIContentDetectionService.ts": {"lines":{"total":146,"covered":0,"skipped":0,"pct":0},"functions":{"total":34,"covered":0,"skipped":0,"pct":0},"statements":{"total":163,"covered":0,"skipped":0,"pct":0},"branches":{"total":36,"covered":0,"skipped":0,"pct":0}}
,"C:\\Users\\stanl\\OneDrive\\Desktop\\zion-scroll-forge\\backend\\src\\services\\AIDataService.ts": {"lines":{"total":200,"covered":0,"skipped":0,"pct":0},"functions":{"total":35,"covered":0,"skipped":0,"pct":0},"statements":{"total":223,"covered":0,"skipped":0,"pct":0},"branches":{"total":70,"covered":0,"skipped":0,"pct":0}}
,"C:\\Users\\stanl\\OneDrive\\Desktop\\zion-scroll-forge\\backend\\src\\services\\AIGatewayService.ts": {"lines":{"total":185,"covered":0,"skipped":0,"pct":0},"functions":{"total":25,"covered":0,"skipped":0,"pct":0},"statements":{"total":190,"covered":0,"skipped":0,"pct":0},"branches":{"total":107,"covered":0,"skipped":0,"pct":0}}
,"C:\\Users\\stanl\\OneDrive\\Desktop\\zion-scroll-forge\\backend\\src\\services\\AIMonitoringService.ts": {"lines":{"total":151,"covered":0,"skipped":0,"pct":0},"functions":{"total":19,"covered":0,"skipped":0,"pct":0},"statements":{"total":158,"covered":0,"skipped":0,"pct":0},"branches":{"total":53,"covered":0,"skipped":0,"pct":0}}
,"C:\\Users\\stanl\\OneDrive\\Desktop\\zion-scroll-forge\\backend\\src\\services\\AIQualityService.ts": {"lines":{"total":144,"covered":0,"skipped":0,"pct":0},"functions":{"total":30,"covered":0,"skipped":0,"pct":0},"statements":{"total":164,"covered":0,"skipped":0,"pct":0},"branches":{"total":31,"covered":0,"skipped":0,"pct":0}}
,"C:\\Users\\stanl\\OneDrive\\Desktop\\zion-scroll-forge\\backend\\src\\services\\AITutorService.ts": {"lines":{"total":442,"covered":0,"skipped":0,"pct":0},"functions":{"total":54,"covered":0,"skipped":0,"pct":0},"statements":{"total":448,"covered":0,"skipped":0,"pct":0},"branches":{"total":189,"covered":0,"skipped":0,"pct":0}}
,"C:\\Users\\stanl\\OneDrive\\Desktop\\zion-scroll-forge\\backend\\src\\services\\AcademicAdvisorService.ts": {"lines":{"total":90,"covered":0,"skipped":0,"pct":0},"functions":{"total":12,"covered":0,"skipped":0,"pct":0},"statements":{"total":91,"covered":0,"skipped":0,"pct":0},"branches":{"total":35,"covered":0,"skipped":0,"pct":0}}
,"C:\\Users\\stanl\\OneDrive\\Desktop\\zion-scroll-forge\\backend\\src\\services\\AcademicToolsRBACService.ts": {"lines":{"total":136,"covered":0,"skipped":0,"pct":0},"functions":{"total":19,"covered":0,"skipped":0,"pct":0},"statements":{"total":142,"covered":0,"skipped":0,"pct":0},"branches":{"total":36,"covered":0,"skipped":0,"pct":0}}
,"C:\\Users\\stanl\\OneDrive\\Desktop\\zion-scroll-forge\\backend\\src\\services\\AccessibilityAIService.ts": {"lines":{"total":63,"covered":0,"skipped":0,"pct":0},"functions":{"total":8,"covered":0,"skipped":0,"pct":0},"statements":{"total":63,"covered":0,"skipped":0,"pct":0},"branches":{"total":22,"covered":0,"skipped":0,"pct":0}}
,"C:\\Users\\stanl\\OneDrive\\Desktop\\zion-scroll-forge\\backend\\src\\services\\AccommodationService.ts": {"lines":{"total":107,"covered":0,"skipped":0,"pct":0},"functions":{"total":16,"covered":0,"skipped":0,"pct":0},"statements":{"total":110,"covered":0,"skipped":0,"pct":0},"branches":{"total":30,"covered":0,"skipped":0,"pct":0}}
,"C:\\Users\\stanl\\OneDrive\\Desktop\\zion-scroll-forge\\backend\\src\\services\\AccountDeletionService.ts": {"lines":{"total":95,"covered":0,"skipped":0,"pct":0},"functions":{"total":7,"covered":0,"skipped":0,"pct":0},"statements":{"total":95,"covered":0,"skipped":0,"pct":0},"branches":{"total":12,"covered":0,"skipped":0,"pct":0}}
,"C:\\Users\\stanl\\OneDrive\\Desktop\\zion-scroll-forge\\backend\\src\\services\\AdaptiveContentDeliveryIntegrator.ts": {"lines":{"total":90,"covered":0,"skipped":0,"pct":0},"functions":{"total":11,"covered":0,"skipped":0,"pct":0},"statements":{"total":91,"covered":0,"skipped":0,"pct":0},"branches":{"total":36,"covered":0,"skipped":0,"pct":0}}
,"C:\\Users\\stanl\\OneDrive\\Desktop\\zion-scroll-forge\\backend\\src\\services\\AdmissionsAIService.ts": {"lines":{"total":75,"covered":0,"skipped":0,"pct":0},"functions":{"total":10,"covered":0,"skipped":0,"pct":0},"statements":{"total":78,"covered":0,"skipped":0,"pct":0},"branches":{"total":20,"covered":0,"skipped":0,"pct":0}}
,"C:\\Users\\stanl\\OneDrive\\Desktop\\zion-scroll-forge\\backend\\src\\services\\AdmissionsNotificationService.ts": {"lines":{"total":31,"covered":0,"skipped":0,"pct":0},"functions":{"total":6,"covered":0,"skipped":0,"pct":0},"statements":{"total":31,"covered":0,"skipped":0,"pct":0},"branches":{"total":4,"covered":0,"skipped":0,"pct":0}}
,"C:\\Users\\stanl\\OneDrive\\Desktop\\zion-scroll-forge\\backend\\src\\services\\AdmissionsService.ts": {"lines":{"total":165,"covered":5,"skipped":0,"pct":3.03},"functions":{"total":26,"covered":0,"skipped":0,"pct":0},"statements":{"total":178,"covered":5,"skipped":0,"pct":2.8},"branches":{"total":65,"covered":0,"skipped":0,"pct":0}}
,"C:\\Users\\stanl\\OneDrive\\Desktop\\zion-scroll-forge\\backend\\src\\services\\AdvancedCacheService.ts": {"lines":{"total":122,"covered":0,"skipped":0,"pct":0},"functions":{"total":20,"covered":0,"skipped":0,"pct":0},"statements":{"total":123,"covered":0,"skipped":0,"pct":0},"branches":{"total":33,"covered":0,"skipped":0,"pct":0}}
,"C:\\Users\\stanl\\OneDrive\\Desktop\\zion-scroll-forge\\backend\\src\\services\\AltTextGenerationService.ts": {"lines":{"total":68,"covered":0,"skipped":0,"pct":0},"functions":{"total":9,"covered":0,"skipped":0,"pct":0},"statements":{"total":69,"covered":0,"skipped":0,"pct":0},"branches":{"total":36,"covered":0,"skipped":0,"pct":0}}
,"C:\\Users\\stanl\\OneDrive\\Desktop\\zion-scroll-forge\\backend\\src\\services\\AlumniTransitionService.ts": {"lines":{"total":60,"covered":0,"skipped":0,"pct":0},"functions":{"total":10,"covered":0,"skipped":0,"pct":0},"statements":{"total":61,"covered":0,"skipped":0,"pct":0},"branches":{"total":2,"covered":0,"skipped":0,"pct":0}}
,"C:\\Users\\stanl\\OneDrive\\Desktop\\zion-scroll-forge\\backend\\src\\services\\AnalyticsDashboardService.ts": {"lines":{"total":201,"covered":0,"skipped":0,"pct":0},"functions":{"total":62,"covered":0,"skipped":0,"pct":0},"statements":{"total":224,"covered":0,"skipped":0,"pct":0},"branches":{"total":89,"covered":0,"skipped":0,"pct":0}}
,"C:\\Users\\stanl\\OneDrive\\Desktop\\zion-scroll-forge\\backend\\src\\services\\AppealGenerationService.ts": {"lines":{"total":60,"covered":0,"skipped":0,"pct":0},"functions":{"total":13,"covered":0,"skipped":0,"pct":0},"statements":{"total":63,"covered":0,"skipped":0,"pct":0},"branches":{"total":39,"covered":0,"skipped":0,"pct":0}}
,"C:\\Users\\stanl\\OneDrive\\Desktop\\zion-scroll-forge\\backend\\src\\services\\ApplicationFormBuilderService.ts": {"lines":{"total":61,"covered":0,"skipped":0,"pct":0},"functions":{"total":6,"covered":0,"skipped":0,"pct":0},"statements":{"total":62,"covered":0,"skipped":0,"pct":0},"branches":{"total":28,"covered":0,"skipped":0,"pct":0}}
,"C:\\Users\\stanl\\OneDrive\\Desktop\\zion-scroll-forge\\backend\\src\\services\\ArchitectureComparisonVisualizationService.ts": {"lines":{"total":33,"covered":0,"skipped":0,"pct":0},"functions":{"total":7,"covered":0,"skipped":0,"pct":0},"statements":{"total":33,"covered":0,"skipped":0,"pct":0},"branches":{"total":12,"covered":0,"skipped":0,"pct":0}}
,"C:\\Users\\stanl\\OneDrive\\Desktop\\zion-scroll-forge\\backend\\src\\services\\AssessmentDesignService.ts": {"lines":{"total":77,"covered":0,"skipped":0,"pct":0},"functions":{"total":25,"covered":0,"skipped":0,"pct":0},"statements":{"total":87,"covered":0,"skipped":0,"pct":0},"branches":{"total":47,"covered":0,"skipped":0,"pct":0}}
,"C:\\Users\\stanl\\OneDrive\\Desktop\\zion-scroll-forge\\backend\\src\\services\\AssignmentSubmissionService.ts": {"lines":{"total":116,"covered":0,"skipped":0,"pct":0},"functions":{"total":18,"covered":0,"skipped":0,"pct":0},"statements":{"total":125,"covered":0,"skipped":0,"pct":0},"branches":{"total":58,"covered":0,"skipped":0,"pct":0}}
,"C:\\Users\\stanl\\OneDrive\\Desktop\\zion-scroll-forge\\backend\\src\\services\\AuthService.ts": {"lines":{"total":110,"covered":0,"skipped":0,"pct":0},"functions":{"total":12,"covered":0,"skipped":0,"pct":0},"statements":{"total":110,"covered":0,"skipped":0,"pct":0},"branches":{"total":19,"covered":0,"skipped":0,"pct":0}}
,"C:\\Users\\stanl\\OneDrive\\Desktop\\zion-scroll-forge\\backend\\src\\services\\AutomatedFixService.ts": {"lines":{"total":160,"covered":0,"skipped":0,"pct":0},"functions":{"total":18,"covered":0,"skipped":0,"pct":0},"statements":{"total":163,"covered":0,"skipped":0,"pct":0},"branches":{"total":45,"covered":0,"skipped":0,"pct":0}}
,"C:\\Users\\stanl\\OneDrive\\Desktop\\zion-scroll-forge\\backend\\src\\services\\AvatarUploadService.ts": {"lines":{"total":60,"covered":0,"skipped":0,"pct":0},"functions":{"total":8,"covered":0,"skipped":0,"pct":0},"statements":{"total":60,"covered":0,"skipped":0,"pct":0},"branches":{"total":14,"covered":0,"skipped":0,"pct":0}}
,"C:\\Users\\stanl\\OneDrive\\Desktop\\zion-scroll-forge\\backend\\src\\services\\BackupRecoveryService.ts": {"lines":{"total":186,"covered":0,"skipped":0,"pct":0},"functions":{"total":23,"covered":0,"skipped":0,"pct":0},"statements":{"total":189,"covered":0,"skipped":0,"pct":0},"branches":{"total":20,"covered":0,"skipped":0,"pct":0}}
,"C:\\Users\\stanl\\OneDrive\\Desktop\\zion-scroll-forge\\backend\\src\\services\\BadgeMarketplaceService.ts": {"lines":{"total":142,"covered":0,"skipped":0,"pct":0},"functions":{"total":16,"covered":0,"skipped":0,"pct":0},"statements":{"total":143,"covered":0,"skipped":0,"pct":0},"branches":{"total":53,"covered":0,"skipped":0,"pct":0}}
,"C:\\Users\\stanl\\OneDrive\\Desktop\\zion-scroll-forge\\backend\\src\\services\\BadgeMetadataService.ts": {"lines":{"total":70,"covered":0,"skipped":0,"pct":0},"functions":{"total":10,"covered":0,"skipped":0,"pct":0},"statements":{"total":70,"covered":0,"skipped":0,"pct":0},"branches":{"total":16,"covered":0,"skipped":0,"pct":0}}
,"C:\\Users\\stanl\\OneDrive\\Desktop\\zion-scroll-forge\\backend\\src\\services\\BadgeMintingService.ts": {"lines":{"total":75,"covered":0,"skipped":0,"pct":0},"functions":{"total":9,"covered":0,"skipped":0,"pct":0},"statements":{"total":75,"covered":0,"skipped":0,"pct":0},"branches":{"total":21,"covered":0,"skipped":0,"pct":0}}
,"C:\\Users\\stanl\\OneDrive\\Desktop\\zion-scroll-forge\\backend\\src\\services\\BadgeProfileService.ts": {"lines":{"total":101,"covered":0,"skipped":0,"pct":0},"functions":{"total":22,"covered":0,"skipped":0,"pct":0},"statements":{"total":108,"covered":0,"skipped":0,"pct":0},"branches":{"total":26,"covered":0,"skipped":0,"pct":0}}
,"C:\\Users\\stanl\\OneDrive\\Desktop\\zion-scroll-forge\\backend\\src\\services\\BadgeVerificationService.ts": {"lines":{"total":110,"covered":0,"skipped":0,"pct":0},"functions":{"total":11,"covered":0,"skipped":0,"pct":0},"statements":{"total":110,"covered":0,"skipped":0,"pct":0},"branches":{"total":32,"covered":0,"skipped":0,"pct":0}}
,"C:\\Users\\stanl\\OneDrive\\Desktop\\zion-scroll-forge\\backend\\src\\services\\BatchProcessingService.ts": {"lines":{"total":145,"covered":0,"skipped":0,"pct":0},"functions":{"total":32,"covered":0,"skipped":0,"pct":0},"statements":{"total":151,"covered":0,"skipped":0,"pct":0},"branches":{"total":31,"covered":0,"skipped":0,"pct":0}}
,"C:\\Users\\stanl\\OneDrive\\Desktop\\zion-scroll-forge\\backend\\src\\services\\BlockchainCertificateService.ts": {"lines":{"total":137,"covered":0,"skipped":0,"pct":0},"functions":{"total":20,"covered":0,"skipped":0,"pct":0},"statements":{"total":137,"covered":0,"skipped":0,"pct":0},"branches":{"total":33,"covered":0,"skipped":0,"pct":0}}
,"C:\\Users\\stanl\\OneDrive\\Desktop\\zion-scroll-forge\\backend\\src\\services\\BlockchainIntegrationService.ts": {"lines":{"total":138,"covered":0,"skipped":0,"pct":0},"functions":{"total":14,"covered":0,"skipped":0,"pct":0},"statements":{"total":138,"covered":0,"skipped":0,"pct":0},"branches":{"total":53,"covered":0,"skipped":0,"pct":0}}
,"C:\\Users\\stanl\\OneDrive\\Desktop\\zion-scroll-forge\\backend\\src\\services\\BlockchainService-STANLEY.ts": {"lines":{"total":87,"covered":0,"skipped":0,"pct":0},"functions":{"total":12,"covered":0,"skipped":0,"pct":0},"statements":{"total":87,"covered":0,"skipped":0,"pct":0},"branches":{"total":14,"covered":0,"skipped":0,"pct":0}}
,"C:\\Users\\stanl\\OneDrive\\Desktop\\zion-scroll-forge\\backend\\src\\services\\BlockchainService.ts": {"lines":{"total":24,"covered":0,"skipped":0,"pct":0},"functions":{"total":6,"covered":0,"skipped":0,"pct":0},"statements":{"total":24,"covered":0,"skipped":0,"pct":0},"branches":{"total":1,"covered":0,"skipped":0,"pct":0}}
,"C:\\Users\\stanl\\OneDrive\\Desktop\\zion-scroll-forge\\backend\\src\\services\\BudgetControlService.ts": {"lines":{"total":166,"covered":0,"skipped":0,"pct":0},"functions":{"total":36,"covered":0,"skipped":0,"pct":0},"statements":{"total":173,"covered":0,"skipped":0,"pct":0},"branches":{"total":34,"covered":0,"skipped":0,"pct":0}}
,"C:\\Users\\stanl\\OneDrive\\Desktop\\zion-scroll-forge\\backend\\src\\services\\BugFeatureManagementService.ts": {"lines":{"total":104,"covered":0,"skipped":0,"pct":0},"functions":{"total":18,"covered":0,"skipped":0,"pct":0},"statements":{"total":111,"covered":0,"skipped":0,"pct":0},"branches":{"total":62,"covered":0,"skipped":0,"pct":0}}
,"C:\\Users\\stanl\\OneDrive\\Desktop\\zion-scroll-forge\\backend\\src\\services\\CDNIntegrationService.ts": {"lines":{"total":77,"covered":0,"skipped":0,"pct":0},"functions":{"total":11,"covered":0,"skipped":0,"pct":0},"statements":{"total":77,"covered":0,"skipped":0,"pct":0},"branches":{"total":33,"covered":0,"skipped":0,"pct":0}}
,"C:\\Users\\stanl\\OneDrive\\Desktop\\zion-scroll-forge\\backend\\src\\services\\CacheService.ts": {"lines":{"total":146,"covered":0,"skipped":0,"pct":0},"functions":{"total":40,"covered":0,"skipped":0,"pct":0},"statements":{"total":150,"covered":0,"skipped":0,"pct":0},"branches":{"total":39,"covered":0,"skipped":0,"pct":0}}
,"C:\\Users\\stanl\\OneDrive\\Desktop\\zion-scroll-forge\\backend\\src\\services\\CallingDiscernmentService.ts": {"lines":{"total":50,"covered":0,"skipped":0,"pct":0},"functions":{"total":12,"covered":0,"skipped":0,"pct":0},"statements":{"total":50,"covered":0,"skipped":0,"pct":0},"branches":{"total":45,"covered":0,"skipped":0,"pct":0}}
,"C:\\Users\\stanl\\OneDrive\\Desktop\\zion-scroll-forge\\backend\\src\\services\\CaptionGenerationService.ts": {"lines":{"total":89,"covered":0,"skipped":0,"pct":0},"functions":{"total":24,"covered":0,"skipped":0,"pct":0},"statements":{"total":92,"covered":0,"skipped":0,"pct":0},"branches":{"total":32,"covered":0,"skipped":0,"pct":0}}
,"C:\\Users\\stanl\\OneDrive\\Desktop\\zion-scroll-forge\\backend\\src\\services\\CareerAlignmentAnalysisService.ts": {"lines":{"total":96,"covered":0,"skipped":0,"pct":0},"functions":{"total":31,"covered":0,"skipped":0,"pct":0},"statements":{"total":102,"covered":0,"skipped":0,"pct":0},"branches":{"total":22,"covered":0,"skipped":0,"pct":0}}
,"C:\\Users\\stanl\\OneDrive\\Desktop\\zion-scroll-forge\\backend\\src\\services\\CareerAnalyticsService.ts": {"lines":{"total":59,"covered":0,"skipped":0,"pct":0},"functions":{"total":18,"covered":0,"skipped":0,"pct":0},"statements":{"total":63,"covered":0,"skipped":0,"pct":0},"branches":{"total":84,"covered":0,"skipped":0,"pct":0}}
,"C:\\Users\\stanl\\OneDrive\\Desktop\\zion-scroll-forge\\backend\\src\\services\\CareerMatchingService.ts": {"lines":{"total":99,"covered":0,"skipped":0,"pct":0},"functions":{"total":34,"covered":0,"skipped":0,"pct":0},"statements":{"total":106,"covered":0,"skipped":0,"pct":0},"branches":{"total":58,"covered":0,"skipped":0,"pct":0}}
,"C:\\Users\\stanl\\OneDrive\\Desktop\\zion-scroll-forge\\backend\\src\\services\\CareerServicesAIService.ts": {"lines":{"total":58,"covered":0,"skipped":0,"pct":0},"functions":{"total":10,"covered":0,"skipped":0,"pct":0},"statements":{"total":60,"covered":0,"skipped":0,"pct":0},"branches":{"total":1,"covered":0,"skipped":0,"pct":0}}
,"C:\\Users\\stanl\\OneDrive\\Desktop\\zion-scroll-forge\\backend\\src\\services\\CharacterFormationIntegrator.ts": {"lines":{"total":111,"covered":0,"skipped":0,"pct":0},"functions":{"total":27,"covered":0,"skipped":0,"pct":0},"statements":{"total":111,"covered":0,"skipped":0,"pct":0},"branches":{"total":59,"covered":0,"skipped":0,"pct":0}}
,"C:\\Users\\stanl\\OneDrive\\Desktop\\zion-scroll-forge\\backend\\src\\services\\ChatFileService.ts": {"lines":{"total":76,"covered":0,"skipped":0,"pct":0},"functions":{"total":11,"covered":0,"skipped":0,"pct":0},"statements":{"total":76,"covered":0,"skipped":0,"pct":0},"branches":{"total":8,"covered":0,"skipped":0,"pct":0}}
,"C:\\Users\\stanl\\OneDrive\\Desktop\\zion-scroll-forge\\backend\\src\\services\\ChatService.ts": {"lines":{"total":151,"covered":0,"skipped":0,"pct":0},"functions":{"total":15,"covered":0,"skipped":0,"pct":0},"statements":{"total":152,"covered":0,"skipped":0,"pct":0},"branches":{"total":50,"covered":0,"skipped":0,"pct":0}}
,"C:\\Users\\stanl\\OneDrive\\Desktop\\zion-scroll-forge\\backend\\src\\services\\CollaborativeDocumentService.ts": {"lines":{"total":101,"covered":0,"skipped":0,"pct":0},"functions":{"total":12,"covered":0,"skipped":0,"pct":0},"statements":{"total":101,"covered":0,"skipped":0,"pct":0},"branches":{"total":45,"covered":0,"skipped":0,"pct":0}}
,"C:\\Users\\stanl\\OneDrive\\Desktop\\zion-scroll-forge\\backend\\src\\services\\CollaborativeEditingService.ts": {"lines":{"total":161,"covered":0,"skipped":0,"pct":0},"functions":{"total":43,"covered":0,"skipped":0,"pct":0},"statements":{"total":168,"covered":0,"skipped":0,"pct":0},"branches":{"total":63,"covered":0,"skipped":0,"pct":0}}
,"C:\\Users\\stanl\\OneDrive\\Desktop\\zion-scroll-forge\\backend\\src\\services\\CollusionDetectionService.ts": {"lines":{"total":173,"covered":0,"skipped":0,"pct":0},"functions":{"total":31,"covered":0,"skipped":0,"pct":0},"statements":{"total":200,"covered":0,"skipped":0,"pct":0},"branches":{"total":50,"covered":0,"skipped":0,"pct":0}}
,"C:\\Users\\stanl\\OneDrive\\Desktop\\zion-scroll-forge\\backend\\src\\services\\CommentService.ts": {"lines":{"total":68,"covered":0,"skipped":0,"pct":0},"functions":{"total":10,"covered":0,"skipped":0,"pct":0},"statements":{"total":69,"covered":0,"skipped":0,"pct":0},"branches":{"total":33,"covered":0,"skipped":0,"pct":0}}
,"C:\\Users\\stanl\\OneDrive\\Desktop\\zion-scroll-forge\\backend\\src\\services\\CommunityService.ts": {"lines":{"total":154,"covered":0,"skipped":0,"pct":0},"functions":{"total":14,"covered":0,"skipped":0,"pct":0},"statements":{"total":156,"covered":0,"skipped":0,"pct":0},"branches":{"total":80,"covered":0,"skipped":0,"pct":0}}
,"C:\\Users\\stanl\\OneDrive\\Desktop\\zion-scroll-forge\\backend\\src\\services\\CompetitiveAnalysisEngine.ts": {"lines":{"total":24,"covered":0,"skipped":0,"pct":0},"functions":{"total":6,"covered":0,"skipped":0,"pct":0},"statements":{"total":24,"covered":0,"skipped":0,"pct":0},"branches":{"total":2,"covered":0,"skipped":0,"pct":0}}
,"C:\\Users\\stanl\\OneDrive\\Desktop\\zion-scroll-forge\\backend\\src\\services\\ComplianceCheckingService.ts": {"lines":{"total":173,"covered":0,"skipped":0,"pct":0},"functions":{"total":30,"covered":0,"skipped":0,"pct":0},"statements":{"total":191,"covered":0,"skipped":0,"pct":0},"branches":{"total":72,"covered":0,"skipped":0,"pct":0}}
,"C:\\Users\\stanl\\OneDrive\\Desktop\\zion-scroll-forge\\backend\\src\\services\\ComprehensiveCourseGenerator.ts": {"lines":{"total":135,"covered":0,"skipped":0,"pct":0},"functions":{"total":21,"covered":0,"skipped":0,"pct":0},"statements":{"total":144,"covered":0,"skipped":0,"pct":0},"branches":{"total":75,"covered":0,"skipped":0,"pct":0}}
,"C:\\Users\\stanl\\OneDrive\\Desktop\\zion-scroll-forge\\backend\\src\\services\\ConflictResolutionService.ts": {"lines":{"total":84,"covered":0,"skipped":0,"pct":0},"functions":{"total":27,"covered":0,"skipped":0,"pct":0},"statements":{"total":86,"covered":0,"skipped":0,"pct":0},"branches":{"total":18,"covered":0,"skipped":0,"pct":0}}
,"C:\\Users\\stanl\\OneDrive\\Desktop\\zion-scroll-forge\\backend\\src\\services\\ContentArchivalService.ts": {"lines":{"total":119,"covered":0,"skipped":0,"pct":0},"functions":{"total":11,"covered":0,"skipped":0,"pct":0},"statements":{"total":119,"covered":0,"skipped":0,"pct":0},"branches":{"total":27,"covered":0,"skipped":0,"pct":0}}
,"C:\\Users\\stanl\\OneDrive\\Desktop\\zion-scroll-forge\\backend\\src\\services\\ContentChangeTracker.ts": {"lines":{"total":141,"covered":0,"skipped":0,"pct":0},"functions":{"total":45,"covered":0,"skipped":0,"pct":0},"statements":{"total":165,"covered":0,"skipped":0,"pct":0},"branches":{"total":62,"covered":0,"skipped":0,"pct":0}}
,"C:\\Users\\stanl\\OneDrive\\Desktop\\zion-scroll-forge\\backend\\src\\services\\ContentCoherenceChecker.ts": {"lines":{"total":193,"covered":0,"skipped":0,"pct":0},"functions":{"total":35,"covered":0,"skipped":0,"pct":0},"statements":{"total":213,"covered":0,"skipped":0,"pct":0},"branches":{"total":92,"covered":0,"skipped":0,"pct":0}}
,"C:\\Users\\stanl\\OneDrive\\Desktop\\zion-scroll-forge\\backend\\src\\services\\ContentConsistencyChecker.ts": {"lines":{"total":116,"covered":0,"skipped":0,"pct":0},"functions":{"total":24,"covered":0,"skipped":0,"pct":0},"statements":{"total":121,"covered":0,"skipped":0,"pct":0},"branches":{"total":22,"covered":0,"skipped":0,"pct":0}}
,"C:\\Users\\stanl\\OneDrive\\Desktop\\zion-scroll-forge\\backend\\src\\services\\ContentCreationProductionIntegration.ts": {"lines":{"total":155,"covered":0,"skipped":0,"pct":0},"functions":{"total":32,"covered":0,"skipped":0,"pct":0},"statements":{"total":163,"covered":0,"skipped":0,"pct":0},"branches":{"total":56,"covered":0,"skipped":0,"pct":0}}
,"C:\\Users\\stanl\\OneDrive\\Desktop\\zion-scroll-forge\\backend\\src\\services\\ContentCreationService.ts": {"lines":{"total":188,"covered":0,"skipped":0,"pct":0},"functions":{"total":46,"covered":0,"skipped":0,"pct":0},"statements":{"total":197,"covered":0,"skipped":0,"pct":0},"branches":{"total":102,"covered":0,"skipped":0,"pct":0}}
,"C:\\Users\\stanl\\OneDrive\\Desktop\\zion-scroll-forge\\backend\\src\\services\\ContentDistributionManager.ts": {"lines":{"total":138,"covered":0,"skipped":0,"pct":0},"functions":{"total":19,"covered":0,"skipped":0,"pct":0},"statements":{"total":140,"covered":0,"skipped":0,"pct":0},"branches":{"total":26,"covered":0,"skipped":0,"pct":0}}
,"C:\\Users\\stanl\\OneDrive\\Desktop\\zion-scroll-forge\\backend\\src\\services\\ContentEffectivenessEvaluator.ts": {"lines":{"total":203,"covered":0,"skipped":0,"pct":0},"functions":{"total":73,"covered":0,"skipped":0,"pct":0},"statements":{"total":226,"covered":0,"skipped":0,"pct":0},"branches":{"total":77,"covered":0,"skipped":0,"pct":0}}
,"C:\\Users\\stanl\\OneDrive\\Desktop\\zion-scroll-forge\\backend\\src\\services\\ContentEngagementTracker.ts": {"lines":{"total":183,"covered":0,"skipped":0,"pct":0},"functions":{"total":57,"covered":0,"skipped":0,"pct":0},"statements":{"total":210,"covered":0,"skipped":0,"pct":0},"branches":{"total":88,"covered":0,"skipped":0,"pct":0}}
,"C:\\Users\\stanl\\OneDrive\\Desktop\\zion-scroll-forge\\backend\\src\\services\\ContentLibraryManager.ts": {"lines":{"total":183,"covered":0,"skipped":0,"pct":0},"functions":{"total":35,"covered":0,"skipped":0,"pct":0},"statements":{"total":195,"covered":0,"skipped":0,"pct":0},"branches":{"total":100,"covered":0,"skipped":0,"pct":0}}
,"C:\\Users\\stanl\\OneDrive\\Desktop\\zion-scroll-forge\\backend\\src\\services\\ContentLifecycleManager.ts": {"lines":{"total":111,"covered":0,"skipped":0,"pct":0},"functions":{"total":14,"covered":0,"skipped":0,"pct":0},"statements":{"total":111,"covered":0,"skipped":0,"pct":0},"branches":{"total":21,"covered":0,"skipped":0,"pct":0}}
,"C:\\Users\\stanl\\OneDrive\\Desktop\\zion-scroll-forge\\backend\\src\\services\\ContentModerationService.ts": {"lines":{"total":74,"covered":0,"skipped":0,"pct":0},"functions":{"total":6,"covered":0,"skipped":0,"pct":0},"statements":{"total":74,"covered":0,"skipped":0,"pct":0},"branches":{"total":36,"covered":0,"skipped":0,"pct":0}}
,"C:\\Users\\stanl\\OneDrive\\Desktop\\zion-scroll-forge\\backend\\src\\services\\ContentOptimizationRecommender.ts": {"lines":{"total":77,"covered":0,"skipped":0,"pct":0},"functions":{"total":20,"covered":0,"skipped":0,"pct":0},"statements":{"total":80,"covered":0,"skipped":0,"pct":0},"branches":{"total":27,"covered":0,"skipped":0,"pct":0}}
,"C:\\Users\\stanl\\OneDrive\\Desktop\\zion-scroll-forge\\backend\\src\\services\\ContentPerformanceIntegrator.ts": {"lines":{"total":150,"covered":0,"skipped":0,"pct":0},"functions":{"total":39,"covered":0,"skipped":0,"pct":0},"statements":{"total":164,"covered":0,"skipped":0,"pct":0},"branches":{"total":45,"covered":0,"skipped":0,"pct":0}}
,"C:\\Users\\stanl\\OneDrive\\Desktop\\zion-scroll-forge\\backend\\src\\services\\ContentPersonalizationEngine.ts": {"lines":{"total":127,"covered":0,"skipped":0,"pct":0},"functions":{"total":22,"covered":0,"skipped":0,"pct":0},"statements":{"total":127,"covered":0,"skipped":0,"pct":0},"branches":{"total":30,"covered":0,"skipped":0,"pct":0}}
,"C:\\Users\\stanl\\OneDrive\\Desktop\\zion-scroll-forge\\backend\\src\\services\\ContentPriorityManager.ts": {"lines":{"total":122,"covered":0,"skipped":0,"pct":0},"functions":{"total":16,"covered":0,"skipped":0,"pct":0},"statements":{"total":132,"covered":0,"skipped":0,"pct":0},"branches":{"total":64,"covered":0,"skipped":0,"pct":0}}
,"C:\\Users\\stanl\\OneDrive\\Desktop\\zion-scroll-forge\\backend\\src\\services\\ContentQualityIntegrator.ts": {"lines":{"total":77,"covered":0,"skipped":0,"pct":0},"functions":{"total":15,"covered":0,"skipped":0,"pct":0},"statements":{"total":77,"covered":0,"skipped":0,"pct":0},"branches":{"total":24,"covered":0,"skipped":0,"pct":0}}
,"C:\\Users\\stanl\\OneDrive\\Desktop\\zion-scroll-forge\\backend\\src\\services\\ContentQualityValidator.ts": {"lines":{"total":138,"covered":0,"skipped":0,"pct":0},"functions":{"total":23,"covered":0,"skipped":0,"pct":0},"statements":{"total":142,"covered":0,"skipped":0,"pct":0},"branches":{"total":50,"covered":0,"skipped":0,"pct":0}}
,"C:\\Users\\stanl\\OneDrive\\Desktop\\zion-scroll-forge\\backend\\src\\services\\ContentRelationshipManager.ts": {"lines":{"total":167,"covered":0,"skipped":0,"pct":0},"functions":{"total":29,"covered":0,"skipped":0,"pct":0},"statements":{"total":178,"covered":0,"skipped":0,"pct":0},"branches":{"total":41,"covered":0,"skipped":0,"pct":0}}
,"C:\\Users\\stanl\\OneDrive\\Desktop\\zion-scroll-forge\\backend\\src\\services\\ContentScanningService.ts": {"lines":{"total":83,"covered":0,"skipped":0,"pct":0},"functions":{"total":14,"covered":0,"skipped":0,"pct":0},"statements":{"total":84,"covered":0,"skipped":0,"pct":0},"branches":{"total":34,"covered":0,"skipped":0,"pct":0}}
,"C:\\Users\\stanl\\OneDrive\\Desktop\\zion-scroll-forge\\backend\\src\\services\\ContentSearchService.ts": {"lines":{"total":157,"covered":0,"skipped":0,"pct":0},"functions":{"total":25,"covered":0,"skipped":0,"pct":0},"statements":{"total":161,"covered":0,"skipped":0,"pct":0},"branches":{"total":70,"covered":0,"skipped":0,"pct":0}}
,"C:\\Users\\stanl\\OneDrive\\Desktop\\zion-scroll-forge\\backend\\src\\services\\ContentTaxonomyService.ts": {"lines":{"total":150,"covered":0,"skipped":0,"pct":0},"functions":{"total":20,"covered":0,"skipped":0,"pct":0},"statements":{"total":152,"covered":0,"skipped":0,"pct":0},"branches":{"total":29,"covered":0,"skipped":0,"pct":0}}
,"C:\\Users\\stanl\\OneDrive\\Desktop\\zion-scroll-forge\\backend\\src\\services\\ContentVersionControl.ts": {"lines":{"total":123,"covered":0,"skipped":0,"pct":0},"functions":{"total":28,"covered":0,"skipped":0,"pct":0},"statements":{"total":136,"covered":0,"skipped":0,"pct":0},"branches":{"total":78,"covered":0,"skipped":0,"pct":0}}
,"C:\\Users\\stanl\\OneDrive\\Desktop\\zion-scroll-forge\\backend\\src\\services\\ContentVersionCoordinator.ts": {"lines":{"total":132,"covered":0,"skipped":0,"pct":0},"functions":{"total":24,"covered":0,"skipped":0,"pct":0},"statements":{"total":144,"covered":0,"skipped":0,"pct":0},"branches":{"total":47,"covered":0,"skipped":0,"pct":0}}
,"C:\\Users\\stanl\\OneDrive\\Desktop\\zion-scroll-forge\\backend\\src\\services\\ContentVersioningIntegrator.ts": {"lines":{"total":105,"covered":0,"skipped":0,"pct":0},"functions":{"total":22,"covered":0,"skipped":0,"pct":0},"statements":{"total":109,"covered":0,"skipped":0,"pct":0},"branches":{"total":49,"covered":0,"skipped":0,"pct":0}}
,"C:\\Users\\stanl\\OneDrive\\Desktop\\zion-scroll-forge\\backend\\src\\services\\ContinuousOptimizationWorkflow.ts": {"lines":{"total":132,"covered":0,"skipped":0,"pct":0},"functions":{"total":20,"covered":0,"skipped":0,"pct":0},"statements":{"total":137,"covered":0,"skipped":0,"pct":0},"branches":{"total":39,"covered":0,"skipped":0,"pct":0}}
,"C:\\Users\\stanl\\OneDrive\\Desktop\\zion-scroll-forge\\backend\\src\\services\\ConversationService.ts": {"lines":{"total":102,"covered":0,"skipped":0,"pct":0},"functions":{"total":16,"covered":0,"skipped":0,"pct":0},"statements":{"total":105,"covered":0,"skipped":0,"pct":0},"branches":{"total":39,"covered":0,"skipped":0,"pct":0}}
,"C:\\Users\\stanl\\OneDrive\\Desktop\\zion-scroll-forge\\backend\\src\\services\\CostOptimizationService.ts": {"lines":{"total":82,"covered":0,"skipped":0,"pct":0},"functions":{"total":12,"covered":0,"skipped":0,"pct":0},"statements":{"total":83,"covered":0,"skipped":0,"pct":0},"branches":{"total":19,"covered":0,"skipped":0,"pct":0}}
,"C:\\Users\\stanl\\OneDrive\\Desktop\\zion-scroll-forge\\backend\\src\\services\\CourseBudgetService.ts": {"lines":{"total":151,"covered":0,"skipped":0,"pct":0},"functions":{"total":32,"covered":0,"skipped":0,"pct":0},"statements":{"total":164,"covered":0,"skipped":0,"pct":0},"branches":{"total":43,"covered":0,"skipped":0,"pct":0}}
,"C:\\Users\\stanl\\OneDrive\\Desktop\\zion-scroll-forge\\backend\\src\\services\\CourseConstitutionValidatorService.ts": {"lines":{"total":275,"covered":0,"skipped":0,"pct":0},"functions":{"total":35,"covered":0,"skipped":0,"pct":0},"statements":{"total":282,"covered":0,"skipped":0,"pct":0},"branches":{"total":171,"covered":0,"skipped":0,"pct":0}}
,"C:\\Users\\stanl\\OneDrive\\Desktop\\zion-scroll-forge\\backend\\src\\services\\CourseContentManagementService.ts": {"lines":{"total":293,"covered":0,"skipped":0,"pct":0},"functions":{"total":36,"covered":0,"skipped":0,"pct":0},"statements":{"total":305,"covered":0,"skipped":0,"pct":0},"branches":{"total":96,"covered":0,"skipped":0,"pct":0}}
,"C:\\Users\\stanl\\OneDrive\\Desktop\\zion-scroll-forge\\backend\\src\\services\\CourseDeliveryCoordinator.ts": {"lines":{"total":131,"covered":0,"skipped":0,"pct":0},"functions":{"total":22,"covered":0,"skipped":0,"pct":0},"statements":{"total":138,"covered":0,"skipped":0,"pct":0},"branches":{"total":54,"covered":0,"skipped":0,"pct":0}}
,"C:\\Users\\stanl\\OneDrive\\Desktop\\zion-scroll-forge\\backend\\src\\services\\CourseImprovementService.ts": {"lines":{"total":149,"covered":0,"skipped":0,"pct":0},"functions":{"total":19,"covered":0,"skipped":0,"pct":0},"statements":{"total":155,"covered":0,"skipped":0,"pct":0},"branches":{"total":71,"covered":0,"skipped":0,"pct":0}}
,"C:\\Users\\stanl\\OneDrive\\Desktop\\zion-scroll-forge\\backend\\src\\services\\CourseOfferingService.ts": {"lines":{"total":130,"covered":0,"skipped":0,"pct":0},"functions":{"total":24,"covered":0,"skipped":0,"pct":0},"statements":{"total":143,"covered":0,"skipped":0,"pct":0},"branches":{"total":40,"covered":0,"skipped":0,"pct":0}}
,"C:\\Users\\stanl\\OneDrive\\Desktop\\zion-scroll-forge\\backend\\src\\services\\CourseQualityService.ts": {"lines":{"total":202,"covered":0,"skipped":0,"pct":0},"functions":{"total":49,"covered":0,"skipped":0,"pct":0},"statements":{"total":213,"covered":0,"skipped":0,"pct":0},"branches":{"total":77,"covered":0,"skipped":0,"pct":0}}
,"C:\\Users\\stanl\\OneDrive\\Desktop\\zion-scroll-forge\\backend\\src\\services\\CourseRecommendationEngineService.ts": {"lines":{"total":122,"covered":0,"skipped":0,"pct":0},"functions":{"total":25,"covered":0,"skipped":0,"pct":0},"statements":{"total":124,"covered":0,"skipped":0,"pct":0},"branches":{"total":60,"covered":0,"skipped":0,"pct":0}}
,"C:\\Users\\stanl\\OneDrive\\Desktop\\zion-scroll-forge\\backend\\src\\services\\CourseRecommendationService.ts": {"lines":{"total":32,"covered":0,"skipped":0,"pct":0},"functions":{"total":7,"covered":0,"skipped":0,"pct":0},"statements":{"total":32,"covered":0,"skipped":0,"pct":0},"branches":{"total":4,"covered":0,"skipped":0,"pct":0}}
,"C:\\Users\\stanl\\OneDrive\\Desktop\\zion-scroll-forge\\backend\\src\\services\\CourseSequencingService.ts": {"lines":{"total":185,"covered":0,"skipped":0,"pct":0},"functions":{"total":39,"covered":0,"skipped":0,"pct":0},"statements":{"total":199,"covered":0,"skipped":0,"pct":0},"branches":{"total":36,"covered":0,"skipped":0,"pct":0}}
,"C:\\Users\\stanl\\OneDrive\\Desktop\\zion-scroll-forge\\backend\\src\\services\\CourseService.ts": {"lines":{"total":148,"covered":0,"skipped":0,"pct":0},"functions":{"total":20,"covered":0,"skipped":0,"pct":0},"statements":{"total":152,"covered":0,"skipped":0,"pct":0},"branches":{"total":78,"covered":0,"skipped":0,"pct":0}}
,"C:\\Users\\stanl\\OneDrive\\Desktop\\zion-scroll-forge\\backend\\src\\services\\CourseWorkflowService.ts": {"lines":{"total":159,"covered":0,"skipped":0,"pct":0},"functions":{"total":29,"covered":0,"skipped":0,"pct":0},"statements":{"total":171,"covered":0,"skipped":0,"pct":0},"branches":{"total":79,"covered":0,"skipped":0,"pct":0}}
,"C:\\Users\\stanl\\OneDrive\\Desktop\\zion-scroll-forge\\backend\\src\\services\\CrossCulturalConsistencyChecker.ts": {"lines":{"total":141,"covered":0,"skipped":0,"pct":0},"functions":{"total":61,"covered":0,"skipped":0,"pct":0},"statements":{"total":162,"covered":0,"skipped":0,"pct":0},"branches":{"total":25,"covered":0,"skipped":0,"pct":0}}
,"C:\\Users\\stanl\\OneDrive\\Desktop\\zion-scroll-forge\\backend\\src\\services\\CulturalVariantManager.ts": {"lines":{"total":124,"covered":0,"skipped":0,"pct":0},"functions":{"total":31,"covered":0,"skipped":0,"pct":0},"statements":{"total":135,"covered":0,"skipped":0,"pct":0},"branches":{"total":30,"covered":0,"skipped":0,"pct":0}}
,"C:\\Users\\stanl\\OneDrive\\Desktop\\zion-scroll-forge\\backend\\src\\services\\CurriculumIntegrationService.ts": {"lines":{"total":121,"covered":0,"skipped":0,"pct":0},"functions":{"total":20,"covered":0,"skipped":0,"pct":0},"statements":{"total":128,"covered":0,"skipped":0,"pct":0},"branches":{"total":44,"covered":0,"skipped":0,"pct":0}}
,"C:\\Users\\stanl\\OneDrive\\Desktop\\zion-scroll-forge\\backend\\src\\services\\DailyDevotionService.ts": {"lines":{"total":101,"covered":0,"skipped":0,"pct":0},"functions":{"total":15,"covered":0,"skipped":0,"pct":0},"statements":{"total":102,"covered":0,"skipped":0,"pct":0},"branches":{"total":17,"covered":0,"skipped":0,"pct":0}}
,"C:\\Users\\stanl\\OneDrive\\Desktop\\zion-scroll-forge\\backend\\src\\services\\DataAggregationService.ts": {"lines":{"total":151,"covered":0,"skipped":0,"pct":0},"functions":{"total":24,"covered":0,"skipped":0,"pct":0},"statements":{"total":153,"covered":0,"skipped":0,"pct":0},"branches":{"total":38,"covered":0,"skipped":0,"pct":0}}
,"C:\\Users\\stanl\\OneDrive\\Desktop\\zion-scroll-forge\\backend\\src\\services\\DataExportService.ts": {"lines":{"total":97,"covered":0,"skipped":0,"pct":0},"functions":{"total":11,"covered":0,"skipped":0,"pct":0},"statements":{"total":97,"covered":0,"skipped":0,"pct":0},"branches":{"total":15,"covered":0,"skipped":0,"pct":0}}
,"C:\\Users\\stanl\\OneDrive\\Desktop\\zion-scroll-forge\\backend\\src\\services\\DecisionManagementService.ts": {"lines":{"total":37,"covered":0,"skipped":0,"pct":0},"functions":{"total":5,"covered":0,"skipped":0,"pct":0},"statements":{"total":37,"covered":0,"skipped":0,"pct":0},"branches":{"total":37,"covered":0,"skipped":0,"pct":0}}
,"C:\\Users\\stanl\\OneDrive\\Desktop\\zion-scroll-forge\\backend\\src\\services\\DegreeAuditService.ts": {"lines":{"total":110,"covered":0,"skipped":0,"pct":0},"functions":{"total":17,"covered":0,"skipped":0,"pct":0},"statements":{"total":124,"covered":0,"skipped":0,"pct":0},"branches":{"total":56,"covered":0,"skipped":0,"pct":0}}
,"C:\\Users\\stanl\\OneDrive\\Desktop\\zion-scroll-forge\\backend\\src\\services\\DegreeGraduationService.ts": {"lines":{"total":76,"covered":0,"skipped":0,"pct":0},"functions":{"total":12,"covered":0,"skipped":0,"pct":0},"statements":{"total":76,"covered":0,"skipped":0,"pct":0},"branches":{"total":1,"covered":0,"skipped":0,"pct":0}}
,"C:\\Users\\stanl\\OneDrive\\Desktop\\zion-scroll-forge\\backend\\src\\services\\DegreePlanGenerationService.ts": {"lines":{"total":127,"covered":0,"skipped":0,"pct":0},"functions":{"total":34,"covered":0,"skipped":0,"pct":0},"statements":{"total":137,"covered":0,"skipped":0,"pct":0},"branches":{"total":38,"covered":0,"skipped":0,"pct":0}}
,"C:\\Users\\stanl\\OneDrive\\Desktop\\zion-scroll-forge\\backend\\src\\services\\DegreeProgramService.ts": {"lines":{"total":76,"covered":0,"skipped":0,"pct":0},"functions":{"total":11,"covered":0,"skipped":0,"pct":0},"statements":{"total":77,"covered":0,"skipped":0,"pct":0},"branches":{"total":43,"covered":0,"skipped":0,"pct":0}}
,"C:\\Users\\stanl\\OneDrive\\Desktop\\zion-scroll-forge\\backend\\src\\services\\DeploymentOrchestrationService.ts": {"lines":{"total":117,"covered":0,"skipped":0,"pct":0},"functions":{"total":28,"covered":0,"skipped":0,"pct":0},"statements":{"total":122,"covered":0,"skipped":0,"pct":0},"branches":{"total":24,"covered":0,"skipped":0,"pct":0}}
,"C:\\Users\\stanl\\OneDrive\\Desktop\\zion-scroll-forge\\backend\\src\\services\\DepthRigorEnforcerService.ts": {"lines":{"total":245,"covered":0,"skipped":0,"pct":0},"functions":{"total":56,"covered":0,"skipped":0,"pct":0},"statements":{"total":269,"covered":0,"skipped":0,"pct":0},"branches":{"total":89,"covered":0,"skipped":0,"pct":0}}
,"C:\\Users\\stanl\\OneDrive\\Desktop\\zion-scroll-forge\\backend\\src\\services\\DevotionAudioService.ts": {"lines":{"total":83,"covered":0,"skipped":0,"pct":0},"functions":{"total":14,"covered":0,"skipped":0,"pct":0},"statements":{"total":83,"covered":0,"skipped":0,"pct":0},"branches":{"total":15,"covered":0,"skipped":0,"pct":0}}
,"C:\\Users\\stanl\\OneDrive\\Desktop\\zion-scroll-forge\\backend\\src\\services\\DevotionContentManagementService.ts": {"lines":{"total":100,"covered":0,"skipped":0,"pct":0},"functions":{"total":12,"covered":0,"skipped":0,"pct":0},"statements":{"total":100,"covered":0,"skipped":0,"pct":0},"branches":{"total":46,"covered":0,"skipped":0,"pct":0}}
,"C:\\Users\\stanl\\OneDrive\\Desktop\\zion-scroll-forge\\backend\\src\\services\\DevotionRecommendationService.ts": {"lines":{"total":92,"covered":0,"skipped":0,"pct":0},"functions":{"total":24,"covered":0,"skipped":0,"pct":0},"statements":{"total":100,"covered":0,"skipped":0,"pct":0},"branches":{"total":45,"covered":0,"skipped":0,"pct":0}}
,"C:\\Users\\stanl\\OneDrive\\Desktop\\zion-scroll-forge\\backend\\src\\services\\DifficultyAdaptationService.ts": {"lines":{"total":108,"covered":0,"skipped":0,"pct":0},"functions":{"total":17,"covered":0,"skipped":0,"pct":0},"statements":{"total":108,"covered":0,"skipped":0,"pct":0},"branches":{"total":45,"covered":0,"skipped":0,"pct":0}}
,"C:\\Users\\stanl\\OneDrive\\Desktop\\zion-scroll-forge\\backend\\src\\services\\DiplomaGenerationService.ts": {"lines":{"total":76,"covered":0,"skipped":0,"pct":0},"functions":{"total":8,"covered":0,"skipped":0,"pct":0},"statements":{"total":76,"covered":0,"skipped":0,"pct":0},"branches":{"total":20,"covered":0,"skipped":0,"pct":0}}
[...]
,"C:\\Users\\stanl\\OneDrive\\Desktop\\zion-scroll-forge\\backend\\src\\services\\admissions\\InterviewEvaluator.ts": {"lines":{"total":149,"covered":0,"skipped":0,"pct":0},"functions":{"total":28,"covered":0,"skipped":0,"pct":0},"statements":{"total":153,"covered":0,"skipped":0,"pct":0},"branches":{"total":44,"covered":0,"skipped":0,"pct":0}}
,"C:\\Users\\stanl\\OneDrive\\Desktop\\zion-scroll-forge\\backend\\src\\services\\admissions\\InterviewFormatSelector.ts": {"lines":{"total":161,"covered":0,"skipped":0,"pct":0},"functions":{"total":19,"covered":0,"skipped":0,"pct":0},"statements":{"total":163,"covered":0,"skipped":0,"pct":0},"branches":{"total":43,"covered":0,"skipped":0,"pct":0}}
,"C:\\Users\\stanl\\OneDrive\\Desktop\\zion-scroll-forge\\backend\\src\\services\\admissions\\InterviewReminderManager.ts": {"lines":{"total":134,"covered":0,"skipped":0,"pct":0},"functions":{"total":24,"covered":0,"skipped":0,"pct":0},"statements":{"total":134,"covered":0,"skipped":0,"pct":0},"branches":{"total":41,"covered":0,"skipped":0,"pct":0}}
,"C:\\Users\\stanl\\OneDrive\\Desktop\\zion-scroll-forge\\backend\\src\\services\\admissions\\InterviewScheduler.ts": {"lines":{"total":73,"covered":0,"skipped":0,"pct":0},"functions":{"total":13,"covered":0,"skipped":0,"pct":0},"statements":{"total":75,"covered":0,"skipped":0,"pct":0},"branches":{"total":25,"covered":0,"skipped":0,"pct":0}}
,"C:\\Users\\stanl\\OneDrive\\Desktop\\zion-scroll-forge\\backend\\src\\services\\admissions\\InterviewerMatcher.ts": {"lines":{"total":118,"covered":0,"skipped":0,"pct":0},"functions":{"total":20,"covered":0,"skipped":0,"pct":0},"statements":{"total":141,"covered":0,"skipped":0,"pct":0},"branches":{"total":54,"covered":0,"skipped":0,"pct":0}}
,"C:\\Users\\stanl\\OneDrive\\Desktop\\zion-scroll-forge\\backend\\src\\services\\admissions\\LanguageProficiencyValidator.ts": {"lines":{"total":130,"covered":0,"skipped":0,"pct":0},"functions":{"total":21,"covered":0,"skipped":0,"pct":0},"statements":{"total":137,"covered":0,"skipped":0,"pct":0},"branches":{"total":52,"covered":0,"skipped":0,"pct":0}}
,"C:\\Users\\stanl\\OneDrive\\Desktop\\zion-scroll-forge\\backend\\src\\services\\admissions\\LocalizedAssessmentService.ts": {"lines":{"total":83,"covered":0,"skipped":0,"pct":0},"functions":{"total":27,"covered":0,"skipped":0,"pct":0},"statements":{"total":84,"covered":0,"skipped":0,"pct":0},"branches":{"total":13,"covered":0,"skipped":0,"pct":0}}
,"C:\\Users\\stanl\\OneDrive\\Desktop\\zion-scroll-forge\\backend\\src\\services\\admissions\\MinistryExperienceValidator.ts": {"lines":{"total":269,"covered":0,"skipped":0,"pct":0},"functions":{"total":48,"covered":0,"skipped":0,"pct":0},"statements":{"total":296,"covered":0,"skipped":0,"pct":0},"branches":{"total":161,"covered":0,"skipped":0,"pct":0}}
,"C:\\Users\\stanl\\OneDrive\\Desktop\\zion-scroll-forge\\backend\\src\\services\\admissions\\NotificationManager.ts": {"lines":{"total":88,"covered":0,"skipped":0,"pct":0},"functions":{"total":20,"covered":0,"skipped":0,"pct":0},"statements":{"total":88,"covered":0,"skipped":0,"pct":0},"branches":{"total":16,"covered":0,"skipped":0,"pct":0}}
,"C:\\Users\\stanl\\OneDrive\\Desktop\\zion-scroll-forge\\backend\\src\\services\\admissions\\PerformanceTrackingService.ts": {"lines":{"total":139,"covered":0,"skipped":0,"pct":0},"functions":{"total":31,"covered":0,"skipped":0,"pct":0},"statements":{"total":157,"covered":0,"skipped":0,"pct":0},"branches":{"total":38,"covered":0,"skipped":0,"pct":0}}
,"C:\\Users\\stanl\\OneDrive\\Desktop\\zion-scroll-forge\\backend\\src\\services\\admissions\\PotentialAnalyzer.ts": {"lines":{"total":245,"covered":0,"skipped":0,"pct":0},"functions":{"total":53,"covered":0,"skipped":0,"pct":0},"statements":{"total":282,"covered":0,"skipped":0,"pct":0},"branches":{"total":112,"covered":0,"skipped":0,"pct":0}}
,"C:\\Users\\stanl\\OneDrive\\Desktop\\zion-scroll-forge\\backend\\src\\services\\admissions\\PredictiveAnalyticsService.ts": {"lines":{"total":304,"covered":0,"skipped":0,"pct":0},"functions":{"total":87,"covered":0,"skipped":0,"pct":0},"statements":{"total":325,"covered":0,"skipped":0,"pct":0},"branches":{"total":75,"covered":0,"skipped":0,"pct":0}}
,"C:\\Users\\stanl\\OneDrive\\Desktop\\zion-scroll-forge\\backend\\src\\services\\admissions\\PropheticInputIntegrator.ts": {"lines":{"total":209,"covered":0,"skipped":0,"pct":0},"functions":{"total":46,"covered":0,"skipped":0,"pct":0},"statements":{"total":215,"covered":0,"skipped":0,"pct":0},"branches":{"total":84,"covered":0,"skipped":0,"pct":0}}
,"C:\\Users\\stanl\\OneDrive\\Desktop\\zion-scroll-forge\\backend\\src\\services\\admissions\\ScrollAlignmentEvaluator.ts": {"lines":{"total":182,"covered":0,"skipped":0,"pct":0},"functions":{"total":34,"covered":0,"skipped":0,"pct":0},"statements":{"total":182,"covered":0,"skipped":0,"pct":0},"branches":{"total":66,"covered":0,"skipped":0,"pct":0}}
,"C:\\Users\\stanl\\OneDrive\\Desktop\\zion-scroll-forge\\backend\\src\\services\\admissions\\SecurityComplianceService.ts": {"lines":{"total":128,"covered":0,"skipped":0,"pct":0},"functions":{"total":26,"covered":0,"skipped":0,"pct":0},"statements":{"total":138,"covered":0,"skipped":0,"pct":0},"branches":{"total":26,"covered":0,"skipped":0,"pct":0}}
,"C:\\Users\\stanl\\OneDrive\\Desktop\\zion-scroll-forge\\backend\\src\\services\\admissions\\SecurityIncidentResponseService.ts": {"lines":{"total":164,"covered":0,"skipped":0,"pct":0},"functions":{"total":30,"covered":0,"skipped":0,"pct":0},"statements":{"total":166,"covered":0,"skipped":0,"pct":0},"branches":{"total":47,"covered":0,"skipped":0,"pct":0}}
,"C:\\Users\\stanl\\OneDrive\\Desktop\\zion-scroll-forge\\backend\\src\\services\\admissions\\SecurityIntegrationService.ts": {"lines":{"total":132,"covered":0,"skipped":0,"pct":0},"functions":{"total":14,"covered":0,"skipped":0,"pct":0},"statements":{"total":134,"covered":0,"skipped":0,"pct":0},"branches":{"total":44,"covered":0,"skipped":0,"pct":0}}
,"C:\\Users\\stanl\\OneDrive\\Desktop\\zion-scroll-forge\\backend\\src\\services\\admissions\\SecurityMonitoringService.ts": {"lines":{"total":70,"covered":0,"skipped":0,"pct":0},"functions":{"total":18,"covered":0,"skipped":0,"pct":0},"statements":{"total":73,"covered":0,"skipped":0,"pct":0},"branches":{"total":30,"covered":0,"skipped":0,"pct":0}}
,"C:\\Users\\stanl\\OneDrive\\Desktop\\zion-scroll-forge\\backend\\src\\services\\admissions\\SkillAssessor.ts": {"lines":{"total":172,"covered":0,"skipped":0,"pct":0},"functions":{"total":28,"covered":0,"skipped":0,"pct":0},"statements":{"total":174,"covered":0,"skipped":0,"pct":0},"branches":{"total":61,"covered":0,"skipped":0,"pct":0}}
,"C:\\Users\\stanl\\OneDrive\\Desktop\\zion-scroll-forge\\backend\\src\\services\\admissions\\SpiritualAssessor.ts": {"lines":{"total":115,"covered":0,"skipped":0,"pct":0},"functions":{"total":22,"covered":0,"skipped":0,"pct":0},"statements":{"total":141,"covered":0,"skipped":0,"pct":0},"branches":{"total":75,"covered":0,"skipped":0,"pct":0}}
,"C:\\Users\\stanl\\OneDrive\\Desktop\\zion-scroll-forge\\backend\\src\\services\\admissions\\SpiritualRecommendationGenerator.ts": {"lines":{"total":146,"covered":0,"skipped":0,"pct":0},"functions":{"total":31,"covered":0,"skipped":0,"pct":0},"statements":{"total":151,"covered":0,"skipped":0,"pct":0},"branches":{"total":77,"covered":0,"skipped":0,"pct":0}}
,"C:\\Users\\stanl\\OneDrive\\Desktop\\zion-scroll-forge\\backend\\src\\services\\admissions\\StatusTracker.ts": {"lines":{"total":100,"covered":0,"skipped":0,"pct":0},"functions":{"total":14,"covered":0,"skipped":0,"pct":0},"statements":{"total":100,"covered":0,"skipped":0,"pct":0},"branches":{"total":35,"covered":0,"skipped":0,"pct":0}}
,"C:\\Users\\stanl\\OneDrive\\Desktop\\zion-scroll-forge\\backend\\src\\services\\admissions\\StudentProfileIntegrationService.ts": {"lines":{"total":115,"covered":0,"skipped":0,"pct":0},"functions":{"total":15,"covered":0,"skipped":0,"pct":0},"statements":{"total":116,"covered":0,"skipped":0,"pct":0},"branches":{"total":62,"covered":0,"skipped":0,"pct":0}}
,"C:\\Users\\stanl\\OneDrive\\Desktop\\zion-scroll-forge\\backend\\src\\services\\admissions\\SupportNeedsAssessor.ts": {"lines":{"total":187,"covered":0,"skipped":0,"pct":0},"functions":{"total":35,"covered":0,"skipped":0,"pct":0},"statements":{"total":199,"covered":0,"skipped":0,"pct":0},"branches":{"total":163,"covered":0,"skipped":0,"pct":0}}
,"C:\\Users\\stanl\\OneDrive\\Desktop\\zion-scroll-forge\\backend\\src\\services\\admissions\\SuspiciousActivityMonitoringService.ts": {"lines":{"total":181,"covered":0,"skipped":0,"pct":0},"functions":{"total":36,"covered":0,"skipped":0,"pct":0},"statements":{"total":187,"covered":0,"skipped":0,"pct":0},"branches":{"total":81,"covered":0,"skipped":0,"pct":0}}
,"C:\\Users\\stanl\\OneDrive\\Desktop\\zion-scroll-forge\\backend\\src\\services\\admissions\\TechnicalRequirementsChecker.ts": {"lines":{"total":172,"covered":0,"skipped":0,"pct":0},"functions":{"total":27,"covered":0,"skipped":0,"pct":0},"statements":{"total":178,"covered":0,"skipped":0,"pct":0},"branches":{"total":90,"covered":0,"skipped":0,"pct":0}}
,"C:\\Users\\stanl\\OneDrive\\Desktop\\zion-scroll-forge\\backend\\src\\services\\admissions\\TestimonyValidator.ts": {"lines":{"total":162,"covered":0,"skipped":0,"pct":0},"functions":{"total":38,"covered":0,"skipped":0,"pct":0},"statements":{"total":182,"covered":0,"skipped":0,"pct":0},"branches":{"total":55,"covered":0,"skipped":0,"pct":0}}
,"C:\\Users\\stanl\\OneDrive\\Desktop\\zion-scroll-forge\\backend\\src\\services\\admissions\\TimelineManager.ts": {"lines":{"total":109,"covered":0,"skipped":0,"pct":0},"functions":{"total":28,"covered":0,"skipped":0,"pct":0},"statements":{"total":114,"covered":0,"skipped":0,"pct":0},"branches":{"total":43,"covered":0,"skipped":0,"pct":0}}
,"C:\\Users\\stanl\\OneDrive\\Desktop\\zion-scroll-forge\\backend\\src\\services\\admissions\\UniversityPortalIntegrationService.ts": {"lines":{"total":148,"covered":0,"skipped":0,"pct":0},"functions":{"total":23,"covered":0,"skipped":0,"pct":0},"statements":{"total":148,"covered":0,"skipped":0,"pct":0},"branches":{"total":39,"covered":0,"skipped":0,"pct":0}}
,"C:\\Users\\stanl\\OneDrive\\Desktop\\zion-scroll-forge\\backend\\src\\services\\admissions\\ValidationService.ts": {"lines":{"total":152,"covered":0,"skipped":0,"pct":0},"functions":{"total":29,"covered":0,"skipped":0,"pct":0},"statements":{"total":158,"covered":0,"skipped":0,"pct":0},"branches":{"total":89,"covered":0,"skipped":0,"pct":0}}
,"C:\\Users\\stanl\\OneDrive\\Desktop\\zion-scroll-forge\\backend\\src\\services\\admissions\\VideoConferenceManager.ts": {"lines":{"total":208,"covered":0,"skipped":0,"pct":0},"functions":{"total":37,"covered":0,"skipped":0,"pct":0},"statements":{"total":213,"covered":0,"skipped":0,"pct":0},"branches":{"total":56,"covered":0,"skipped":0,"pct":0}}
,"C:\\Users\\stanl\\OneDrive\\Desktop\\zion-scroll-forge\\backend\\src\\services\\admissions\\WaitlistManager.ts": {"lines":{"total":204,"covered":0,"skipped":0,"pct":0},"functions":{"total":28,"covered":0,"skipped":0,"pct":0},"statements":{"total":206,"covered":0,"skipped":0,"pct":0},"branches":{"total":49,"covered":0,"skipped":0,"pct":0}}
,"C:\\Users\\stanl\\OneDrive\\Desktop\\zion-scroll-forge\\backend\\src\\services\\admissions\\WorkflowEngine.ts": {"lines":{"total":167,"covered":0,"skipped":0,"pct":0},"functions":{"total":32,"covered":0,"skipped":0,"pct":0},"statements":{"total":174,"covered":0,"skipped":0,"pct":0},"branches":{"total":74,"covered":0,"skipped":0,"pct":0}}
,"C:\\Users\\stanl\\OneDrive\\Desktop\\zion-scroll-forge\\backend\\src\\services\\scroll-library\\AgentOrchestrationService.ts": {"lines":{"total":248,"covered":0,"skipped":0,"pct":0},"functions":{"total":53,"covered":0,"skipped":0,"pct":0},"statements":{"total":258,"covered":0,"skipped":0,"pct":0},"branches":{"total":58,"covered":0,"skipped":0,"pct":0}}
,"C:\\Users\\stanl\\OneDrive\\Desktop\\zion-scroll-forge\\backend\\src\\services\\scroll-library\\CourseIntegrationService.ts": {"lines":{"total":127,"covered":0,"skipped":0,"pct":0},"functions":{"total":23,"covered":0,"skipped":0,"pct":0},"statements":{"total":129,"covered":0,"skipped":0,"pct":0},"branches":{"total":33,"covered":0,"skipped":0,"pct":0}}
,"C:\\Users\\stanl\\OneDrive\\Desktop\\zion-scroll-forge\\backend\\src\\services\\scroll-library\\LibraryManagementService.ts": {"lines":{"total":169,"covered":0,"skipped":0,"pct":0},"functions":{"total":30,"covered":0,"skipped":0,"pct":0},"statements":{"total":179,"covered":0,"skipped":0,"pct":0},"branches":{"total":83,"covered":0,"skipped":0,"pct":0}}
,"C:\\Users\\stanl\\OneDrive\\Desktop\\zion-scroll-forge\\backend\\src\\services\\scroll-library\\ScrollAuthorGPTService.ts": {"lines":{"total":73,"covered":0,"skipped":0,"pct":0},"functions":{"total":12,"covered":0,"skipped":0,"pct":0},"statements":{"total":73,"covered":0,"skipped":0,"pct":0},"branches":{"total":15,"covered":0,"skipped":0,"pct":0}}
,"C:\\Users\\stanl\\OneDrive\\Desktop\\zion-scroll-forge\\backend\\src\\services\\scroll-library\\ScrollIndexerService.ts": {"lines":{"total":146,"covered":0,"skipped":0,"pct":0},"functions":{"total":20,"covered":0,"skipped":0,"pct":0},"statements":{"total":147,"covered":0,"skipped":0,"pct":0},"branches":{"total":42,"covered":0,"skipped":0,"pct":0}}
,"C:\\Users\\stanl\\OneDrive\\Desktop\\zion-scroll-forge\\backend\\src\\services\\scroll-library\\ScrollIntegritySealService.ts": {"lines":{"total":93,"covered":0,"skipped":0,"pct":0},"functions":{"total":11,"covered":0,"skipped":0,"pct":0},"statements":{"total":93,"covered":0,"skipped":0,"pct":0},"branches":{"total":44,"covered":0,"skipped":0,"pct":0}}
,"C:\\Users\\stanl\\OneDrive\\Desktop\\zion-scroll-forge\\backend\\src\\services\\scroll-library\\ScrollProfessorGPTService.ts": {"lines":{"total":94,"covered":0,"skipped":0,"pct":0},"functions":{"total":25,"covered":0,"skipped":0,"pct":0},"statements":{"total":108,"covered":0,"skipped":0,"pct":0},"branches":{"total":19,"covered":0,"skipped":0,"pct":0}}
,"C:\\Users\\stanl\\OneDrive\\Desktop\\zion-scroll-forge\\backend\\src\\services\\scroll-library\\ScrollResearcherGPTService.ts": {"lines":{"total":183,"covered":0,"skipped":0,"pct":0},"functions":{"total":41,"covered":0,"skipped":0,"pct":0},"statements":{"total":189,"covered":0,"skipped":0,"pct":0},"branches":{"total":84,"covered":0,"skipped":0,"pct":0}}
,"C:\\Users\\stanl\\OneDrive\\Desktop\\zion-scroll-forge\\backend\\src\\services\\scroll-library\\ScrollScribeGPTService.ts": {"lines":{"total":113,"covered":0,"skipped":0,"pct":0},"functions":{"total":31,"covered":0,"skipped":0,"pct":0},"statements":{"total":123,"covered":0,"skipped":0,"pct":0},"branches":{"total":36,"covered":0,"skipped":0,"pct":0}}
,"C:\\Users\\stanl\\OneDrive\\Desktop\\zion-scroll-forge\\backend\\src\\services\\scroll-library\\index.ts": {"lines":{"total":5,"covered":0,"skipped":0,"pct":0},"functions":{"total":6,"covered":0,"skipped":0,"pct":0},"statements":{"total":11,"covered":0,"skipped":0,"pct":0},"branches":{"total":0,"covered":0,"skipped":0,"pct":100}}
,"C:\\Users\\stanl\\OneDrive\\Desktop\\zion-scroll-forge\\backend\\src\\services\\student-success\\AnalyticsAlertingService.ts": {"lines":{"total":158,"covered":0,"skipped":0,"pct":0},"functions":{"total":34,"covered":0,"skipped":0,"pct":0},"statements":{"total":171,"covered":0,"skipped":0,"pct":0},"branches":{"total":47,"covered":0,"skipped":0,"pct":0}}
,"C:\\Users\\stanl\\OneDrive\\Desktop\\zion-scroll-forge\\backend\\src\\services\\student-success\\BaseStudentSuccessService.ts": {"lines":{"total":97,"covered":0,"skipped":0,"pct":0},"functions":{"total":16,"covered":0,"skipped":0,"pct":0},"statements":{"total":101,"covered":0,"skipped":0,"pct":0},"branches":{"total":30,"covered":0,"skipped":0,"pct":0}}
,"C:\\Users\\stanl\\OneDrive\\Desktop\\zion-scroll-forge\\backend\\src\\services\\student-success\\InterventionManagementService.ts": {"lines":{"total":401,"covered":0,"skipped":0,"pct":0},"functions":{"total":84,"covered":0,"skipped":0,"pct":0},"statements":{"total":431,"covered":0,"skipped":0,"pct":0},"branches":{"total":109,"covered":0,"skipped":0,"pct":0}}
,"C:\\Users\\stanl\\OneDrive\\Desktop\\zion-scroll-forge\\backend\\src\\services\\student-success\\PredictiveModelingService.ts": {"lines":{"total":148,"covered":0,"skipped":0,"pct":0},"functions":{"total":39,"covered":0,"skipped":0,"pct":0},"statements":{"total":152,"covered":0,"skipped":0,"pct":0},"branches":{"total":38,"covered":0,"skipped":0,"pct":0}}
,"C:\\Users\\stanl\\OneDrive\\Desktop\\zion-scroll-forge\\backend\\src\\services\\student-success\\StudentMonitoringService.ts": {"lines":{"total":190,"covered":0,"skipped":0,"pct":0},"functions":{"total":62,"covered":0,"skipped":0,"pct":0},"statements":{"total":219,"covered":0,"skipped":0,"pct":0},"branches":{"total":73,"covered":0,"skipped":0,"pct":0}}
,"C:\\Users\\stanl\\OneDrive\\Desktop\\zion-scroll-forge\\backend\\src\\services\\testing\\AdmissionsQualityAssuranceFramework.ts": {"lines":{"total":148,"covered":0,"skipped":0,"pct":0},"functions":{"total":36,"covered":0,"skipped":0,"pct":0},"statements":{"total":149,"covered":0,"skipped":0,"pct":0},"branches":{"total":61,"covered":0,"skipped":0,"pct":0}}
,"C:\\Users\\stanl\\OneDrive\\Desktop\\zion-scroll-forge\\backend\\src\\services\\testing\\AdmissionsTestConfiguration.ts": {"lines":{"total":61,"covered":0,"skipped":0,"pct":0},"functions":{"total":21,"covered":0,"skipped":0,"pct":0},"statements":{"total":61,"covered":0,"skipped":0,"pct":0},"branches":{"total":75,"covered":0,"skipped":0,"pct":0}}
,"C:\\Users\\stanl\\OneDrive\\Desktop\\zion-scroll-forge\\backend\\src\\services\\testing\\IntegrationTestSuite.ts": {"lines":{"total":164,"covered":0,"skipped":0,"pct":0},"functions":{"total":36,"covered":0,"skipped":0,"pct":0},"statements":{"total":177,"covered":0,"skipped":0,"pct":0},"branches":{"total":70,"covered":0,"skipped":0,"pct":0}}
,"C:\\Users\\stanl\\OneDrive\\Desktop\\zion-scroll-forge\\backend\\src\\services\\testing\\PerformanceTestSuite.ts": {"lines":{"total":136,"covered":0,"skipped":0,"pct":0},"functions":{"total":37,"covered":0,"skipped":0,"pct":0},"statements":{"total":152,"covered":0,"skipped":0,"pct":0},"branches":{"total":42,"covered":0,"skipped":0,"pct":0}}
,"C:\\Users\\stanl\\OneDrive\\Desktop\\zion-scroll-forge\\backend\\src\\services\\testing\\TestRunner.ts": {"lines":{"total":100,"covered":0,"skipped":0,"pct":0},"functions":{"total":24,"covered":0,"skipped":0,"pct":0},"statements":{"total":103,"covered":0,"skipped":0,"pct":0},"branches":{"total":22,"covered":0,"skipped":0,"pct":0}}
,"C:\\Users\\stanl\\OneDrive\\Desktop\\zion-scroll-forge\\backend\\src\\services\\testing\\UserAcceptanceTestSuite.ts": {"lines":{"total":120,"covered":0,"skipped":0,"pct":0},"functions":{"total":27,"covered":0,"skipped":0,"pct":0},"statements":{"total":122,"covered":0,"skipped":0,"pct":0},"branches":{"total":64,"covered":0,"skipped":0,"pct":0}}
,"C:\\Users\\stanl\\OneDrive\\Desktop\\zion-scroll-forge\\backend\\src\\utils\\eventBus.ts": {"lines":{"total":13,"covered":0,"skipped":0,"pct":0},"functions":{"total":4,"covered":0,"skipped":0,"pct":0},"statements":{"total":13,"covered":0,"skipped":0,"pct":0},"branches":{"total":2,"covered":0,"skipped":0,"pct":0}}
,"C:\\Users\\stanl\\OneDrive\\Desktop\\zion-scroll-forge\\backend\\src\\utils\\logger.ts": {"lines":{"total":12,"covered":0,"skipped":0,"pct":0},"functions":{"total":5,"covered":0,"skipped":0,"pct":0},"statements":{"total":13,"covered":0,"skipped":0,"pct":0},"branches":{"total":7,"covered":0,"skipped":0,"pct":0}}
,"C:\\Users\\stanl\\OneDrive\\Desktop\\zion-scroll-forge\\backend\\src\\utils\\productionLogger.ts": {"lines":{"total":61,"covered":0,"skipped":0,"pct":0},"functions":{"total":21,"covered":0,"skipped":0,"pct":0},"statements":{"total":61,"covered":0,"skipped":0,"pct":0},"branches":{"total":23,"covered":0,"skipped":0,"pct":0}}
}
