<?xml version="1.0" encoding="UTF-8"?>
<testsuites name="jest tests" tests="29" failures="29" errors="0" time="1.003">
  <testsuite name="ScrollProblemIdentificationService" errors="0" failures="29" skipped="0" timestamp="2025-12-05T22:20:47" time="0.599" tests="29">
    <testcase classname="ScrollProblemIdentificationService › createProblem" name="should create a new problem successfully" time="0.002">
      <failure>TypeError: Cannot read properties of undefined (reading &apos;error&apos;)
    at ScrollProblemIdentificationService.createProblem (C:\Users\stanl\OneDrive\Desktop\zion-scroll-forge\backend\src\services\ScrollProblemIdentificationService.ts:120:14)
    at Object.&lt;anonymous&gt; (C:\Users\stanl\OneDrive\Desktop\zion-scroll-forge\backend\src\services\__tests__\ScrollProblemIdentificationService.test.ts:119:36)
    at Promise.then.completed (C:\Users\stanl\OneDrive\Desktop\zion-scroll-forge\backend\node_modules\jest-circus\build\utils.js:298:28)
    at new Promise (&lt;anonymous&gt;)
    at callAsyncCircusFn (C:\Users\stanl\OneDrive\Desktop\zion-scroll-forge\backend\node_modules\jest-circus\build\utils.js:231:10)
    at _callCircusTest (C:\Users\stanl\OneDrive\Desktop\zion-scroll-forge\backend\node_modules\jest-circus\build\run.js:316:40)
    at processTicksAndRejections (node:internal/process/task_queues:105:5)
    at _runTest (C:\Users\stanl\OneDrive\Desktop\zion-scroll-forge\backend\node_modules\jest-circus\build\run.js:252:3)
    at _runTestsForDescribeBlock (C:\Users\stanl\OneDrive\Desktop\zion-scroll-forge\backend\node_modules\jest-circus\build\run.js:126:9)
    at _runTestsForDescribeBlock (C:\Users\stanl\OneDrive\Desktop\zion-scroll-forge\backend\node_modules\jest-circus\build\run.js:121:9)
    at _runTestsForDescribeBlock (C:\Users\stanl\OneDrive\Desktop\zion-scroll-forge\backend\node_modules\jest-circus\build\run.js:121:9)
    at run (C:\Users\stanl\OneDrive\Desktop\zion-scroll-forge\backend\node_modules\jest-circus\build\run.js:71:3)
    at runAndTransformResultsToJestFormat (C:\Users\stanl\OneDrive\Desktop\zion-scroll-forge\backend\node_modules\jest-circus\build\legacy-code-todo-rewrite\jestAdapterInit.js:122:21)
    at jestAdapter (C:\Users\stanl\OneDrive\Desktop\zion-scroll-forge\backend\node_modules\jest-circus\build\legacy-code-todo-rewrite\jestAdapter.js:79:19)
    at runTestInternal (C:\Users\stanl\OneDrive\Desktop\zion-scroll-forge\backend\node_modules\jest-runner\build\runTest.js:367:16)
    at runTest (C:\Users\stanl\OneDrive\Desktop\zion-scroll-forge\backend\node_modules\jest-runner\build\runTest.js:444:34)</failure>
    </testcase>
    <testcase classname="ScrollProblemIdentificationService › createProblem" name="should handle validation errors for invalid problem data" time="0.001">
      <failure>TypeError: Cannot read properties of undefined (reading &apos;create&apos;)
    at Object.&lt;anonymous&gt; (C:\Users\stanl\OneDrive\Desktop\zion-scroll-forge\backend\src\services\__tests__\ScrollProblemIdentificationService.test.ts:133:32)
    at Promise.then.completed (C:\Users\stanl\OneDrive\Desktop\zion-scroll-forge\backend\node_modules\jest-circus\build\utils.js:298:28)
    at new Promise (&lt;anonymous&gt;)
    at callAsyncCircusFn (C:\Users\stanl\OneDrive\Desktop\zion-scroll-forge\backend\node_modules\jest-circus\build\utils.js:231:10)
    at _callCircusTest (C:\Users\stanl\OneDrive\Desktop\zion-scroll-forge\backend\node_modules\jest-circus\build\run.js:316:40)
    at processTicksAndRejections (node:internal/process/task_queues:105:5)
    at _runTest (C:\Users\stanl\OneDrive\Desktop\zion-scroll-forge\backend\node_modules\jest-circus\build\run.js:252:3)
    at _runTestsForDescribeBlock (C:\Users\stanl\OneDrive\Desktop\zion-scroll-forge\backend\node_modules\jest-circus\build\run.js:126:9)
    at _runTestsForDescribeBlock (C:\Users\stanl\OneDrive\Desktop\zion-scroll-forge\backend\node_modules\jest-circus\build\run.js:121:9)
    at _runTestsForDescribeBlock (C:\Users\stanl\OneDrive\Desktop\zion-scroll-forge\backend\node_modules\jest-circus\build\run.js:121:9)
    at run (C:\Users\stanl\OneDrive\Desktop\zion-scroll-forge\backend\node_modules\jest-circus\build\run.js:71:3)
    at runAndTransformResultsToJestFormat (C:\Users\stanl\OneDrive\Desktop\zion-scroll-forge\backend\node_modules\jest-circus\build\legacy-code-todo-rewrite\jestAdapterInit.js:122:21)
    at jestAdapter (C:\Users\stanl\OneDrive\Desktop\zion-scroll-forge\backend\node_modules\jest-circus\build\legacy-code-todo-rewrite\jestAdapter.js:79:19)
    at runTestInternal (C:\Users\stanl\OneDrive\Desktop\zion-scroll-forge\backend\node_modules\jest-runner\build\runTest.js:367:16)
    at runTest (C:\Users\stanl\OneDrive\Desktop\zion-scroll-forge\backend\node_modules\jest-runner\build\runTest.js:444:34)</failure>
    </testcase>
    <testcase classname="ScrollProblemIdentificationService › createProblem" name="should handle database errors gracefully" time="0.001">
      <failure>TypeError: Cannot read properties of undefined (reading &apos;create&apos;)
    at Object.&lt;anonymous&gt; (C:\Users\stanl\OneDrive\Desktop\zion-scroll-forge\backend\src\services\__tests__\ScrollProblemIdentificationService.test.ts:141:32)
    at Promise.then.completed (C:\Users\stanl\OneDrive\Desktop\zion-scroll-forge\backend\node_modules\jest-circus\build\utils.js:298:28)
    at new Promise (&lt;anonymous&gt;)
    at callAsyncCircusFn (C:\Users\stanl\OneDrive\Desktop\zion-scroll-forge\backend\node_modules\jest-circus\build\utils.js:231:10)
    at _callCircusTest (C:\Users\stanl\OneDrive\Desktop\zion-scroll-forge\backend\node_modules\jest-circus\build\run.js:316:40)
    at processTicksAndRejections (node:internal/process/task_queues:105:5)
    at _runTest (C:\Users\stanl\OneDrive\Desktop\zion-scroll-forge\backend\node_modules\jest-circus\build\run.js:252:3)
    at _runTestsForDescribeBlock (C:\Users\stanl\OneDrive\Desktop\zion-scroll-forge\backend\node_modules\jest-circus\build\run.js:126:9)
    at _runTestsForDescribeBlock (C:\Users\stanl\OneDrive\Desktop\zion-scroll-forge\backend\node_modules\jest-circus\build\run.js:121:9)
    at _runTestsForDescribeBlock (C:\Users\stanl\OneDrive\Desktop\zion-scroll-forge\backend\node_modules\jest-circus\build\run.js:121:9)
    at run (C:\Users\stanl\OneDrive\Desktop\zion-scroll-forge\backend\node_modules\jest-circus\build\run.js:71:3)
    at runAndTransformResultsToJestFormat (C:\Users\stanl\OneDrive\Desktop\zion-scroll-forge\backend\node_modules\jest-circus\build\legacy-code-todo-rewrite\jestAdapterInit.js:122:21)
    at jestAdapter (C:\Users\stanl\OneDrive\Desktop\zion-scroll-forge\backend\node_modules\jest-circus\build\legacy-code-todo-rewrite\jestAdapter.js:79:19)
    at runTestInternal (C:\Users\stanl\OneDrive\Desktop\zion-scroll-forge\backend\node_modules\jest-runner\build\runTest.js:367:16)
    at runTest (C:\Users\stanl\OneDrive\Desktop\zion-scroll-forge\backend\node_modules\jest-runner\build\runTest.js:444:34)</failure>
    </testcase>
    <testcase classname="ScrollProblemIdentificationService › getProblemById" name="should retrieve a problem by ID" time="0.001">
      <failure>TypeError: Cannot read properties of undefined (reading &apos;findUnique&apos;)
    at Object.&lt;anonymous&gt; (C:\Users\stanl\OneDrive\Desktop\zion-scroll-forge\backend\src\services\__tests__\ScrollProblemIdentificationService.test.ts:165:32)
    at Promise.then.completed (C:\Users\stanl\OneDrive\Desktop\zion-scroll-forge\backend\node_modules\jest-circus\build\utils.js:298:28)
    at new Promise (&lt;anonymous&gt;)
    at callAsyncCircusFn (C:\Users\stanl\OneDrive\Desktop\zion-scroll-forge\backend\node_modules\jest-circus\build\utils.js:231:10)
    at _callCircusTest (C:\Users\stanl\OneDrive\Desktop\zion-scroll-forge\backend\node_modules\jest-circus\build\run.js:316:40)
    at processTicksAndRejections (node:internal/process/task_queues:105:5)
    at _runTest (C:\Users\stanl\OneDrive\Desktop\zion-scroll-forge\backend\node_modules\jest-circus\build\run.js:252:3)
    at _runTestsForDescribeBlock (C:\Users\stanl\OneDrive\Desktop\zion-scroll-forge\backend\node_modules\jest-circus\build\run.js:126:9)
    at _runTestsForDescribeBlock (C:\Users\stanl\OneDrive\Desktop\zion-scroll-forge\backend\node_modules\jest-circus\build\run.js:121:9)
    at _runTestsForDescribeBlock (C:\Users\stanl\OneDrive\Desktop\zion-scroll-forge\backend\node_modules\jest-circus\build\run.js:121:9)
    at run (C:\Users\stanl\OneDrive\Desktop\zion-scroll-forge\backend\node_modules\jest-circus\build\run.js:71:3)
    at runAndTransformResultsToJestFormat (C:\Users\stanl\OneDrive\Desktop\zion-scroll-forge\backend\node_modules\jest-circus\build\legacy-code-todo-rewrite\jestAdapterInit.js:122:21)
    at jestAdapter (C:\Users\stanl\OneDrive\Desktop\zion-scroll-forge\backend\node_modules\jest-circus\build\legacy-code-todo-rewrite\jestAdapter.js:79:19)
    at runTestInternal (C:\Users\stanl\OneDrive\Desktop\zion-scroll-forge\backend\node_modules\jest-runner\build\runTest.js:367:16)
    at runTest (C:\Users\stanl\OneDrive\Desktop\zion-scroll-forge\backend\node_modules\jest-runner\build\runTest.js:444:34)</failure>
    </testcase>
    <testcase classname="ScrollProblemIdentificationService › getProblemById" name="should return null for non-existent problem" time="0">
      <failure>TypeError: Cannot read properties of undefined (reading &apos;findUnique&apos;)
    at Object.&lt;anonymous&gt; (C:\Users\stanl\OneDrive\Desktop\zion-scroll-forge\backend\src\services\__tests__\ScrollProblemIdentificationService.test.ts:184:32)
    at Promise.then.completed (C:\Users\stanl\OneDrive\Desktop\zion-scroll-forge\backend\node_modules\jest-circus\build\utils.js:298:28)
    at new Promise (&lt;anonymous&gt;)
    at callAsyncCircusFn (C:\Users\stanl\OneDrive\Desktop\zion-scroll-forge\backend\node_modules\jest-circus\build\utils.js:231:10)
    at _callCircusTest (C:\Users\stanl\OneDrive\Desktop\zion-scroll-forge\backend\node_modules\jest-circus\build\run.js:316:40)
    at processTicksAndRejections (node:internal/process/task_queues:105:5)
    at _runTest (C:\Users\stanl\OneDrive\Desktop\zion-scroll-forge\backend\node_modules\jest-circus\build\run.js:252:3)
    at _runTestsForDescribeBlock (C:\Users\stanl\OneDrive\Desktop\zion-scroll-forge\backend\node_modules\jest-circus\build\run.js:126:9)
    at _runTestsForDescribeBlock (C:\Users\stanl\OneDrive\Desktop\zion-scroll-forge\backend\node_modules\jest-circus\build\run.js:121:9)
    at _runTestsForDescribeBlock (C:\Users\stanl\OneDrive\Desktop\zion-scroll-forge\backend\node_modules\jest-circus\build\run.js:121:9)
    at run (C:\Users\stanl\OneDrive\Desktop\zion-scroll-forge\backend\node_modules\jest-circus\build\run.js:71:3)
    at runAndTransformResultsToJestFormat (C:\Users\stanl\OneDrive\Desktop\zion-scroll-forge\backend\node_modules\jest-circus\build\legacy-code-todo-rewrite\jestAdapterInit.js:122:21)
    at jestAdapter (C:\Users\stanl\OneDrive\Desktop\zion-scroll-forge\backend\node_modules\jest-circus\build\legacy-code-todo-rewrite\jestAdapter.js:79:19)
    at runTestInternal (C:\Users\stanl\OneDrive\Desktop\zion-scroll-forge\backend\node_modules\jest-runner\build\runTest.js:367:16)
    at runTest (C:\Users\stanl\OneDrive\Desktop\zion-scroll-forge\backend\node_modules\jest-runner\build\runTest.js:444:34)</failure>
    </testcase>
    <testcase classname="ScrollProblemIdentificationService › getActiveProblems" name="should retrieve all active problems" time="0">
      <failure>TypeError: Cannot read properties of undefined (reading &apos;findMany&apos;)
    at Object.&lt;anonymous&gt; (C:\Users\stanl\OneDrive\Desktop\zion-scroll-forge\backend\src\services\__tests__\ScrollProblemIdentificationService.test.ts:199:32)
    at Promise.then.completed (C:\Users\stanl\OneDrive\Desktop\zion-scroll-forge\backend\node_modules\jest-circus\build\utils.js:298:28)
    at new Promise (&lt;anonymous&gt;)
    at callAsyncCircusFn (C:\Users\stanl\OneDrive\Desktop\zion-scroll-forge\backend\node_modules\jest-circus\build\utils.js:231:10)
    at _callCircusTest (C:\Users\stanl\OneDrive\Desktop\zion-scroll-forge\backend\node_modules\jest-circus\build\run.js:316:40)
    at processTicksAndRejections (node:internal/process/task_queues:105:5)
    at _runTest (C:\Users\stanl\OneDrive\Desktop\zion-scroll-forge\backend\node_modules\jest-circus\build\run.js:252:3)
    at _runTestsForDescribeBlock (C:\Users\stanl\OneDrive\Desktop\zion-scroll-forge\backend\node_modules\jest-circus\build\run.js:126:9)
    at _runTestsForDescribeBlock (C:\Users\stanl\OneDrive\Desktop\zion-scroll-forge\backend\node_modules\jest-circus\build\run.js:121:9)
    at _runTestsForDescribeBlock (C:\Users\stanl\OneDrive\Desktop\zion-scroll-forge\backend\node_modules\jest-circus\build\run.js:121:9)
    at run (C:\Users\stanl\OneDrive\Desktop\zion-scroll-forge\backend\node_modules\jest-circus\build\run.js:71:3)
    at runAndTransformResultsToJestFormat (C:\Users\stanl\OneDrive\Desktop\zion-scroll-forge\backend\node_modules\jest-circus\build\legacy-code-todo-rewrite\jestAdapterInit.js:122:21)
    at jestAdapter (C:\Users\stanl\OneDrive\Desktop\zion-scroll-forge\backend\node_modules\jest-circus\build\legacy-code-todo-rewrite\jestAdapter.js:79:19)
    at runTestInternal (C:\Users\stanl\OneDrive\Desktop\zion-scroll-forge\backend\node_modules\jest-runner\build\runTest.js:367:16)
    at runTest (C:\Users\stanl\OneDrive\Desktop\zion-scroll-forge\backend\node_modules\jest-runner\build\runTest.js:444:34)</failure>
    </testcase>
    <testcase classname="ScrollProblemIdentificationService › getActiveProblems" name="should filter problems by category" time="0">
      <failure>TypeError: Cannot read properties of undefined (reading &apos;findMany&apos;)
    at Object.&lt;anonymous&gt; (C:\Users\stanl\OneDrive\Desktop\zion-scroll-forge\backend\src\services\__tests__\ScrollProblemIdentificationService.test.ts:215:32)
    at Promise.then.completed (C:\Users\stanl\OneDrive\Desktop\zion-scroll-forge\backend\node_modules\jest-circus\build\utils.js:298:28)
    at new Promise (&lt;anonymous&gt;)
    at callAsyncCircusFn (C:\Users\stanl\OneDrive\Desktop\zion-scroll-forge\backend\node_modules\jest-circus\build\utils.js:231:10)
    at _callCircusTest (C:\Users\stanl\OneDrive\Desktop\zion-scroll-forge\backend\node_modules\jest-circus\build\run.js:316:40)
    at processTicksAndRejections (node:internal/process/task_queues:105:5)
    at _runTest (C:\Users\stanl\OneDrive\Desktop\zion-scroll-forge\backend\node_modules\jest-circus\build\run.js:252:3)
    at _runTestsForDescribeBlock (C:\Users\stanl\OneDrive\Desktop\zion-scroll-forge\backend\node_modules\jest-circus\build\run.js:126:9)
    at _runTestsForDescribeBlock (C:\Users\stanl\OneDrive\Desktop\zion-scroll-forge\backend\node_modules\jest-circus\build\run.js:121:9)
    at _runTestsForDescribeBlock (C:\Users\stanl\OneDrive\Desktop\zion-scroll-forge\backend\node_modules\jest-circus\build\run.js:121:9)
    at run (C:\Users\stanl\OneDrive\Desktop\zion-scroll-forge\backend\node_modules\jest-circus\build\run.js:71:3)
    at runAndTransformResultsToJestFormat (C:\Users\stanl\OneDrive\Desktop\zion-scroll-forge\backend\node_modules\jest-circus\build\legacy-code-todo-rewrite\jestAdapterInit.js:122:21)
    at jestAdapter (C:\Users\stanl\OneDrive\Desktop\zion-scroll-forge\backend\node_modules\jest-circus\build\legacy-code-todo-rewrite\jestAdapter.js:79:19)
    at runTestInternal (C:\Users\stanl\OneDrive\Desktop\zion-scroll-forge\backend\node_modules\jest-runner\build\runTest.js:367:16)
    at runTest (C:\Users\stanl\OneDrive\Desktop\zion-scroll-forge\backend\node_modules\jest-runner\build\runTest.js:444:34)</failure>
    </testcase>
    <testcase classname="ScrollProblemIdentificationService › getActiveProblems" name="should filter problems by complexity" time="0">
      <failure>TypeError: Cannot read properties of undefined (reading &apos;findMany&apos;)
    at Object.&lt;anonymous&gt; (C:\Users\stanl\OneDrive\Desktop\zion-scroll-forge\backend\src\services\__tests__\ScrollProblemIdentificationService.test.ts:234:32)
    at Promise.then.completed (C:\Users\stanl\OneDrive\Desktop\zion-scroll-forge\backend\node_modules\jest-circus\build\utils.js:298:28)
    at new Promise (&lt;anonymous&gt;)
    at callAsyncCircusFn (C:\Users\stanl\OneDrive\Desktop\zion-scroll-forge\backend\node_modules\jest-circus\build\utils.js:231:10)
    at _callCircusTest (C:\Users\stanl\OneDrive\Desktop\zion-scroll-forge\backend\node_modules\jest-circus\build\run.js:316:40)
    at processTicksAndRejections (node:internal/process/task_queues:105:5)
    at _runTest (C:\Users\stanl\OneDrive\Desktop\zion-scroll-forge\backend\node_modules\jest-circus\build\run.js:252:3)
    at _runTestsForDescribeBlock (C:\Users\stanl\OneDrive\Desktop\zion-scroll-forge\backend\node_modules\jest-circus\build\run.js:126:9)
    at _runTestsForDescribeBlock (C:\Users\stanl\OneDrive\Desktop\zion-scroll-forge\backend\node_modules\jest-circus\build\run.js:121:9)
    at _runTestsForDescribeBlock (C:\Users\stanl\OneDrive\Desktop\zion-scroll-forge\backend\node_modules\jest-circus\build\run.js:121:9)
    at run (C:\Users\stanl\OneDrive\Desktop\zion-scroll-forge\backend\node_modules\jest-circus\build\run.js:71:3)
    at runAndTransformResultsToJestFormat (C:\Users\stanl\OneDrive\Desktop\zion-scroll-forge\backend\node_modules\jest-circus\build\legacy-code-todo-rewrite\jestAdapterInit.js:122:21)
    at jestAdapter (C:\Users\stanl\OneDrive\Desktop\zion-scroll-forge\backend\node_modules\jest-circus\build\legacy-code-todo-rewrite\jestAdapter.js:79:19)
    at runTestInternal (C:\Users\stanl\OneDrive\Desktop\zion-scroll-forge\backend\node_modules\jest-runner\build\runTest.js:367:16)
    at runTest (C:\Users\stanl\OneDrive\Desktop\zion-scroll-forge\backend\node_modules\jest-runner\build\runTest.js:444:34)</failure>
    </testcase>
    <testcase classname="ScrollProblemIdentificationService › assignProblem" name="should assign a problem to a student" time="0.001">
      <failure>TypeError: Cannot read properties of undefined (reading &apos;STUDENT&apos;)
    at Object.&lt;anonymous&gt; (C:\Users\stanl\OneDrive\Desktop\zion-scroll-forge\backend\src\services\__tests__\ScrollProblemIdentificationService.test.ts:259:36)
    at Promise.then.completed (C:\Users\stanl\OneDrive\Desktop\zion-scroll-forge\backend\node_modules\jest-circus\build\utils.js:298:28)
    at new Promise (&lt;anonymous&gt;)
    at callAsyncCircusFn (C:\Users\stanl\OneDrive\Desktop\zion-scroll-forge\backend\node_modules\jest-circus\build\utils.js:231:10)
    at _callCircusTest (C:\Users\stanl\OneDrive\Desktop\zion-scroll-forge\backend\node_modules\jest-circus\build\run.js:316:40)
    at processTicksAndRejections (node:internal/process/task_queues:105:5)
    at _runTest (C:\Users\stanl\OneDrive\Desktop\zion-scroll-forge\backend\node_modules\jest-circus\build\run.js:252:3)
    at _runTestsForDescribeBlock (C:\Users\stanl\OneDrive\Desktop\zion-scroll-forge\backend\node_modules\jest-circus\build\run.js:126:9)
    at _runTestsForDescribeBlock (C:\Users\stanl\OneDrive\Desktop\zion-scroll-forge\backend\node_modules\jest-circus\build\run.js:121:9)
    at _runTestsForDescribeBlock (C:\Users\stanl\OneDrive\Desktop\zion-scroll-forge\backend\node_modules\jest-circus\build\run.js:121:9)
    at run (C:\Users\stanl\OneDrive\Desktop\zion-scroll-forge\backend\node_modules\jest-circus\build\run.js:71:3)
    at runAndTransformResultsToJestFormat (C:\Users\stanl\OneDrive\Desktop\zion-scroll-forge\backend\node_modules\jest-circus\build\legacy-code-todo-rewrite\jestAdapterInit.js:122:21)
    at jestAdapter (C:\Users\stanl\OneDrive\Desktop\zion-scroll-forge\backend\node_modules\jest-circus\build\legacy-code-todo-rewrite\jestAdapter.js:79:19)
    at runTestInternal (C:\Users\stanl\OneDrive\Desktop\zion-scroll-forge\backend\node_modules\jest-runner\build\runTest.js:367:16)
    at runTest (C:\Users\stanl\OneDrive\Desktop\zion-scroll-forge\backend\node_modules\jest-runner\build\runTest.js:444:34)</failure>
    </testcase>
    <testcase classname="ScrollProblemIdentificationService › assignProblem" name="should assign a problem to a team" time="0.001">
      <failure>TypeError: Cannot read properties of undefined (reading &apos;TEAM&apos;)
    at Object.&lt;anonymous&gt; (C:\Users\stanl\OneDrive\Desktop\zion-scroll-forge\backend\src\services\__tests__\ScrollProblemIdentificationService.test.ts:284:36)
    at Promise.then.completed (C:\Users\stanl\OneDrive\Desktop\zion-scroll-forge\backend\node_modules\jest-circus\build\utils.js:298:28)
    at new Promise (&lt;anonymous&gt;)
    at callAsyncCircusFn (C:\Users\stanl\OneDrive\Desktop\zion-scroll-forge\backend\node_modules\jest-circus\build\utils.js:231:10)
    at _callCircusTest (C:\Users\stanl\OneDrive\Desktop\zion-scroll-forge\backend\node_modules\jest-circus\build\run.js:316:40)
    at processTicksAndRejections (node:internal/process/task_queues:105:5)
    at _runTest (C:\Users\stanl\OneDrive\Desktop\zion-scroll-forge\backend\node_modules\jest-circus\build\run.js:252:3)
    at _runTestsForDescribeBlock (C:\Users\stanl\OneDrive\Desktop\zion-scroll-forge\backend\node_modules\jest-circus\build\run.js:126:9)
    at _runTestsForDescribeBlock (C:\Users\stanl\OneDrive\Desktop\zion-scroll-forge\backend\node_modules\jest-circus\build\run.js:121:9)
    at _runTestsForDescribeBlock (C:\Users\stanl\OneDrive\Desktop\zion-scroll-forge\backend\node_modules\jest-circus\build\run.js:121:9)
    at run (C:\Users\stanl\OneDrive\Desktop\zion-scroll-forge\backend\node_modules\jest-circus\build\run.js:71:3)
    at runAndTransformResultsToJestFormat (C:\Users\stanl\OneDrive\Desktop\zion-scroll-forge\backend\node_modules\jest-circus\build\legacy-code-todo-rewrite\jestAdapterInit.js:122:21)
    at jestAdapter (C:\Users\stanl\OneDrive\Desktop\zion-scroll-forge\backend\node_modules\jest-circus\build\legacy-code-todo-rewrite\jestAdapter.js:79:19)
    at runTestInternal (C:\Users\stanl\OneDrive\Desktop\zion-scroll-forge\backend\node_modules\jest-runner\build\runTest.js:367:16)
    at runTest (C:\Users\stanl\OneDrive\Desktop\zion-scroll-forge\backend\node_modules\jest-runner\build\runTest.js:444:34)</failure>
    </testcase>
    <testcase classname="ScrollProblemIdentificationService › assignProblem" name="should prevent duplicate assignments" time="0">
      <failure>TypeError: Cannot read properties of undefined (reading &apos;findMany&apos;)
    at Object.&lt;anonymous&gt; (C:\Users\stanl\OneDrive\Desktop\zion-scroll-forge\backend\src\services\__tests__\ScrollProblemIdentificationService.test.ts:301:36)
    at Promise.then.completed (C:\Users\stanl\OneDrive\Desktop\zion-scroll-forge\backend\node_modules\jest-circus\build\utils.js:298:28)
    at new Promise (&lt;anonymous&gt;)
    at callAsyncCircusFn (C:\Users\stanl\OneDrive\Desktop\zion-scroll-forge\backend\node_modules\jest-circus\build\utils.js:231:10)
    at _callCircusTest (C:\Users\stanl\OneDrive\Desktop\zion-scroll-forge\backend\node_modules\jest-circus\build\run.js:316:40)
    at processTicksAndRejections (node:internal/process/task_queues:105:5)
    at _runTest (C:\Users\stanl\OneDrive\Desktop\zion-scroll-forge\backend\node_modules\jest-circus\build\run.js:252:3)
    at _runTestsForDescribeBlock (C:\Users\stanl\OneDrive\Desktop\zion-scroll-forge\backend\node_modules\jest-circus\build\run.js:126:9)
    at _runTestsForDescribeBlock (C:\Users\stanl\OneDrive\Desktop\zion-scroll-forge\backend\node_modules\jest-circus\build\run.js:121:9)
    at _runTestsForDescribeBlock (C:\Users\stanl\OneDrive\Desktop\zion-scroll-forge\backend\node_modules\jest-circus\build\run.js:121:9)
    at run (C:\Users\stanl\OneDrive\Desktop\zion-scroll-forge\backend\node_modules\jest-circus\build\run.js:71:3)
    at runAndTransformResultsToJestFormat (C:\Users\stanl\OneDrive\Desktop\zion-scroll-forge\backend\node_modules\jest-circus\build\legacy-code-todo-rewrite\jestAdapterInit.js:122:21)
    at jestAdapter (C:\Users\stanl\OneDrive\Desktop\zion-scroll-forge\backend\node_modules\jest-circus\build\legacy-code-todo-rewrite\jestAdapter.js:79:19)
    at runTestInternal (C:\Users\stanl\OneDrive\Desktop\zion-scroll-forge\backend\node_modules\jest-runner\build\runTest.js:367:16)
    at runTest (C:\Users\stanl\OneDrive\Desktop\zion-scroll-forge\backend\node_modules\jest-runner\build\runTest.js:444:34)</failure>
    </testcase>
    <testcase classname="ScrollProblemIdentificationService › matchProblemsToStudent" name="should match problems based on student criteria" time="0.001">
      <failure>TypeError: Cannot read properties of undefined (reading &apos;findMany&apos;)
    at Object.&lt;anonymous&gt; (C:\Users\stanl\OneDrive\Desktop\zion-scroll-forge\backend\src\services\__tests__\ScrollProblemIdentificationService.test.ts:349:32)
    at Promise.then.completed (C:\Users\stanl\OneDrive\Desktop\zion-scroll-forge\backend\node_modules\jest-circus\build\utils.js:298:28)
    at new Promise (&lt;anonymous&gt;)
    at callAsyncCircusFn (C:\Users\stanl\OneDrive\Desktop\zion-scroll-forge\backend\node_modules\jest-circus\build\utils.js:231:10)
    at _callCircusTest (C:\Users\stanl\OneDrive\Desktop\zion-scroll-forge\backend\node_modules\jest-circus\build\run.js:316:40)
    at processTicksAndRejections (node:internal/process/task_queues:105:5)
    at _runTest (C:\Users\stanl\OneDrive\Desktop\zion-scroll-forge\backend\node_modules\jest-circus\build\run.js:252:3)
    at _runTestsForDescribeBlock (C:\Users\stanl\OneDrive\Desktop\zion-scroll-forge\backend\node_modules\jest-circus\build\run.js:126:9)
    at _runTestsForDescribeBlock (C:\Users\stanl\OneDrive\Desktop\zion-scroll-forge\backend\node_modules\jest-circus\build\run.js:121:9)
    at _runTestsForDescribeBlock (C:\Users\stanl\OneDrive\Desktop\zion-scroll-forge\backend\node_modules\jest-circus\build\run.js:121:9)
    at run (C:\Users\stanl\OneDrive\Desktop\zion-scroll-forge\backend\node_modules\jest-circus\build\run.js:71:3)
    at runAndTransformResultsToJestFormat (C:\Users\stanl\OneDrive\Desktop\zion-scroll-forge\backend\node_modules\jest-circus\build\legacy-code-todo-rewrite\jestAdapterInit.js:122:21)
    at jestAdapter (C:\Users\stanl\OneDrive\Desktop\zion-scroll-forge\backend\node_modules\jest-circus\build\legacy-code-todo-rewrite\jestAdapter.js:79:19)
    at runTestInternal (C:\Users\stanl\OneDrive\Desktop\zion-scroll-forge\backend\node_modules\jest-runner\build\runTest.js:367:16)
    at runTest (C:\Users\stanl\OneDrive\Desktop\zion-scroll-forge\backend\node_modules\jest-runner\build\runTest.js:444:34)</failure>
    </testcase>
    <testcase classname="ScrollProblemIdentificationService › matchProblemsToStudent" name="should prioritize problems with higher skill match" time="0.001">
      <failure>TypeError: Cannot read properties of undefined (reading &apos;findMany&apos;)
    at Object.&lt;anonymous&gt; (C:\Users\stanl\OneDrive\Desktop\zion-scroll-forge\backend\src\services\__tests__\ScrollProblemIdentificationService.test.ts:374:32)
    at Promise.then.completed (C:\Users\stanl\OneDrive\Desktop\zion-scroll-forge\backend\node_modules\jest-circus\build\utils.js:298:28)
    at new Promise (&lt;anonymous&gt;)
    at callAsyncCircusFn (C:\Users\stanl\OneDrive\Desktop\zion-scroll-forge\backend\node_modules\jest-circus\build\utils.js:231:10)
    at _callCircusTest (C:\Users\stanl\OneDrive\Desktop\zion-scroll-forge\backend\node_modules\jest-circus\build\run.js:316:40)
    at processTicksAndRejections (node:internal/process/task_queues:105:5)
    at _runTest (C:\Users\stanl\OneDrive\Desktop\zion-scroll-forge\backend\node_modules\jest-circus\build\run.js:252:3)
    at _runTestsForDescribeBlock (C:\Users\stanl\OneDrive\Desktop\zion-scroll-forge\backend\node_modules\jest-circus\build\run.js:126:9)
    at _runTestsForDescribeBlock (C:\Users\stanl\OneDrive\Desktop\zion-scroll-forge\backend\node_modules\jest-circus\build\run.js:121:9)
    at _runTestsForDescribeBlock (C:\Users\stanl\OneDrive\Desktop\zion-scroll-forge\backend\node_modules\jest-circus\build\run.js:121:9)
    at run (C:\Users\stanl\OneDrive\Desktop\zion-scroll-forge\backend\node_modules\jest-circus\build\run.js:71:3)
    at runAndTransformResultsToJestFormat (C:\Users\stanl\OneDrive\Desktop\zion-scroll-forge\backend\node_modules\jest-circus\build\legacy-code-todo-rewrite\jestAdapterInit.js:122:21)
    at jestAdapter (C:\Users\stanl\OneDrive\Desktop\zion-scroll-forge\backend\node_modules\jest-circus\build\legacy-code-todo-rewrite\jestAdapter.js:79:19)
    at runTestInternal (C:\Users\stanl\OneDrive\Desktop\zion-scroll-forge\backend\node_modules\jest-runner\build\runTest.js:367:16)
    at runTest (C:\Users\stanl\OneDrive\Desktop\zion-scroll-forge\backend\node_modules\jest-runner\build\runTest.js:444:34)</failure>
    </testcase>
    <testcase classname="ScrollProblemIdentificationService › matchProblemsToStudent" name="should filter out problems beyond student experience level" time="0">
      <failure>TypeError: Cannot read properties of undefined (reading &apos;findMany&apos;)
    at Object.&lt;anonymous&gt; (C:\Users\stanl\OneDrive\Desktop\zion-scroll-forge\backend\src\services\__tests__\ScrollProblemIdentificationService.test.ts:393:32)
    at Promise.then.completed (C:\Users\stanl\OneDrive\Desktop\zion-scroll-forge\backend\node_modules\jest-circus\build\utils.js:298:28)
    at new Promise (&lt;anonymous&gt;)
    at callAsyncCircusFn (C:\Users\stanl\OneDrive\Desktop\zion-scroll-forge\backend\node_modules\jest-circus\build\utils.js:231:10)
    at _callCircusTest (C:\Users\stanl\OneDrive\Desktop\zion-scroll-forge\backend\node_modules\jest-circus\build\run.js:316:40)
    at processTicksAndRejections (node:internal/process/task_queues:105:5)
    at _runTest (C:\Users\stanl\OneDrive\Desktop\zion-scroll-forge\backend\node_modules\jest-circus\build\run.js:252:3)
    at _runTestsForDescribeBlock (C:\Users\stanl\OneDrive\Desktop\zion-scroll-forge\backend\node_modules\jest-circus\build\run.js:126:9)
    at _runTestsForDescribeBlock (C:\Users\stanl\OneDrive\Desktop\zion-scroll-forge\backend\node_modules\jest-circus\build\run.js:121:9)
    at _runTestsForDescribeBlock (C:\Users\stanl\OneDrive\Desktop\zion-scroll-forge\backend\node_modules\jest-circus\build\run.js:121:9)
    at run (C:\Users\stanl\OneDrive\Desktop\zion-scroll-forge\backend\node_modules\jest-circus\build\run.js:71:3)
    at runAndTransformResultsToJestFormat (C:\Users\stanl\OneDrive\Desktop\zion-scroll-forge\backend\node_modules\jest-circus\build\legacy-code-todo-rewrite\jestAdapterInit.js:122:21)
    at jestAdapter (C:\Users\stanl\OneDrive\Desktop\zion-scroll-forge\backend\node_modules\jest-circus\build\legacy-code-todo-rewrite\jestAdapter.js:79:19)
    at runTestInternal (C:\Users\stanl\OneDrive\Desktop\zion-scroll-forge\backend\node_modules\jest-runner\build\runTest.js:367:16)
    at runTest (C:\Users\stanl\OneDrive\Desktop\zion-scroll-forge\backend\node_modules\jest-runner\build\runTest.js:444:34)</failure>
    </testcase>
    <testcase classname="ScrollProblemIdentificationService › updateAssignmentProgress" name="should update assignment progress" time="0">
      <failure>TypeError: Cannot read properties of undefined (reading &apos;IN_PROGRESS&apos;)
    at Object.&lt;anonymous&gt; (C:\Users\stanl\OneDrive\Desktop\zion-scroll-forge\backend\src\services\__tests__\ScrollProblemIdentificationService.test.ts:410:34)
    at Promise.then.completed (C:\Users\stanl\OneDrive\Desktop\zion-scroll-forge\backend\node_modules\jest-circus\build\utils.js:298:28)
    at new Promise (&lt;anonymous&gt;)
    at callAsyncCircusFn (C:\Users\stanl\OneDrive\Desktop\zion-scroll-forge\backend\node_modules\jest-circus\build\utils.js:231:10)
    at _callCircusTest (C:\Users\stanl\OneDrive\Desktop\zion-scroll-forge\backend\node_modules\jest-circus\build\run.js:316:40)
    at processTicksAndRejections (node:internal/process/task_queues:105:5)
    at _runTest (C:\Users\stanl\OneDrive\Desktop\zion-scroll-forge\backend\node_modules\jest-circus\build\run.js:252:3)
    at _runTestsForDescribeBlock (C:\Users\stanl\OneDrive\Desktop\zion-scroll-forge\backend\node_modules\jest-circus\build\run.js:126:9)
    at _runTestsForDescribeBlock (C:\Users\stanl\OneDrive\Desktop\zion-scroll-forge\backend\node_modules\jest-circus\build\run.js:121:9)
    at _runTestsForDescribeBlock (C:\Users\stanl\OneDrive\Desktop\zion-scroll-forge\backend\node_modules\jest-circus\build\run.js:121:9)
    at run (C:\Users\stanl\OneDrive\Desktop\zion-scroll-forge\backend\node_modules\jest-circus\build\run.js:71:3)
    at runAndTransformResultsToJestFormat (C:\Users\stanl\OneDrive\Desktop\zion-scroll-forge\backend\node_modules\jest-circus\build\legacy-code-todo-rewrite\jestAdapterInit.js:122:21)
    at jestAdapter (C:\Users\stanl\OneDrive\Desktop\zion-scroll-forge\backend\node_modules\jest-circus\build\legacy-code-todo-rewrite\jestAdapter.js:79:19)
    at runTestInternal (C:\Users\stanl\OneDrive\Desktop\zion-scroll-forge\backend\node_modules\jest-runner\build\runTest.js:367:16)
    at runTest (C:\Users\stanl\OneDrive\Desktop\zion-scroll-forge\backend\node_modules\jest-runner\build\runTest.js:444:34)</failure>
    </testcase>
    <testcase classname="ScrollProblemIdentificationService › updateAssignmentProgress" name="should auto-complete assignment at 100% progress" time="0">
      <failure>TypeError: Cannot read properties of undefined (reading &apos;COMPLETED&apos;)
    at Object.&lt;anonymous&gt; (C:\Users\stanl\OneDrive\Desktop\zion-scroll-forge\backend\src\services\__tests__\ScrollProblemIdentificationService.test.ts:432:34)
    at Promise.then.completed (C:\Users\stanl\OneDrive\Desktop\zion-scroll-forge\backend\node_modules\jest-circus\build\utils.js:298:28)
    at new Promise (&lt;anonymous&gt;)
    at callAsyncCircusFn (C:\Users\stanl\OneDrive\Desktop\zion-scroll-forge\backend\node_modules\jest-circus\build\utils.js:231:10)
    at _callCircusTest (C:\Users\stanl\OneDrive\Desktop\zion-scroll-forge\backend\node_modules\jest-circus\build\run.js:316:40)
    at processTicksAndRejections (node:internal/process/task_queues:105:5)
    at _runTest (C:\Users\stanl\OneDrive\Desktop\zion-scroll-forge\backend\node_modules\jest-circus\build\run.js:252:3)
    at _runTestsForDescribeBlock (C:\Users\stanl\OneDrive\Desktop\zion-scroll-forge\backend\node_modules\jest-circus\build\run.js:126:9)
    at _runTestsForDescribeBlock (C:\Users\stanl\OneDrive\Desktop\zion-scroll-forge\backend\node_modules\jest-circus\build\run.js:121:9)
    at _runTestsForDescribeBlock (C:\Users\stanl\OneDrive\Desktop\zion-scroll-forge\backend\node_modules\jest-circus\build\run.js:121:9)
    at run (C:\Users\stanl\OneDrive\Desktop\zion-scroll-forge\backend\node_modules\jest-circus\build\run.js:71:3)
    at runAndTransformResultsToJestFormat (C:\Users\stanl\OneDrive\Desktop\zion-scroll-forge\backend\node_modules\jest-circus\build\legacy-code-todo-rewrite\jestAdapterInit.js:122:21)
    at jestAdapter (C:\Users\stanl\OneDrive\Desktop\zion-scroll-forge\backend\node_modules\jest-circus\build\legacy-code-todo-rewrite\jestAdapter.js:79:19)
    at runTestInternal (C:\Users\stanl\OneDrive\Desktop\zion-scroll-forge\backend\node_modules\jest-runner\build\runTest.js:367:16)
    at runTest (C:\Users\stanl\OneDrive\Desktop\zion-scroll-forge\backend\node_modules\jest-runner\build\runTest.js:444:34)</failure>
    </testcase>
    <testcase classname="ScrollProblemIdentificationService › updateAssignmentProgress" name="should validate progress is between 0 and 100" time="0.013">
      <failure>Error: expect(received).rejects.toThrow(expected)

Expected substring: &quot;Progress must be between 0 and 100&quot;
Received message:   &quot;Cannot read properties of undefined (reading &apos;error&apos;)&quot;

      259 |       logger.info(&apos;Assignment progress updated&apos;, { assignmentId });
      260 |     } catch (error) {
    &gt; 261 |       logger.error(&apos;Error updating assignment progress&apos;, { error, assignmentId });
          |              ^
      262 |       throw new Error(&apos;Failed to update assignment progress&apos;);
      263 |     }
      264 |   }

      at ScrollProblemIdentificationService.updateAssignmentProgress (src/services/ScrollProblemIdentificationService.ts:261:14)
      at Object.&lt;anonymous&gt; (src/services/__tests__/ScrollProblemIdentificationService.test.ts:444:17)
    at Object.toThrow (C:\Users\stanl\OneDrive\Desktop\zion-scroll-forge\backend\node_modules\expect\build\index.js:218:22)
    at Object.&lt;anonymous&gt; (C:\Users\stanl\OneDrive\Desktop\zion-scroll-forge\backend\src\services\__tests__\ScrollProblemIdentificationService.test.ts:445:17)
    at Promise.then.completed (C:\Users\stanl\OneDrive\Desktop\zion-scroll-forge\backend\node_modules\jest-circus\build\utils.js:298:28)
    at new Promise (&lt;anonymous&gt;)
    at callAsyncCircusFn (C:\Users\stanl\OneDrive\Desktop\zion-scroll-forge\backend\node_modules\jest-circus\build\utils.js:231:10)
    at _callCircusTest (C:\Users\stanl\OneDrive\Desktop\zion-scroll-forge\backend\node_modules\jest-circus\build\run.js:316:40)
    at processTicksAndRejections (node:internal/process/task_queues:105:5)
    at _runTest (C:\Users\stanl\OneDrive\Desktop\zion-scroll-forge\backend\node_modules\jest-circus\build\run.js:252:3)
    at _runTestsForDescribeBlock (C:\Users\stanl\OneDrive\Desktop\zion-scroll-forge\backend\node_modules\jest-circus\build\run.js:126:9)
    at _runTestsForDescribeBlock (C:\Users\stanl\OneDrive\Desktop\zion-scroll-forge\backend\node_modules\jest-circus\build\run.js:121:9)
    at _runTestsForDescribeBlock (C:\Users\stanl\OneDrive\Desktop\zion-scroll-forge\backend\node_modules\jest-circus\build\run.js:121:9)
    at run (C:\Users\stanl\OneDrive\Desktop\zion-scroll-forge\backend\node_modules\jest-circus\build\run.js:71:3)
    at runAndTransformResultsToJestFormat (C:\Users\stanl\OneDrive\Desktop\zion-scroll-forge\backend\node_modules\jest-circus\build\legacy-code-todo-rewrite\jestAdapterInit.js:122:21)
    at jestAdapter (C:\Users\stanl\OneDrive\Desktop\zion-scroll-forge\backend\node_modules\jest-circus\build\legacy-code-todo-rewrite\jestAdapter.js:79:19)
    at runTestInternal (C:\Users\stanl\OneDrive\Desktop\zion-scroll-forge\backend\node_modules\jest-runner\build\runTest.js:367:16)
    at runTest (C:\Users\stanl\OneDrive\Desktop\zion-scroll-forge\backend\node_modules\jest-runner\build\runTest.js:444:34)</failure>
    </testcase>
    <testcase classname="ScrollProblemIdentificationService › addMilestone" name="should add a milestone to an assignment" time="0">
      <failure>TypeError: Cannot read properties of undefined (reading &apos;create&apos;)
    at Object.&lt;anonymous&gt; (C:\Users\stanl\OneDrive\Desktop\zion-scroll-forge\backend\src\services\__tests__\ScrollProblemIdentificationService.test.ts:468:38)
    at Promise.then.completed (C:\Users\stanl\OneDrive\Desktop\zion-scroll-forge\backend\node_modules\jest-circus\build\utils.js:298:28)
    at new Promise (&lt;anonymous&gt;)
    at callAsyncCircusFn (C:\Users\stanl\OneDrive\Desktop\zion-scroll-forge\backend\node_modules\jest-circus\build\utils.js:231:10)
    at _callCircusTest (C:\Users\stanl\OneDrive\Desktop\zion-scroll-forge\backend\node_modules\jest-circus\build\run.js:316:40)
    at processTicksAndRejections (node:internal/process/task_queues:105:5)
    at _runTest (C:\Users\stanl\OneDrive\Desktop\zion-scroll-forge\backend\node_modules\jest-circus\build\run.js:252:3)
    at _runTestsForDescribeBlock (C:\Users\stanl\OneDrive\Desktop\zion-scroll-forge\backend\node_modules\jest-circus\build\run.js:126:9)
    at _runTestsForDescribeBlock (C:\Users\stanl\OneDrive\Desktop\zion-scroll-forge\backend\node_modules\jest-circus\build\run.js:121:9)
    at _runTestsForDescribeBlock (C:\Users\stanl\OneDrive\Desktop\zion-scroll-forge\backend\node_modules\jest-circus\build\run.js:121:9)
    at run (C:\Users\stanl\OneDrive\Desktop\zion-scroll-forge\backend\node_modules\jest-circus\build\run.js:71:3)
    at runAndTransformResultsToJestFormat (C:\Users\stanl\OneDrive\Desktop\zion-scroll-forge\backend\node_modules\jest-circus\build\legacy-code-todo-rewrite\jestAdapterInit.js:122:21)
    at jestAdapter (C:\Users\stanl\OneDrive\Desktop\zion-scroll-forge\backend\node_modules\jest-circus\build\legacy-code-todo-rewrite\jestAdapter.js:79:19)
    at runTestInternal (C:\Users\stanl\OneDrive\Desktop\zion-scroll-forge\backend\node_modules\jest-runner\build\runTest.js:367:16)
    at runTest (C:\Users\stanl\OneDrive\Desktop\zion-scroll-forge\backend\node_modules\jest-runner\build\runTest.js:444:34)</failure>
    </testcase>
    <testcase classname="ScrollProblemIdentificationService › addMilestone" name="should mark milestone as completed" time="0">
      <failure>TypeError: Cannot read properties of undefined (reading &apos;update&apos;)
    at Object.&lt;anonymous&gt; (C:\Users\stanl\OneDrive\Desktop\zion-scroll-forge\backend\src\services\__tests__\ScrollProblemIdentificationService.test.ts:487:38)
    at Promise.then.completed (C:\Users\stanl\OneDrive\Desktop\zion-scroll-forge\backend\node_modules\jest-circus\build\utils.js:298:28)
    at new Promise (&lt;anonymous&gt;)
    at callAsyncCircusFn (C:\Users\stanl\OneDrive\Desktop\zion-scroll-forge\backend\node_modules\jest-circus\build\utils.js:231:10)
    at _callCircusTest (C:\Users\stanl\OneDrive\Desktop\zion-scroll-forge\backend\node_modules\jest-circus\build\run.js:316:40)
    at processTicksAndRejections (node:internal/process/task_queues:105:5)
    at _runTest (C:\Users\stanl\OneDrive\Desktop\zion-scroll-forge\backend\node_modules\jest-circus\build\run.js:252:3)
    at _runTestsForDescribeBlock (C:\Users\stanl\OneDrive\Desktop\zion-scroll-forge\backend\node_modules\jest-circus\build\run.js:126:9)
    at _runTestsForDescribeBlock (C:\Users\stanl\OneDrive\Desktop\zion-scroll-forge\backend\node_modules\jest-circus\build\run.js:121:9)
    at _runTestsForDescribeBlock (C:\Users\stanl\OneDrive\Desktop\zion-scroll-forge\backend\node_modules\jest-circus\build\run.js:121:9)
    at run (C:\Users\stanl\OneDrive\Desktop\zion-scroll-forge\backend\node_modules\jest-circus\build\run.js:71:3)
    at runAndTransformResultsToJestFormat (C:\Users\stanl\OneDrive\Desktop\zion-scroll-forge\backend\node_modules\jest-circus\build\legacy-code-todo-rewrite\jestAdapterInit.js:122:21)
    at jestAdapter (C:\Users\stanl\OneDrive\Desktop\zion-scroll-forge\backend\node_modules\jest-circus\build\legacy-code-todo-rewrite\jestAdapter.js:79:19)
    at runTestInternal (C:\Users\stanl\OneDrive\Desktop\zion-scroll-forge\backend\node_modules\jest-runner\build\runTest.js:367:16)
    at runTest (C:\Users\stanl\OneDrive\Desktop\zion-scroll-forge\backend\node_modules\jest-runner\build\runTest.js:444:34)</failure>
    </testcase>
    <testcase classname="ScrollProblemIdentificationService › addFeedback" name="should add mentor feedback to assignment" time="0">
      <failure>TypeError: Cannot read properties of undefined (reading &apos;MENTOR&apos;)
    at Object.&lt;anonymous&gt; (C:\Users\stanl\OneDrive\Desktop\zion-scroll-forge\backend\src\services\__tests__\ScrollProblemIdentificationService.test.ts:506:40)
    at Promise.then.completed (C:\Users\stanl\OneDrive\Desktop\zion-scroll-forge\backend\node_modules\jest-circus\build\utils.js:298:28)
    at new Promise (&lt;anonymous&gt;)
    at callAsyncCircusFn (C:\Users\stanl\OneDrive\Desktop\zion-scroll-forge\backend\node_modules\jest-circus\build\utils.js:231:10)
    at _callCircusTest (C:\Users\stanl\OneDrive\Desktop\zion-scroll-forge\backend\node_modules\jest-circus\build\run.js:316:40)
    at processTicksAndRejections (node:internal/process/task_queues:105:5)
    at _runTest (C:\Users\stanl\OneDrive\Desktop\zion-scroll-forge\backend\node_modules\jest-circus\build\run.js:252:3)
    at _runTestsForDescribeBlock (C:\Users\stanl\OneDrive\Desktop\zion-scroll-forge\backend\node_modules\jest-circus\build\run.js:126:9)
    at _runTestsForDescribeBlock (C:\Users\stanl\OneDrive\Desktop\zion-scroll-forge\backend\node_modules\jest-circus\build\run.js:121:9)
    at _runTestsForDescribeBlock (C:\Users\stanl\OneDrive\Desktop\zion-scroll-forge\backend\node_modules\jest-circus\build\run.js:121:9)
    at run (C:\Users\stanl\OneDrive\Desktop\zion-scroll-forge\backend\node_modules\jest-circus\build\run.js:71:3)
    at runAndTransformResultsToJestFormat (C:\Users\stanl\OneDrive\Desktop\zion-scroll-forge\backend\node_modules\jest-circus\build\legacy-code-todo-rewrite\jestAdapterInit.js:122:21)
    at jestAdapter (C:\Users\stanl\OneDrive\Desktop\zion-scroll-forge\backend\node_modules\jest-circus\build\legacy-code-todo-rewrite\jestAdapter.js:79:19)
    at runTestInternal (C:\Users\stanl\OneDrive\Desktop\zion-scroll-forge\backend\node_modules\jest-runner\build\runTest.js:367:16)
    at runTest (C:\Users\stanl\OneDrive\Desktop\zion-scroll-forge\backend\node_modules\jest-runner\build\runTest.js:444:34)</failure>
    </testcase>
    <testcase classname="ScrollProblemIdentificationService › addFeedback" name="should add AI-generated feedback" time="0.001">
      <failure>TypeError: Cannot read properties of undefined (reading &apos;AI&apos;)
    at Object.&lt;anonymous&gt; (C:\Users\stanl\OneDrive\Desktop\zion-scroll-forge\backend\src\services\__tests__\ScrollProblemIdentificationService.test.ts:528:40)
    at Promise.then.completed (C:\Users\stanl\OneDrive\Desktop\zion-scroll-forge\backend\node_modules\jest-circus\build\utils.js:298:28)
    at new Promise (&lt;anonymous&gt;)
    at callAsyncCircusFn (C:\Users\stanl\OneDrive\Desktop\zion-scroll-forge\backend\node_modules\jest-circus\build\utils.js:231:10)
    at _callCircusTest (C:\Users\stanl\OneDrive\Desktop\zion-scroll-forge\backend\node_modules\jest-circus\build\run.js:316:40)
    at processTicksAndRejections (node:internal/process/task_queues:105:5)
    at _runTest (C:\Users\stanl\OneDrive\Desktop\zion-scroll-forge\backend\node_modules\jest-circus\build\run.js:252:3)
    at _runTestsForDescribeBlock (C:\Users\stanl\OneDrive\Desktop\zion-scroll-forge\backend\node_modules\jest-circus\build\run.js:126:9)
    at _runTestsForDescribeBlock (C:\Users\stanl\OneDrive\Desktop\zion-scroll-forge\backend\node_modules\jest-circus\build\run.js:121:9)
    at _runTestsForDescribeBlock (C:\Users\stanl\OneDrive\Desktop\zion-scroll-forge\backend\node_modules\jest-circus\build\run.js:121:9)
    at run (C:\Users\stanl\OneDrive\Desktop\zion-scroll-forge\backend\node_modules\jest-circus\build\run.js:71:3)
    at runAndTransformResultsToJestFormat (C:\Users\stanl\OneDrive\Desktop\zion-scroll-forge\backend\node_modules\jest-circus\build\legacy-code-todo-rewrite\jestAdapterInit.js:122:21)
    at jestAdapter (C:\Users\stanl\OneDrive\Desktop\zion-scroll-forge\backend\node_modules\jest-circus\build\legacy-code-todo-rewrite\jestAdapter.js:79:19)
    at runTestInternal (C:\Users\stanl\OneDrive\Desktop\zion-scroll-forge\backend\node_modules\jest-runner\build\runTest.js:367:16)
    at runTest (C:\Users\stanl\OneDrive\Desktop\zion-scroll-forge\backend\node_modules\jest-runner\build\runTest.js:444:34)</failure>
    </testcase>
    <testcase classname="ScrollProblemIdentificationService › addFeedback" name="should retrieve all feedback for an assignment" time="0">
      <failure>TypeError: Cannot read properties of undefined (reading &apos;MENTOR&apos;)
    at Object.&lt;anonymous&gt; (C:\Users\stanl\OneDrive\Desktop\zion-scroll-forge\backend\src\services\__tests__\ScrollProblemIdentificationService.test.ts:546:60)
    at Promise.then.completed (C:\Users\stanl\OneDrive\Desktop\zion-scroll-forge\backend\node_modules\jest-circus\build\utils.js:298:28)
    at new Promise (&lt;anonymous&gt;)
    at callAsyncCircusFn (C:\Users\stanl\OneDrive\Desktop\zion-scroll-forge\backend\node_modules\jest-circus\build\utils.js:231:10)
    at _callCircusTest (C:\Users\stanl\OneDrive\Desktop\zion-scroll-forge\backend\node_modules\jest-circus\build\run.js:316:40)
    at processTicksAndRejections (node:internal/process/task_queues:105:5)
    at _runTest (C:\Users\stanl\OneDrive\Desktop\zion-scroll-forge\backend\node_modules\jest-circus\build\run.js:252:3)
    at _runTestsForDescribeBlock (C:\Users\stanl\OneDrive\Desktop\zion-scroll-forge\backend\node_modules\jest-circus\build\run.js:126:9)
    at _runTestsForDescribeBlock (C:\Users\stanl\OneDrive\Desktop\zion-scroll-forge\backend\node_modules\jest-circus\build\run.js:121:9)
    at _runTestsForDescribeBlock (C:\Users\stanl\OneDrive\Desktop\zion-scroll-forge\backend\node_modules\jest-circus\build\run.js:121:9)
    at run (C:\Users\stanl\OneDrive\Desktop\zion-scroll-forge\backend\node_modules\jest-circus\build\run.js:71:3)
    at runAndTransformResultsToJestFormat (C:\Users\stanl\OneDrive\Desktop\zion-scroll-forge\backend\node_modules\jest-circus\build\legacy-code-todo-rewrite\jestAdapterInit.js:122:21)
    at jestAdapter (C:\Users\stanl\OneDrive\Desktop\zion-scroll-forge\backend\node_modules\jest-circus\build\legacy-code-todo-rewrite\jestAdapter.js:79:19)
    at runTestInternal (C:\Users\stanl\OneDrive\Desktop\zion-scroll-forge\backend\node_modules\jest-runner\build\runTest.js:367:16)
    at runTest (C:\Users\stanl\OneDrive\Desktop\zion-scroll-forge\backend\node_modules\jest-runner\build\runTest.js:444:34)</failure>
    </testcase>
    <testcase classname="ScrollProblemIdentificationService › getAssignmentAnalytics" name="should calculate assignment completion rate" time="0">
      <failure>TypeError: Cannot read properties of undefined (reading &apos;count&apos;)
    at Object.&lt;anonymous&gt; (C:\Users\stanl\OneDrive\Desktop\zion-scroll-forge\backend\src\services\__tests__\ScrollProblemIdentificationService.test.ts:566:36)
    at Promise.then.completed (C:\Users\stanl\OneDrive\Desktop\zion-scroll-forge\backend\node_modules\jest-circus\build\utils.js:298:28)
    at new Promise (&lt;anonymous&gt;)
    at callAsyncCircusFn (C:\Users\stanl\OneDrive\Desktop\zion-scroll-forge\backend\node_modules\jest-circus\build\utils.js:231:10)
    at _callCircusTest (C:\Users\stanl\OneDrive\Desktop\zion-scroll-forge\backend\node_modules\jest-circus\build\run.js:316:40)
    at processTicksAndRejections (node:internal/process/task_queues:105:5)
    at _runTest (C:\Users\stanl\OneDrive\Desktop\zion-scroll-forge\backend\node_modules\jest-circus\build\run.js:252:3)
    at _runTestsForDescribeBlock (C:\Users\stanl\OneDrive\Desktop\zion-scroll-forge\backend\node_modules\jest-circus\build\run.js:126:9)
    at _runTestsForDescribeBlock (C:\Users\stanl\OneDrive\Desktop\zion-scroll-forge\backend\node_modules\jest-circus\build\run.js:121:9)
    at _runTestsForDescribeBlock (C:\Users\stanl\OneDrive\Desktop\zion-scroll-forge\backend\node_modules\jest-circus\build\run.js:121:9)
    at run (C:\Users\stanl\OneDrive\Desktop\zion-scroll-forge\backend\node_modules\jest-circus\build\run.js:71:3)
    at runAndTransformResultsToJestFormat (C:\Users\stanl\OneDrive\Desktop\zion-scroll-forge\backend\node_modules\jest-circus\build\legacy-code-todo-rewrite\jestAdapterInit.js:122:21)
    at jestAdapter (C:\Users\stanl\OneDrive\Desktop\zion-scroll-forge\backend\node_modules\jest-circus\build\legacy-code-todo-rewrite\jestAdapter.js:79:19)
    at runTestInternal (C:\Users\stanl\OneDrive\Desktop\zion-scroll-forge\backend\node_modules\jest-runner\build\runTest.js:367:16)
    at runTest (C:\Users\stanl\OneDrive\Desktop\zion-scroll-forge\backend\node_modules\jest-runner\build\runTest.js:444:34)</failure>
    </testcase>
    <testcase classname="ScrollProblemIdentificationService › getAssignmentAnalytics" name="should calculate average progress across assignments" time="0.001">
      <failure>TypeError: Cannot read properties of undefined (reading &apos;findMany&apos;)
    at Object.&lt;anonymous&gt; (C:\Users\stanl\OneDrive\Desktop\zion-scroll-forge\backend\src\services\__tests__\ScrollProblemIdentificationService.test.ts:585:36)
    at Promise.then.completed (C:\Users\stanl\OneDrive\Desktop\zion-scroll-forge\backend\node_modules\jest-circus\build\utils.js:298:28)
    at new Promise (&lt;anonymous&gt;)
    at callAsyncCircusFn (C:\Users\stanl\OneDrive\Desktop\zion-scroll-forge\backend\node_modules\jest-circus\build\utils.js:231:10)
    at _callCircusTest (C:\Users\stanl\OneDrive\Desktop\zion-scroll-forge\backend\node_modules\jest-circus\build\run.js:316:40)
    at processTicksAndRejections (node:internal/process/task_queues:105:5)
    at _runTest (C:\Users\stanl\OneDrive\Desktop\zion-scroll-forge\backend\node_modules\jest-circus\build\run.js:252:3)
    at _runTestsForDescribeBlock (C:\Users\stanl\OneDrive\Desktop\zion-scroll-forge\backend\node_modules\jest-circus\build\run.js:126:9)
    at _runTestsForDescribeBlock (C:\Users\stanl\OneDrive\Desktop\zion-scroll-forge\backend\node_modules\jest-circus\build\run.js:121:9)
    at _runTestsForDescribeBlock (C:\Users\stanl\OneDrive\Desktop\zion-scroll-forge\backend\node_modules\jest-circus\build\run.js:121:9)
    at run (C:\Users\stanl\OneDrive\Desktop\zion-scroll-forge\backend\node_modules\jest-circus\build\run.js:71:3)
    at runAndTransformResultsToJestFormat (C:\Users\stanl\OneDrive\Desktop\zion-scroll-forge\backend\node_modules\jest-circus\build\legacy-code-todo-rewrite\jestAdapterInit.js:122:21)
    at jestAdapter (C:\Users\stanl\OneDrive\Desktop\zion-scroll-forge\backend\node_modules\jest-circus\build\legacy-code-todo-rewrite\jestAdapter.js:79:19)
    at runTestInternal (C:\Users\stanl\OneDrive\Desktop\zion-scroll-forge\backend\node_modules\jest-runner\build\runTest.js:367:16)
    at runTest (C:\Users\stanl\OneDrive\Desktop\zion-scroll-forge\backend\node_modules\jest-runner\build\runTest.js:444:34)</failure>
    </testcase>
    <testcase classname="ScrollProblemIdentificationService › getProblemAnalytics" name="should calculate problem assignment statistics" time="0">
      <failure>TypeError: Cannot read properties of undefined (reading &apos;count&apos;)
    at Object.&lt;anonymous&gt; (C:\Users\stanl\OneDrive\Desktop\zion-scroll-forge\backend\src\services\__tests__\ScrollProblemIdentificationService.test.ts:595:36)
    at Promise.then.completed (C:\Users\stanl\OneDrive\Desktop\zion-scroll-forge\backend\node_modules\jest-circus\build\utils.js:298:28)
    at new Promise (&lt;anonymous&gt;)
    at callAsyncCircusFn (C:\Users\stanl\OneDrive\Desktop\zion-scroll-forge\backend\node_modules\jest-circus\build\utils.js:231:10)
    at _callCircusTest (C:\Users\stanl\OneDrive\Desktop\zion-scroll-forge\backend\node_modules\jest-circus\build\run.js:316:40)
    at processTicksAndRejections (node:internal/process/task_queues:105:5)
    at _runTest (C:\Users\stanl\OneDrive\Desktop\zion-scroll-forge\backend\node_modules\jest-circus\build\run.js:252:3)
    at _runTestsForDescribeBlock (C:\Users\stanl\OneDrive\Desktop\zion-scroll-forge\backend\node_modules\jest-circus\build\run.js:126:9)
    at _runTestsForDescribeBlock (C:\Users\stanl\OneDrive\Desktop\zion-scroll-forge\backend\node_modules\jest-circus\build\run.js:121:9)
    at _runTestsForDescribeBlock (C:\Users\stanl\OneDrive\Desktop\zion-scroll-forge\backend\node_modules\jest-circus\build\run.js:121:9)
    at run (C:\Users\stanl\OneDrive\Desktop\zion-scroll-forge\backend\node_modules\jest-circus\build\run.js:71:3)
    at runAndTransformResultsToJestFormat (C:\Users\stanl\OneDrive\Desktop\zion-scroll-forge\backend\node_modules\jest-circus\build\legacy-code-todo-rewrite\jestAdapterInit.js:122:21)
    at jestAdapter (C:\Users\stanl\OneDrive\Desktop\zion-scroll-forge\backend\node_modules\jest-circus\build\legacy-code-todo-rewrite\jestAdapter.js:79:19)
    at runTestInternal (C:\Users\stanl\OneDrive\Desktop\zion-scroll-forge\backend\node_modules\jest-runner\build\runTest.js:367:16)
    at runTest (C:\Users\stanl\OneDrive\Desktop\zion-scroll-forge\backend\node_modules\jest-runner\build\runTest.js:444:34)</failure>
    </testcase>
    <testcase classname="ScrollProblemIdentificationService › Error Handling" name="should handle database connection errors" time="0">
      <failure>TypeError: Cannot read properties of undefined (reading &apos;findMany&apos;)
    at Object.&lt;anonymous&gt; (C:\Users\stanl\OneDrive\Desktop\zion-scroll-forge\backend\src\services\__tests__\ScrollProblemIdentificationService.test.ts:615:32)
    at Promise.then.completed (C:\Users\stanl\OneDrive\Desktop\zion-scroll-forge\backend\node_modules\jest-circus\build\utils.js:298:28)
    at new Promise (&lt;anonymous&gt;)
    at callAsyncCircusFn (C:\Users\stanl\OneDrive\Desktop\zion-scroll-forge\backend\node_modules\jest-circus\build\utils.js:231:10)
    at _callCircusTest (C:\Users\stanl\OneDrive\Desktop\zion-scroll-forge\backend\node_modules\jest-circus\build\run.js:316:40)
    at processTicksAndRejections (node:internal/process/task_queues:105:5)
    at _runTest (C:\Users\stanl\OneDrive\Desktop\zion-scroll-forge\backend\node_modules\jest-circus\build\run.js:252:3)
    at _runTestsForDescribeBlock (C:\Users\stanl\OneDrive\Desktop\zion-scroll-forge\backend\node_modules\jest-circus\build\run.js:126:9)
    at _runTestsForDescribeBlock (C:\Users\stanl\OneDrive\Desktop\zion-scroll-forge\backend\node_modules\jest-circus\build\run.js:121:9)
    at _runTestsForDescribeBlock (C:\Users\stanl\OneDrive\Desktop\zion-scroll-forge\backend\node_modules\jest-circus\build\run.js:121:9)
    at run (C:\Users\stanl\OneDrive\Desktop\zion-scroll-forge\backend\node_modules\jest-circus\build\run.js:71:3)
    at runAndTransformResultsToJestFormat (C:\Users\stanl\OneDrive\Desktop\zion-scroll-forge\backend\node_modules\jest-circus\build\legacy-code-todo-rewrite\jestAdapterInit.js:122:21)
    at jestAdapter (C:\Users\stanl\OneDrive\Desktop\zion-scroll-forge\backend\node_modules\jest-circus\build\legacy-code-todo-rewrite\jestAdapter.js:79:19)
    at runTestInternal (C:\Users\stanl\OneDrive\Desktop\zion-scroll-forge\backend\node_modules\jest-runner\build\runTest.js:367:16)
    at runTest (C:\Users\stanl\OneDrive\Desktop\zion-scroll-forge\backend\node_modules\jest-runner\build\runTest.js:444:34)</failure>
    </testcase>
    <testcase classname="ScrollProblemIdentificationService › Error Handling" name="should handle invalid UUID format" time="0">
      <failure>TypeError: Cannot read properties of undefined (reading &apos;findUnique&apos;)
    at Object.&lt;anonymous&gt; (C:\Users\stanl\OneDrive\Desktop\zion-scroll-forge\backend\src\services\__tests__\ScrollProblemIdentificationService.test.ts:623:32)
    at Promise.then.completed (C:\Users\stanl\OneDrive\Desktop\zion-scroll-forge\backend\node_modules\jest-circus\build\utils.js:298:28)
    at new Promise (&lt;anonymous&gt;)
    at callAsyncCircusFn (C:\Users\stanl\OneDrive\Desktop\zion-scroll-forge\backend\node_modules\jest-circus\build\utils.js:231:10)
    at _callCircusTest (C:\Users\stanl\OneDrive\Desktop\zion-scroll-forge\backend\node_modules\jest-circus\build\run.js:316:40)
    at processTicksAndRejections (node:internal/process/task_queues:105:5)
    at _runTest (C:\Users\stanl\OneDrive\Desktop\zion-scroll-forge\backend\node_modules\jest-circus\build\run.js:252:3)
    at _runTestsForDescribeBlock (C:\Users\stanl\OneDrive\Desktop\zion-scroll-forge\backend\node_modules\jest-circus\build\run.js:126:9)
    at _runTestsForDescribeBlock (C:\Users\stanl\OneDrive\Desktop\zion-scroll-forge\backend\node_modules\jest-circus\build\run.js:121:9)
    at _runTestsForDescribeBlock (C:\Users\stanl\OneDrive\Desktop\zion-scroll-forge\backend\node_modules\jest-circus\build\run.js:121:9)
    at run (C:\Users\stanl\OneDrive\Desktop\zion-scroll-forge\backend\node_modules\jest-circus\build\run.js:71:3)
    at runAndTransformResultsToJestFormat (C:\Users\stanl\OneDrive\Desktop\zion-scroll-forge\backend\node_modules\jest-circus\build\legacy-code-todo-rewrite\jestAdapterInit.js:122:21)
    at jestAdapter (C:\Users\stanl\OneDrive\Desktop\zion-scroll-forge\backend\node_modules\jest-circus\build\legacy-code-todo-rewrite\jestAdapter.js:79:19)
    at runTestInternal (C:\Users\stanl\OneDrive\Desktop\zion-scroll-forge\backend\node_modules\jest-runner\build\runTest.js:367:16)
    at runTest (C:\Users\stanl\OneDrive\Desktop\zion-scroll-forge\backend\node_modules\jest-runner\build\runTest.js:444:34)</failure>
    </testcase>
    <testcase classname="ScrollProblemIdentificationService › Error Handling" name="should handle concurrent assignment conflicts" time="0">
      <failure>TypeError: Cannot read properties of undefined (reading &apos;create&apos;)
    at Object.&lt;anonymous&gt; (C:\Users\stanl\OneDrive\Desktop\zion-scroll-forge\backend\src\services\__tests__\ScrollProblemIdentificationService.test.ts:631:36)
    at Promise.then.completed (C:\Users\stanl\OneDrive\Desktop\zion-scroll-forge\backend\node_modules\jest-circus\build\utils.js:298:28)
    at new Promise (&lt;anonymous&gt;)
    at callAsyncCircusFn (C:\Users\stanl\OneDrive\Desktop\zion-scroll-forge\backend\node_modules\jest-circus\build\utils.js:231:10)
    at _callCircusTest (C:\Users\stanl\OneDrive\Desktop\zion-scroll-forge\backend\node_modules\jest-circus\build\run.js:316:40)
    at processTicksAndRejections (node:internal/process/task_queues:105:5)
    at _runTest (C:\Users\stanl\OneDrive\Desktop\zion-scroll-forge\backend\node_modules\jest-circus\build\run.js:252:3)
    at _runTestsForDescribeBlock (C:\Users\stanl\OneDrive\Desktop\zion-scroll-forge\backend\node_modules\jest-circus\build\run.js:126:9)
    at _runTestsForDescribeBlock (C:\Users\stanl\OneDrive\Desktop\zion-scroll-forge\backend\node_modules\jest-circus\build\run.js:121:9)
    at _runTestsForDescribeBlock (C:\Users\stanl\OneDrive\Desktop\zion-scroll-forge\backend\node_modules\jest-circus\build\run.js:121:9)
    at run (C:\Users\stanl\OneDrive\Desktop\zion-scroll-forge\backend\node_modules\jest-circus\build\run.js:71:3)
    at runAndTransformResultsToJestFormat (C:\Users\stanl\OneDrive\Desktop\zion-scroll-forge\backend\node_modules\jest-circus\build\legacy-code-todo-rewrite\jestAdapterInit.js:122:21)
    at jestAdapter (C:\Users\stanl\OneDrive\Desktop\zion-scroll-forge\backend\node_modules\jest-circus\build\legacy-code-todo-rewrite\jestAdapter.js:79:19)
    at runTestInternal (C:\Users\stanl\OneDrive\Desktop\zion-scroll-forge\backend\node_modules\jest-runner\build\runTest.js:367:16)
    at runTest (C:\Users\stanl\OneDrive\Desktop\zion-scroll-forge\backend\node_modules\jest-runner\build\runTest.js:444:34)</failure>
    </testcase>
    <testcase classname="ScrollProblemIdentificationService › Integration Scenarios" name="should handle complete problem lifecycle" time="0.001">
      <failure>TypeError: Cannot read properties of undefined (reading &apos;create&apos;)
    at Object.&lt;anonymous&gt; (C:\Users\stanl\OneDrive\Desktop\zion-scroll-forge\backend\src\services\__tests__\ScrollProblemIdentificationService.test.ts:649:32)
    at Promise.then.completed (C:\Users\stanl\OneDrive\Desktop\zion-scroll-forge\backend\node_modules\jest-circus\build\utils.js:298:28)
    at new Promise (&lt;anonymous&gt;)
    at callAsyncCircusFn (C:\Users\stanl\OneDrive\Desktop\zion-scroll-forge\backend\node_modules\jest-circus\build\utils.js:231:10)
    at _callCircusTest (C:\Users\stanl\OneDrive\Desktop\zion-scroll-forge\backend\node_modules\jest-circus\build\run.js:316:40)
    at processTicksAndRejections (node:internal/process/task_queues:105:5)
    at _runTest (C:\Users\stanl\OneDrive\Desktop\zion-scroll-forge\backend\node_modules\jest-circus\build\run.js:252:3)
    at _runTestsForDescribeBlock (C:\Users\stanl\OneDrive\Desktop\zion-scroll-forge\backend\node_modules\jest-circus\build\run.js:126:9)
    at _runTestsForDescribeBlock (C:\Users\stanl\OneDrive\Desktop\zion-scroll-forge\backend\node_modules\jest-circus\build\run.js:121:9)
    at _runTestsForDescribeBlock (C:\Users\stanl\OneDrive\Desktop\zion-scroll-forge\backend\node_modules\jest-circus\build\run.js:121:9)
    at run (C:\Users\stanl\OneDrive\Desktop\zion-scroll-forge\backend\node_modules\jest-circus\build\run.js:71:3)
    at runAndTransformResultsToJestFormat (C:\Users\stanl\OneDrive\Desktop\zion-scroll-forge\backend\node_modules\jest-circus\build\legacy-code-todo-rewrite\jestAdapterInit.js:122:21)
    at jestAdapter (C:\Users\stanl\OneDrive\Desktop\zion-scroll-forge\backend\node_modules\jest-circus\build\legacy-code-todo-rewrite\jestAdapter.js:79:19)
    at runTestInternal (C:\Users\stanl\OneDrive\Desktop\zion-scroll-forge\backend\node_modules\jest-runner\build\runTest.js:367:16)
    at runTest (C:\Users\stanl\OneDrive\Desktop\zion-scroll-forge\backend\node_modules\jest-runner\build\runTest.js:444:34)</failure>
    </testcase>
  </testsuite>
</testsuites>