TN:
SF:src\admissions-server.ts
FN:65,(anonymous_1)
FN:75,(anonymous_2)
FN:133,(anonymous_3)
FN:145,(anonymous_4)
FN:164,(anonymous_5)
FN:165,(anonymous_6)
FN:168,(anonymous_7)
FN:173,(anonymous_8)
FN:179,(anonymous_9)
FN:194,(anonymous_10)
FN:201,(anonymous_11)
FNF:11
FNH:0
FNDA:0,(anonymous_1)
FNDA:0,(anonymous_2)
FNDA:0,(anonymous_3)
FNDA:0,(anonymous_4)
FNDA:0,(anonymous_5)
FNDA:0,(anonymous_6)
FNDA:0,(anonymous_7)
FNDA:0,(anonymous_8)
FNDA:0,(anonymous_9)
FNDA:0,(anonymous_10)
FNDA:0,(anonymous_11)
DA:1,0
DA:2,0
DA:3,0
DA:4,0
DA:5,0
DA:6,0
DA:7,0
DA:8,0
DA:9,0
DA:10,0
DA:13,0
DA:16,0
DA:17,0
DA:20,0
DA:38,0
DA:48,0
DA:55,0
DA:58,0
DA:59,0
DA:62,0
DA:65,0
DA:66,0
DA:71,0
DA:75,0
DA:76,0
DA:78,0
DA:81,0
DA:83,0
DA:94,0
DA:96,0
DA:97,0
DA:106,0
DA:109,0
DA:112,0
DA:115,0
DA:118,0
DA:121,0
DA:124,0
DA:127,0
DA:130,0
DA:133,0
DA:134,0
DA:142,0
DA:145,0
DA:146,0
DA:148,0
DA:150,0
DA:153,0
DA:155,0
DA:156,0
DA:158,0
DA:159,0
DA:164,0
DA:165,0
DA:168,0
DA:169,0
DA:170,0
DA:173,0
DA:174,0
DA:175,0
DA:179,0
DA:180,0
DA:182,0
DA:183,0
DA:186,0
DA:187,0
DA:188,0
DA:190,0
DA:194,0
DA:195,0
DA:196,0
DA:197,0
DA:201,0
DA:202,0
DA:203,0
DA:205,0
DA:207,0
DA:210,0
DA:212,0
DA:213,0
DA:218,0
DA:219,0
DA:222,0
DA:223,0
LF:84
LH:0
BRDA:17,0,0,0
BRDA:17,0,1,0
BRDA:39,1,0,0
BRDA:39,1,1,0
BRDA:88,2,0,0
BRDA:88,2,1,0
BRDA:91,3,0,0
BRDA:91,3,1,0
BRDA:187,4,0,0
BRDA:187,4,1,0
BRDA:196,5,0,0
BRDA:196,5,1,0
BRDA:202,6,0,0
BRDA:202,6,1,0
BRDA:218,7,0,0
BRF:15
BRH:0
end_of_record
TN:
SF:src\metrics.ts
FN:14,metricsMiddleware
FN:16,(anonymous_2)
FN:22,metricsHandler
FNF:3
FNH:0
FNDA:0,metricsMiddleware
FNDA:0,(anonymous_2)
FNDA:0,metricsHandler
DA:1,0
DA:5,0
DA:7,0
DA:14,0
DA:15,0
DA:16,0
DA:17,0
DA:19,0
DA:22,0
DA:23,0
DA:24,0
LF:11
LH:0
BRF:0
BRH:0
end_of_record
TN:
SF:src\config\redis-admissions.config.ts
FN:32,(anonymous_1)
FN:68,(anonymous_2)
FN:69,(anonymous_3)
FN:73,(anonymous_4)
FN:77,(anonymous_5)
FN:81,(anonymous_6)
FN:87,(anonymous_7)
FN:92,(anonymous_8)
FN:99,(anonymous_9)
FN:107,(anonymous_10)
FN:114,(anonymous_11)
FN:119,(anonymous_12)
FN:126,(anonymous_13)
FN:131,(anonymous_14)
FN:138,(anonymous_15)
FN:143,(anonymous_16)
FN:150,(anonymous_17)
FN:161,(anonymous_18)
FN:165,(anonymous_19)
FN:178,(anonymous_20)
FN:188,(anonymous_21)
FN:192,(anonymous_22)
FN:205,(anonymous_23)
FN:210,(anonymous_24)
FN:216,(anonymous_25)
FN:222,(anonymous_26)
FN:234,(anonymous_27)
FN:239,(anonymous_28)
FN:246,(anonymous_29)
FN:256,(anonymous_30)
FNF:30
FNH:0
FNDA:0,(anonymous_1)
FNDA:0,(anonymous_2)
FNDA:0,(anonymous_3)
FNDA:0,(anonymous_4)
FNDA:0,(anonymous_5)
FNDA:0,(anonymous_6)
FNDA:0,(anonymous_7)
FNDA:0,(anonymous_8)
FNDA:0,(anonymous_9)
FNDA:0,(anonymous_10)
FNDA:0,(anonymous_11)
FNDA:0,(anonymous_12)
FNDA:0,(anonymous_13)
FNDA:0,(anonymous_14)
FNDA:0,(anonymous_15)
FNDA:0,(anonymous_16)
FNDA:0,(anonymous_17)
FNDA:0,(anonymous_18)
FNDA:0,(anonymous_19)
FNDA:0,(anonymous_20)
FNDA:0,(anonymous_21)
FNDA:0,(anonymous_22)
FNDA:0,(anonymous_23)
FNDA:0,(anonymous_24)
FNDA:0,(anonymous_25)
FNDA:0,(anonymous_26)
FNDA:0,(anonymous_27)
FNDA:0,(anonymous_28)
FNDA:0,(anonymous_29)
FNDA:0,(anonymous_30)
DA:1,0
DA:2,0
DA:16,0
DA:27,0
DA:34,0
DA:46,0
DA:56,0
DA:65,0
DA:69,0
DA:70,0
DA:73,0
DA:74,0
DA:77,0
DA:78,0
DA:81,0
DA:82,0
DA:88,0
DA:89,0
DA:93,0
DA:94,0
DA:95,0
DA:100,0
DA:101,0
DA:104,0
DA:108,0
DA:109,0
DA:110,0
DA:115,0
DA:116,0
DA:120,0
DA:121,0
DA:122,0
DA:127,0
DA:128,0
DA:132,0
DA:133,0
DA:134,0
DA:139,0
DA:140,0
DA:144,0
DA:145,0
DA:146,0
DA:151,0
DA:152,0
DA:158,0
DA:162,0
DA:163,0
DA:165,0
DA:166,0
DA:167,0
DA:168,0
DA:169,0
DA:171,0
DA:179,0
DA:180,0
DA:185,0
DA:189,0
DA:190,0
DA:192,0
DA:193,0
DA:194,0
DA:195,0
DA:196,0
DA:198,0
DA:206,0
DA:207,0
DA:211,0
DA:212,0
DA:213,0
DA:217,0
DA:218,0
DA:223,0
DA:224,0
DA:226,0
DA:227,0
DA:230,0
DA:235,0
DA:236,0
DA:240,0
DA:241,0
DA:242,0
DA:247,0
DA:252,0
DA:257,0
DA:258,0
DA:259,0
DA:261,0
DA:262,0
DA:268,0
LF:89
LH:0
BRDA:17,0,0,0
BRDA:17,0,1,0
BRDA:18,1,0,0
BRDA:18,1,1,0
BRDA:20,2,0,0
BRDA:20,2,1,0
BRDA:32,3,0,0
BRDA:95,4,0,0
BRDA:95,4,1,0
BRDA:110,5,0,0
BRDA:110,5,1,0
BRDA:122,6,0,0
BRDA:122,6,1,0
BRDA:134,7,0,0
BRDA:134,7,1,0
BRDA:138,8,0,0
BRDA:146,9,0,0
BRDA:146,9,1,0
BRDA:166,10,0,0
BRDA:193,11,0,0
BRDA:213,12,0,0
BRDA:213,12,1,0
BRDA:226,13,0,0
BRDA:234,14,0,0
BRDA:242,15,0,0
BRDA:242,15,1,0
BRF:26
BRH:0
end_of_record
TN:
SF:src\config\redis-avatar-sessions.config.ts
FN:28,(anonymous_1)
FN:32,(anonymous_2)
FN:66,(anonymous_3)
FN:67,(anonymous_4)
FN:71,(anonymous_5)
FN:75,(anonymous_6)
FN:79,(anonymous_7)
FN:85,(anonymous_8)
FN:90,(anonymous_9)
FN:96,(anonymous_10)
FN:105,(anonymous_11)
FN:110,(anonymous_12)
FN:116,(anonymous_13)
FN:122,(anonymous_14)
FN:127,(anonymous_15)
FN:139,(anonymous_16)
FN:145,(anonymous_17)
FN:155,(anonymous_18)
FN:158,(anonymous_19)
FN:161,(anonymous_20)
FN:174,(anonymous_21)
FN:189,(anonymous_22)
FN:196,(anonymous_23)
FN:199,(anonymous_24)
FN:203,(anonymous_25)
FN:208,(anonymous_26)
FN:214,(anonymous_27)
FN:224,(anonymous_28)
FN:229,(anonymous_29)
FN:236,(anonymous_30)
FN:241,(anonymous_31)
FN:248,(anonymous_32)
FN:258,(anonymous_33)
FN:262,(anonymous_34)
FN:274,(anonymous_35)
FN:280,(anonymous_36)
FN:286,(anonymous_37)
FN:292,(anonymous_38)
FN:298,(anonymous_39)
FN:302,(anonymous_40)
FN:303,(anonymous_41)
FN:306,(anonymous_42)
FN:321,(anonymous_43)
FN:340,(anonymous_44)
FN:352,(anonymous_45)
FN:362,createAvatarSessionRedisConfig
FN:382,getAvatarSessionRedisManager
FNF:47
FNH:0
FNDA:0,(anonymous_1)
FNDA:0,(anonymous_2)
FNDA:0,(anonymous_3)
FNDA:0,(anonymous_4)
FNDA:0,(anonymous_5)
FNDA:0,(anonymous_6)
FNDA:0,(anonymous_7)
FNDA:0,(anonymous_8)
FNDA:0,(anonymous_9)
FNDA:0,(anonymous_10)
FNDA:0,(anonymous_11)
FNDA:0,(anonymous_12)
FNDA:0,(anonymous_13)
FNDA:0,(anonymous_14)
FNDA:0,(anonymous_15)
FNDA:0,(anonymous_16)
FNDA:0,(anonymous_17)
FNDA:0,(anonymous_18)
FNDA:0,(anonymous_19)
FNDA:0,(anonymous_20)
FNDA:0,(anonymous_21)
FNDA:0,(anonymous_22)
FNDA:0,(anonymous_23)
FNDA:0,(anonymous_24)
FNDA:0,(anonymous_25)
FNDA:0,(anonymous_26)
FNDA:0,(anonymous_27)
FNDA:0,(anonymous_28)
FNDA:0,(anonymous_29)
FNDA:0,(anonymous_30)
FNDA:0,(anonymous_31)
FNDA:0,(anonymous_32)
FNDA:0,(anonymous_33)
FNDA:0,(anonymous_34)
FNDA:0,(anonymous_35)
FNDA:0,(anonymous_36)
FNDA:0,(anonymous_37)
FNDA:0,(anonymous_38)
FNDA:0,(anonymous_39)
FNDA:0,(anonymous_40)
FNDA:0,(anonymous_41)
FNDA:0,(anonymous_42)
FNDA:0,(anonymous_43)
FNDA:0,(anonymous_44)
FNDA:0,(anonymous_45)
FNDA:0,createAvatarSessionRedisConfig
FNDA:0,getAvatarSessionRedisManager
DA:6,0
DA:23,0
DA:28,0
DA:29,0
DA:33,0
DA:49,0
DA:52,0
DA:58,0
DA:63,0
DA:67,0
DA:68,0
DA:71,0
DA:72,0
DA:75,0
DA:76,0
DA:79,0
DA:80,0
DA:86,0
DA:87,0
DA:91,0
DA:92,0
DA:93,0
DA:97,0
DA:98,0
DA:99,0
DA:100,0
DA:101,0
DA:106,0
DA:107,0
DA:111,0
DA:112,0
DA:117,0
DA:118,0
DA:119,0
DA:123,0
DA:124,0
DA:128,0
DA:129,0
DA:130,0
DA:132,0
DA:133,0
DA:136,0
DA:140,0
DA:141,0
DA:146,0
DA:147,0
DA:151,0
DA:152,0
DA:156,0
DA:157,0
DA:158,0
DA:162,0
DA:163,0
DA:165,0
DA:166,0
DA:167,0
DA:168,0
DA:169,0
DA:175,0
DA:176,0
DA:178,0
DA:179,0
DA:180,0
DA:181,0
DA:185,0
DA:190,0
DA:191,0
DA:192,0
DA:193,0
DA:197,0
DA:198,0
DA:199,0
DA:204,0
DA:205,0
DA:209,0
DA:210,0
DA:211,0
DA:215,0
DA:216,0
DA:217,0
DA:218,0
DA:219,0
DA:225,0
DA:226,0
DA:230,0
DA:231,0
DA:232,0
DA:237,0
DA:238,0
DA:242,0
DA:243,0
DA:244,0
DA:249,0
DA:250,0
DA:255,0
DA:259,0
DA:260,0
DA:262,0
DA:263,0
DA:264,0
DA:265,0
DA:266,0
DA:268,0
DA:275,0
DA:276,0
DA:281,0
DA:282,0
DA:283,0
DA:287,0
DA:288,0
DA:289,0
DA:293,0
DA:294,0
DA:299,0
DA:300,0
DA:301,0
DA:302,0
DA:303,0
DA:307,0
DA:308,0
DA:310,0
DA:311,0
DA:312,0
DA:313,0
DA:317,0
DA:322,0
DA:323,0
DA:325,0
DA:326,0
DA:327,0
DA:329,0
DA:330,0
DA:331,0
DA:332,0
DA:333,0
DA:337,0
DA:345,0
DA:353,0
DA:362,0
DA:363,0
DA:380,0
DA:382,0
DA:383,0
DA:384,0
DA:385,0
DA:387,0
DA:390,0
LF:147
LH:0
BRDA:85,0,0,0
BRDA:93,1,0,0
BRDA:93,1,1,0
BRDA:96,2,0,0
BRDA:99,3,0,0
BRDA:110,4,0,0
BRDA:147,5,0,0
BRDA:147,5,1,0
BRDA:148,6,0,0
BRDA:148,6,1,0
BRDA:149,7,0,0
BRDA:149,7,1,0
BRDA:167,8,0,0
BRDA:180,9,0,0
BRDA:196,10,0,0
BRDA:211,11,0,0
BRDA:211,11,1,0
BRDA:217,12,0,0
BRDA:224,13,0,0
BRDA:232,14,0,0
BRDA:232,14,1,0
BRDA:236,15,0,0
BRDA:244,16,0,0
BRDA:244,16,1,0
BRDA:263,17,0,0
BRDA:281,18,0,0
BRDA:281,18,1,0
BRDA:287,19,0,0
BRDA:287,19,1,0
BRDA:289,20,0,0
BRDA:289,20,1,0
BRDA:292,21,0,0
BRDA:293,22,0,0
BRDA:293,22,1,0
BRDA:302,23,0,0
BRDA:302,23,1,0
BRDA:302,23,2,0
BRDA:312,24,0,0
BRDA:312,25,0,0
BRDA:312,25,1,0
BRDA:327,26,0,0
BRDA:364,27,0,0
BRDA:364,27,1,0
BRDA:365,28,0,0
BRDA:365,28,1,0
BRDA:367,29,0,0
BRDA:367,29,1,0
BRDA:383,30,0,0
BRF:48
BRH:0
end_of_record
TN:
SF:src\config\redis.config.ts
FN:37,(anonymous_0)
FN:41,(anonymous_1)
FN:45,(anonymous_2)
FN:49,(anonymous_3)
FN:54,(anonymous_4)
FN:60,(anonymous_5)
FN:66,(anonymous_6)
FN:73,(anonymous_7)
FN:78,(anonymous_8)
FN:85,(anonymous_9)
FN:90,(anonymous_10)
FN:97,(anonymous_11)
FN:102,(anonymous_12)
FN:109,(anonymous_13)
FN:114,(anonymous_14)
FN:119,(anonymous_15)
FN:130,(anonymous_16)
FN:135,(anonymous_17)
FN:141,(anonymous_18)
FN:147,(anonymous_19)
FN:152,(anonymous_20)
FN:159,(anonymous_21)
FN:164,(anonymous_22)
FN:171,(anonymous_23)
FN:182,(anonymous_24)
FN:184,(anonymous_25)
FN:188,(anonymous_26)
FN:195,(anonymous_27)
FN:201,(anonymous_28)
FNF:29
FNH:0
FNDA:0,(anonymous_0)
FNDA:0,(anonymous_1)
FNDA:0,(anonymous_2)
FNDA:0,(anonymous_3)
FNDA:0,(anonymous_4)
FNDA:0,(anonymous_5)
FNDA:0,(anonymous_6)
FNDA:0,(anonymous_7)
FNDA:0,(anonymous_8)
FNDA:0,(anonymous_9)
FNDA:0,(anonymous_10)
FNDA:0,(anonymous_11)
FNDA:0,(anonymous_12)
FNDA:0,(anonymous_13)
FNDA:0,(anonymous_14)
FNDA:0,(anonymous_15)
FNDA:0,(anonymous_16)
FNDA:0,(anonymous_17)
FNDA:0,(anonymous_18)
FNDA:0,(anonymous_19)
FNDA:0,(anonymous_20)
FNDA:0,(anonymous_21)
FNDA:0,(anonymous_22)
FNDA:0,(anonymous_23)
FNDA:0,(anonymous_24)
FNDA:0,(anonymous_25)
FNDA:0,(anonymous_26)
FNDA:0,(anonymous_27)
FNDA:0,(anonymous_28)
DA:6,0
DA:23,0
DA:33,0
DA:35,0
DA:38,0
DA:41,0
DA:45,0
DA:46,0
DA:49,0
DA:50,0
DA:51,0
DA:54,0
DA:55,0
DA:56,0
DA:61,0
DA:62,0
DA:67,0
DA:68,0
DA:74,0
DA:75,0
DA:79,0
DA:80,0
DA:81,0
DA:86,0
DA:87,0
DA:91,0
DA:92,0
DA:93,0
DA:98,0
DA:99,0
DA:103,0
DA:104,0
DA:105,0
DA:110,0
DA:111,0
DA:115,0
DA:116,0
DA:118,0
DA:119,0
DA:120,0
DA:121,0
DA:122,0
DA:124,0
DA:131,0
DA:132,0
DA:136,0
DA:137,0
DA:138,0
DA:142,0
DA:143,0
DA:148,0
DA:149,0
DA:153,0
DA:154,0
DA:155,0
DA:160,0
DA:161,0
DA:165,0
DA:166,0
DA:167,0
DA:172,0
DA:174,0
DA:175,0
DA:176,0
DA:179,0
DA:183,0
DA:184,0
DA:189,0
DA:190,0
DA:191,0
DA:196,0
DA:197,0
DA:202,0
DA:203,0
DA:204,0
DA:206,0
DA:207,0
DA:212,0
LF:78
LH:0
BRDA:39,0,0,0
BRDA:39,0,1,0
BRDA:61,1,0,0
BRDA:67,2,0,0
BRDA:81,3,0,0
BRDA:81,3,1,0
BRDA:93,4,0,0
BRDA:93,4,1,0
BRDA:105,5,0,0
BRDA:105,5,1,0
BRDA:138,6,0,0
BRDA:138,6,1,0
BRDA:155,7,0,0
BRDA:155,7,1,0
BRDA:167,8,0,0
BRDA:167,8,1,0
BRDA:175,9,0,0
BRDA:175,9,1,0
BRDA:184,10,0,0
BRDA:184,10,1,0
BRDA:190,11,0,0
BRF:21
BRH:0
end_of_record
TN:
SF:src\middleware\admissions-auth.ts
FN:9,(anonymous_1)
FN:21,(anonymous_2)
FN:139,(anonymous_3)
FN:184,(anonymous_4)
FN:197,(anonymous_5)
FN:199,(anonymous_6)
FN:221,(anonymous_7)
FN:222,(anonymous_8)
FN:228,(anonymous_9)
FN:246,(anonymous_10)
FN:247,(anonymous_11)
FN:253,(anonymous_12)
FN:271,(anonymous_13)
FN:315,(anonymous_14)
FN:341,(anonymous_15)
FN:377,(anonymous_16)
FN:381,(anonymous_17)
FN:385,(anonymous_18)
FN:386,(anonymous_19)
FN:389,(anonymous_20)
FN:390,(anonymous_21)
FNF:21
FNH:0
FNDA:0,(anonymous_1)
FNDA:0,(anonymous_2)
FNDA:0,(anonymous_3)
FNDA:0,(anonymous_4)
FNDA:0,(anonymous_5)
FNDA:0,(anonymous_6)
FNDA:0,(anonymous_7)
FNDA:0,(anonymous_8)
FNDA:0,(anonymous_9)
FNDA:0,(anonymous_10)
FNDA:0,(anonymous_11)
FNDA:0,(anonymous_12)
FNDA:0,(anonymous_13)
FNDA:0,(anonymous_14)
FNDA:0,(anonymous_15)
FNDA:0,(anonymous_16)
FNDA:0,(anonymous_17)
FNDA:0,(anonymous_18)
FNDA:0,(anonymous_19)
FNDA:0,(anonymous_20)
FNDA:0,(anonymous_21)
DA:2,0
DA:3,0
DA:4,0
DA:6,0
DA:9,0
DA:10,0
DA:11,0
DA:12,0
DA:13,0
DA:14,0
DA:15,0
DA:16,0
DA:17,0
DA:21,0
DA:23,0
DA:24,0
DA:25,0
DA:26,0
DA:29,0
DA:30,0
DA:31,0
DA:32,0
DA:35,0
DA:36,0
DA:37,0
DA:40,0
DA:41,0
DA:42,0
DA:45,0
DA:46,0
DA:47,0
DA:50,0
DA:51,0
DA:54,0
DA:55,0
DA:59,0
DA:139,0
DA:144,0
DA:145,0
DA:146,0
DA:148,0
DA:149,0
DA:150,0
DA:153,0
DA:156,0
DA:165,0
DA:166,0
DA:167,0
DA:171,0
DA:172,0
DA:175,0
DA:179,0
DA:180,0
DA:184,0
DA:185,0
DA:186,0
DA:187,0
DA:192,0
DA:193,0
DA:197,0
DA:198,0
DA:199,0
DA:200,0
DA:201,0
DA:206,0
DA:213,0
DA:215,0
DA:216,0
DA:221,0
DA:222,0
DA:223,0
DA:224,0
DA:225,0
DA:228,0
DA:229,0
DA:232,0
DA:233,0
DA:238,0
DA:241,0
DA:246,0
DA:247,0
DA:248,0
DA:249,0
DA:250,0
DA:253,0
DA:254,0
DA:257,0
DA:258,0
DA:263,0
DA:266,0
DA:271,0
DA:276,0
DA:277,0
DA:279,0
DA:280,0
DA:281,0
DA:284,0
DA:288,0
DA:289,0
DA:290,0
DA:294,0
DA:295,0
DA:297,0
DA:298,0
DA:299,0
DA:302,0
DA:307,0
DA:309,0
DA:310,0
DA:315,0
DA:320,0
DA:321,0
DA:328,0
DA:329,0
DA:330,0
DA:333,0
DA:335,0
DA:336,0
DA:341,0
DA:346,0
DA:347,0
DA:348,0
DA:349,0
DA:352,0
DA:361,0
DA:362,0
DA:366,0
DA:369,0
DA:371,0
DA:372,0
DA:377,0
DA:378,0
DA:381,0
DA:382,0
DA:385,0
DA:386,0
DA:389,0
DA:390,0
DA:394,0
DA:403,0
LF:140
LH:0
BRDA:9,0,0,0
BRDA:9,0,1,0
BRDA:21,1,0,0
BRDA:21,1,1,0
BRDA:146,2,0,0
BRDA:146,2,1,0
BRDA:148,3,0,0
BRDA:165,4,0,0
BRDA:179,5,0,0
BRDA:186,6,0,0
BRDA:192,7,0,0
BRDA:192,8,0,0
BRDA:192,8,1,0
BRDA:198,9,0,0
BRDA:198,9,1,0
BRDA:200,10,0,0
BRDA:223,11,0,0
BRDA:232,12,0,0
BRDA:248,13,0,0
BRDA:257,14,0,0
BRDA:277,15,0,0
BRDA:277,15,1,0
BRDA:279,16,0,0
BRDA:288,17,0,0
BRDA:297,18,0,0
BRDA:297,19,0,0
BRDA:297,19,1,0
BRDA:328,20,0,0
BRDA:361,21,0,0
BRDA:378,22,0,0
BRDA:378,22,1,0
BRDA:382,23,0,0
BRDA:382,23,1,0
BRF:33
BRH:0
end_of_record
TN:
SF:src\middleware\auth.ts
FN:36,(anonymous_1)
FN:134,(anonymous_2)
FN:135,(anonymous_3)
FN:159,(anonymous_4)
FN:160,(anonymous_5)
FNF:5
FNH:0
FNDA:0,(anonymous_1)
FNDA:0,(anonymous_2)
FNDA:0,(anonymous_3)
FNDA:0,(anonymous_4)
FNDA:0,(anonymous_5)
DA:7,0
DA:8,0
DA:9,0
DA:11,0
DA:36,0
DA:41,0
DA:42,0
DA:44,0
DA:45,0
DA:50,0
DA:53,0
DA:54,0
DA:56,0
DA:57,0
DA:58,0
DA:62,0
DA:66,0
DA:69,0
DA:81,0
DA:82,0
DA:86,0
DA:89,0
DA:90,0
DA:95,0
DA:99,0
DA:105,0
DA:112,0
DA:113,0
DA:116,0
DA:117,0
DA:122,0
DA:125,0
DA:126,0
DA:134,0
DA:135,0
DA:136,0
DA:137,0
DA:141,0
DA:144,0
DA:145,0
DA:151,0
DA:154,0
DA:159,0
DA:160,0
DA:161,0
DA:162,0
DA:166,0
DA:169,0
DA:170,0
DA:176,0
DA:179,0
LF:51
LH:0
BRDA:44,0,0,0
BRDA:44,1,0,0
BRDA:44,1,1,0
BRDA:56,2,0,0
BRDA:81,3,0,0
BRDA:89,4,0,0
BRDA:116,5,0,0
BRDA:136,6,0,0
BRDA:144,7,0,0
BRDA:161,8,0,0
BRDA:169,9,0,0
BRF:11
BRH:0
end_of_record
TN:
SF:src\middleware\errorHandler.ts
FN:15,(anonymous_0)
FN:98,(anonymous_1)
FN:111,(anonymous_2)
FN:124,(anonymous_3)
FN:137,(anonymous_4)
FNF:5
FNH:0
FNDA:0,(anonymous_0)
FNDA:0,(anonymous_1)
FNDA:0,(anonymous_2)
FNDA:0,(anonymous_3)
FNDA:0,(anonymous_4)
DA:7,0
DA:15,0
DA:22,0
DA:32,0
DA:33,0
DA:34,0
DA:35,0
DA:38,0
DA:39,0
DA:40,0
DA:41,0
DA:44,0
DA:45,0
DA:46,0
DA:47,0
DA:48,0
DA:51,0
DA:52,0
DA:53,0
DA:54,0
DA:58,0
DA:66,0
DA:67,0
DA:70,0
DA:71,0
DA:75,0
DA:76,0
DA:80,0
DA:81,0
DA:89,0
DA:93,0
DA:94,0
DA:99,0
DA:100,0
DA:101,0
DA:102,0
DA:106,0
DA:107,0
DA:112,0
DA:113,0
DA:114,0
DA:115,0
DA:119,0
DA:120,0
DA:125,0
DA:126,0
DA:127,0
DA:128,0
DA:132,0
DA:133,0
DA:138,0
DA:139,0
DA:140,0
DA:141,0
LF:54
LH:0
BRDA:32,0,0,0
BRDA:32,0,1,0
BRDA:33,1,0,0
BRDA:33,1,1,0
BRDA:38,2,0,0
BRDA:44,3,0,0
BRDA:51,4,0,0
BRDA:66,5,0,0
BRDA:70,6,0,0
BRDA:75,7,0,0
BRDA:80,8,0,0
BRDA:101,9,0,0
BRDA:101,9,1,0
BRDA:102,10,0,0
BRDA:102,10,1,0
BRDA:114,11,0,0
BRDA:114,11,1,0
BRDA:115,12,0,0
BRDA:115,12,1,0
BRDA:127,13,0,0
BRDA:127,13,1,0
BRDA:128,14,0,0
BRDA:128,14,1,0
BRDA:140,15,0,0
BRDA:140,15,1,0
BRDA:141,16,0,0
BRDA:141,16,1,0
BRF:27
BRH:0
end_of_record
TN:
SF:src\middleware\inputValidation.ts
FN:22,(anonymous_0)
FN:23,(anonymous_1)
FN:24,(anonymous_2)
FN:25,(anonymous_3)
FN:68,(anonymous_4)
FN:72,(anonymous_5)
FN:97,(anonymous_6)
FN:104,(anonymous_7)
FN:112,(anonymous_8)
FN:117,(anonymous_9)
FN:122,(anonymous_10)
FN:127,(anonymous_11)
FN:133,(anonymous_12)
FN:138,(anonymous_13)
FN:141,(anonymous_14)
FN:150,(anonymous_15)
FN:154,(anonymous_16)
FN:155,(anonymous_17)
FN:162,(anonymous_18)
FN:164,(anonymous_19)
FN:178,(anonymous_20)
FN:185,(anonymous_21)
FN:191,(anonymous_22)
FN:193,(anonymous_23)
FN:329,(anonymous_24)
FN:329,(anonymous_25)
FN:339,(anonymous_26)
FN:339,(anonymous_27)
FN:348,(anonymous_28)
FN:358,(anonymous_29)
FN:367,(anonymous_30)
FN:376,(anonymous_31)
FN:385,(anonymous_32)
FNF:33
FNH:0
FNDA:0,(anonymous_0)
FNDA:0,(anonymous_1)
FNDA:0,(anonymous_2)
FNDA:0,(anonymous_3)
FNDA:0,(anonymous_4)
FNDA:0,(anonymous_5)
FNDA:0,(anonymous_6)
FNDA:0,(anonymous_7)
FNDA:0,(anonymous_8)
FNDA:0,(anonymous_9)
FNDA:0,(anonymous_10)
FNDA:0,(anonymous_11)
FNDA:0,(anonymous_12)
FNDA:0,(anonymous_13)
FNDA:0,(anonymous_14)
FNDA:0,(anonymous_15)
FNDA:0,(anonymous_16)
FNDA:0,(anonymous_17)
FNDA:0,(anonymous_18)
FNDA:0,(anonymous_19)
FNDA:0,(anonymous_20)
FNDA:0,(anonymous_21)
FNDA:0,(anonymous_22)
FNDA:0,(anonymous_23)
FNDA:0,(anonymous_24)
FNDA:0,(anonymous_25)
FNDA:0,(anonymous_26)
FNDA:0,(anonymous_27)
FNDA:0,(anonymous_28)
FNDA:0,(anonymous_29)
FNDA:0,(anonymous_30)
FNDA:0,(anonymous_31)
FNDA:0,(anonymous_32)
DA:6,0
DA:7,0
DA:10,0
DA:21,0
DA:22,0
DA:23,0
DA:24,0
DA:25,0
DA:29,0
DA:68,0
DA:72,0
DA:97,0
DA:104,0
DA:112,0
DA:117,0
DA:122,0
DA:127,0
DA:133,0
DA:138,0
DA:142,0
DA:143,0
DA:145,0
DA:150,0
DA:155,0
DA:156,0
DA:158,0
DA:162,0
DA:165,0
DA:166,0
DA:167,0
DA:169,0
DA:171,0
DA:172,0
DA:174,0
DA:178,0
DA:185,0
DA:191,0
DA:194,0
DA:195,0
DA:197,0
DA:198,0
DA:202,0
DA:203,0
DA:206,0
DA:211,0
DA:327,0
DA:329,0
DA:332,0
DA:333,0
DA:335,0
DA:339,0
DA:341,0
DA:342,0
DA:344,0
DA:351,0
DA:352,0
DA:354,0
DA:360,0
DA:361,0
DA:363,0
DA:368,0
DA:370,0
DA:376,0
DA:377,0
DA:378,0
DA:381,0
DA:386,0
DA:388,0
DA:389,0
DA:390,0
DA:392,0
DA:393,0
DA:395,0
DA:396,0
DA:398,0
DA:399,0
DA:403,0
DA:407,0
LF:78
LH:0
BRDA:97,0,0,0
BRDA:97,1,0,0
BRDA:104,2,0,0
BRDA:104,3,0,0
BRDA:142,4,0,0
BRDA:150,5,0,0
BRDA:155,6,0,0
BRDA:155,7,0,0
BRDA:155,7,1,0
BRDA:165,8,0,0
BRDA:165,8,1,0
BRDA:171,9,0,0
BRDA:171,10,0,0
BRDA:171,10,1,0
BRDA:191,11,0,0
BRDA:194,12,0,0
BRDA:194,12,1,0
BRDA:195,13,0,0
BRDA:197,14,0,0
BRDA:197,15,0,0
BRDA:197,15,1,0
BRDA:202,16,0,0
BRDA:332,17,0,0
BRDA:341,18,0,0
BRDA:351,19,0,0
BRDA:360,20,0,0
BRDA:368,21,0,0
BRDA:377,22,0,0
BRDA:386,23,0,0
BRDA:389,24,0,0
BRDA:389,25,0,0
BRDA:389,25,1,0
BRDA:392,26,0,0
BRDA:392,27,0,0
BRDA:392,27,1,0
BRDA:395,28,0,0
BRDA:395,29,0,0
BRDA:395,29,1,0
BRDA:398,30,0,0
BRDA:398,31,0,0
BRDA:398,31,1,0
BRDA:398,31,2,0
BRDA:398,31,3,0
BRF:43
BRH:0
end_of_record
TN:
SF:src\middleware\productionSecurity.ts
FN:15,(anonymous_1)
FN:22,(anonymous_2)
FN:78,(anonymous_3)
FN:99,(anonymous_4)
FN:110,(anonymous_5)
FN:111,(anonymous_6)
FN:113,(anonymous_7)
FN:135,(anonymous_8)
FN:136,(anonymous_9)
FN:161,(anonymous_10)
FN:164,(anonymous_11)
FN:180,(anonymous_12)
FN:205,(anonymous_13)
FN:220,(anonymous_14)
FN:221,(anonymous_15)
FN:222,(anonymous_16)
FN:222,(anonymous_17)
FN:227,(anonymous_18)
FN:228,(anonymous_19)
FN:229,(anonymous_20)
FNF:20
FNH:0
FNDA:0,(anonymous_1)
FNDA:0,(anonymous_2)
FNDA:0,(anonymous_3)
FNDA:0,(anonymous_4)
FNDA:0,(anonymous_5)
FNDA:0,(anonymous_6)
FNDA:0,(anonymous_7)
FNDA:0,(anonymous_8)
FNDA:0,(anonymous_9)
FNDA:0,(anonymous_10)
FNDA:0,(anonymous_11)
FNDA:0,(anonymous_12)
FNDA:0,(anonymous_13)
FNDA:0,(anonymous_14)
FNDA:0,(anonymous_15)
FNDA:0,(anonymous_16)
FNDA:0,(anonymous_17)
FNDA:0,(anonymous_18)
FNDA:0,(anonymous_19)
FNDA:0,(anonymous_20)
DA:7,0
DA:8,0
DA:9,0
DA:10,0
DA:11,0
DA:12,0
DA:15,0
DA:16,0
DA:23,0
DA:28,0
DA:34,0
DA:41,0
DA:48,0
DA:55,0
DA:77,0
DA:79,0
DA:85,0
DA:86,0
DA:88,0
DA:89,0
DA:98,0
DA:100,0
DA:101,0
DA:103,0
DA:110,0
DA:111,0
DA:113,0
DA:115,0
DA:116,0
DA:117,0
DA:123,0
DA:130,0
DA:135,0
DA:136,0
DA:137,0
DA:138,0
DA:140,0
DA:141,0
DA:143,0
DA:144,0
DA:145,0
DA:146,0
DA:148,0
DA:150,0
DA:153,0
DA:154,0
DA:155,0
DA:157,0
DA:161,0
DA:162,0
DA:164,0
DA:165,0
DA:166,0
DA:176,0
DA:180,0
DA:186,0
DA:195,0
DA:197,0
DA:205,0
DA:206,0
DA:217,0
DA:220,0
DA:221,0
DA:222,0
DA:223,0
DA:224,0
DA:225,0
DA:227,0
DA:228,0
DA:229,0
LF:70
LH:0
BRDA:63,0,0,0
BRDA:63,0,1,0
BRDA:80,1,0,0
BRDA:80,1,1,0
BRDA:81,2,0,0
BRDA:81,2,1,0
BRDA:82,3,0,0
BRDA:82,3,1,0
BRDA:85,4,0,0
BRDA:85,4,1,0
BRDA:85,5,0,0
BRDA:85,5,1,0
BRDA:100,6,0,0
BRDA:116,7,0,0
BRDA:137,8,0,0
BRDA:140,9,0,0
BRDA:143,10,0,0
BRDA:143,11,0,0
BRDA:143,11,1,0
BRDA:197,12,0,0
BRDA:197,12,1,0
BRDA:199,13,0,0
BRDA:199,13,1,0
BRDA:200,14,0,0
BRDA:200,14,1,0
BRDA:212,15,0,0
BRDA:212,15,1,0
BRDA:221,16,0,0
BRDA:221,17,0,0
BRDA:223,18,0,0
BRDA:223,19,0,0
BRDA:223,19,1,0
BRDA:224,20,0,0
BRDA:224,21,0,0
BRDA:224,21,1,0
BRF:35
BRH:0
end_of_record
TN:
SF:src\routes\ai.ts
FN:21,(anonymous_1)
FN:87,(anonymous_2)
FN:132,(anonymous_3)
FN:173,(anonymous_4)
FN:225,(anonymous_5)
FN:267,(anonymous_6)
FNF:6
FNH:0
FNDA:0,(anonymous_1)
FNDA:0,(anonymous_2)
FNDA:0,(anonymous_3)
FNDA:0,(anonymous_4)
FNDA:0,(anonymous_5)
FNDA:0,(anonymous_6)
DA:6,0
DA:7,0
DA:8,0
DA:9,0
DA:10,0
DA:12,0
DA:13,0
DA:14,0
DA:15,0
DA:21,0
DA:22,0
DA:23,0
DA:25,0
DA:26,0
DA:34,0
DA:42,0
DA:50,0
DA:55,0
DA:57,0
DA:74,0
DA:75,0
DA:87,0
DA:88,0
DA:89,0
DA:91,0
DA:92,0
DA:99,0
DA:106,0
DA:119,0
DA:120,0
DA:132,0
DA:133,0
DA:134,0
DA:136,0
DA:137,0
DA:145,0
DA:153,0
DA:160,0
DA:161,0
DA:173,0
DA:174,0
DA:175,0
DA:177,0
DA:178,0
DA:186,0
DA:205,0
DA:212,0
DA:213,0
DA:225,0
DA:226,0
DA:227,0
DA:229,0
DA:230,0
DA:238,0
DA:247,0
DA:254,0
DA:255,0
DA:267,0
DA:268,0
DA:269,0
DA:292,0
DA:299,0
DA:300,0
DA:308,0
LF:64
LH:0
BRDA:25,0,0,0
BRDA:25,1,0,0
BRDA:25,1,1,0
BRDA:91,2,0,0
BRDA:91,3,0,0
BRDA:91,3,1,0
BRDA:136,4,0,0
BRDA:136,5,0,0
BRDA:136,5,1,0
BRDA:177,6,0,0
BRDA:177,7,0,0
BRDA:177,7,1,0
BRDA:201,8,0,0
BRDA:201,8,1,0
BRDA:229,9,0,0
BRDA:239,10,0,0
BRDA:239,10,1,0
BRDA:240,11,0,0
BRDA:240,11,1,0
BRF:19
BRH:0
end_of_record
TN:
SF:src\routes\analytics.ts
FN:17,(anonymous_0)
FN:20,(anonymous_1)
FN:78,(anonymous_2)
FN:81,(anonymous_3)
FN:99,(anonymous_4)
FN:105,(anonymous_5)
FN:113,(anonymous_6)
FN:168,(anonymous_7)
FN:169,(anonymous_8)
FN:170,(anonymous_9)
FN:202,(anonymous_10)
FN:213,(anonymous_11)
FN:214,(anonymous_12)
FN:220,(anonymous_13)
FN:223,(anonymous_14)
FN:244,(anonymous_15)
FN:250,(anonymous_16)
FN:261,(anonymous_17)
FN:267,(anonymous_18)
FN:278,(anonymous_19)
FN:291,(anonymous_20)
FN:296,(anonymous_21)
FN:299,(anonymous_22)
FN:303,(anonymous_23)
FN:306,(anonymous_24)
FN:316,(anonymous_25)
FN:345,(anonymous_26)
FN:360,(anonymous_27)
FN:368,(anonymous_28)
FN:379,(anonymous_29)
FN:388,(anonymous_30)
FN:391,(anonymous_31)
FN:403,(anonymous_32)
FN:426,(anonymous_33)
FN:441,(anonymous_34)
FN:458,(anonymous_35)
FN:473,(anonymous_36)
FN:478,(anonymous_37)
FN:491,(anonymous_38)
FNF:39
FNH:0
FNDA:0,(anonymous_0)
FNDA:0,(anonymous_1)
FNDA:0,(anonymous_2)
FNDA:0,(anonymous_3)
FNDA:0,(anonymous_4)
FNDA:0,(anonymous_5)
FNDA:0,(anonymous_6)
FNDA:0,(anonymous_7)
FNDA:0,(anonymous_8)
FNDA:0,(anonymous_9)
FNDA:0,(anonymous_10)
FNDA:0,(anonymous_11)
FNDA:0,(anonymous_12)
FNDA:0,(anonymous_13)
FNDA:0,(anonymous_14)
FNDA:0,(anonymous_15)
FNDA:0,(anonymous_16)
FNDA:0,(anonymous_17)
FNDA:0,(anonymous_18)
FNDA:0,(anonymous_19)
FNDA:0,(anonymous_20)
FNDA:0,(anonymous_21)
FNDA:0,(anonymous_22)
FNDA:0,(anonymous_23)
FNDA:0,(anonymous_24)
FNDA:0,(anonymous_25)
FNDA:0,(anonymous_26)
FNDA:0,(anonymous_27)
FNDA:0,(anonymous_28)
FNDA:0,(anonymous_29)
FNDA:0,(anonymous_30)
FNDA:0,(anonymous_31)
FNDA:0,(anonymous_32)
FNDA:0,(anonymous_33)
FNDA:0,(anonymous_34)
FNDA:0,(anonymous_35)
FNDA:0,(anonymous_36)
FNDA:0,(anonymous_37)
FNDA:0,(anonymous_38)
DA:1,0
DA:14,0
DA:17,0
DA:18,0
DA:20,0
DA:78,0
DA:79,0
DA:81,0
DA:99,0
DA:100,0
DA:101,0
DA:103,0
DA:106,0
DA:111,0
DA:114,0
DA:115,0
DA:116,0
DA:117,0
DA:123,0
DA:168,0
DA:169,0
DA:170,0
DA:176,0
DA:202,0
DA:203,0
DA:204,0
DA:206,0
DA:207,0
DA:208,0
DA:209,0
DA:212,0
DA:213,0
DA:214,0
DA:216,0
DA:220,0
DA:223,0
DA:227,0
DA:236,0
DA:238,0
DA:239,0
DA:244,0
DA:245,0
DA:246,0
DA:247,0
DA:249,0
DA:250,0
DA:253,0
DA:255,0
DA:256,0
DA:261,0
DA:262,0
DA:263,0
DA:264,0
DA:266,0
DA:267,0
DA:270,0
DA:272,0
DA:273,0
DA:278,0
DA:279,0
DA:280,0
DA:281,0
DA:283,0
DA:285,0
DA:286,0
DA:291,0
DA:292,0
DA:293,0
DA:295,0
DA:296,0
DA:298,0
DA:299,0
DA:302,0
DA:303,0
DA:306,0
DA:308,0
DA:310,0
DA:311,0
DA:316,0
DA:317,0
DA:318,0
DA:319,0
DA:323,0
DA:337,0
DA:339,0
DA:340,0
DA:345,0
DA:346,0
DA:347,0
DA:348,0
DA:350,0
DA:352,0
DA:354,0
DA:355,0
DA:360,0
DA:361,0
DA:362,0
DA:364,0
DA:365,0
DA:367,0
DA:368,0
DA:371,0
DA:373,0
DA:374,0
DA:379,0
DA:380,0
DA:381,0
DA:382,0
DA:384,0
DA:388,0
DA:391,0
DA:395,0
DA:397,0
DA:398,0
DA:403,0
DA:404,0
DA:405,0
DA:409,0
DA:411,0
DA:413,0
DA:414,0
DA:416,0
DA:417,0
DA:419,0
DA:420,0
DA:423,0
DA:424,0
DA:426,0
DA:428,0
DA:429,0
DA:430,0
DA:432,0
DA:435,0
DA:436,0
DA:441,0
DA:442,0
DA:443,0
DA:446,0
DA:448,0
DA:449,0
DA:450,0
DA:452,0
DA:453,0
DA:458,0
DA:459,0
DA:460,0
DA:463,0
DA:465,0
DA:467,0
DA:468,0
DA:473,0
DA:474,0
DA:475,0
DA:477,0
DA:478,0
DA:483,0
DA:485,0
DA:486,0
DA:491,0
DA:492,0
DA:493,0
DA:495,0
DA:497,0
DA:499,0
DA:500,0
DA:504,0
LF:166
LH:0
BRDA:17,0,0,0
BRDA:28,1,0,0
BRDA:28,1,1,0
BRDA:29,2,0,0
BRDA:29,2,1,0
BRDA:62,3,0,0
BRDA:62,3,1,0
BRDA:78,4,0,0
BRDA:169,5,0,0
BRDA:204,6,0,0
BRDA:204,6,1,0
BRDA:249,7,0,0
BRDA:249,8,0,0
BRDA:249,8,1,0
BRDA:266,9,0,0
BRDA:266,10,0,0
BRDA:266,10,1,0
BRDA:298,11,0,0
BRDA:302,12,0,0
BRDA:330,13,0,0
BRDA:330,13,1,0
BRDA:333,14,0,0
BRDA:333,14,1,0
BRDA:367,15,0,0
BRDA:411,16,0,0
BRDA:411,16,1,0
BRDA:411,16,2,0
BRDA:423,17,0,0
BRDA:423,17,1,0
BRDA:425,18,0,0
BRDA:425,18,1,0
BRF:31
BRH:0
end_of_record
TN:
SF:src\routes\architecture-comparison.ts
FN:20,(anonymous_1)
FN:72,(anonymous_2)
FN:102,(anonymous_3)
FN:141,(anonymous_4)
FN:188,(anonymous_5)
FN:235,(anonymous_6)
FN:297,(anonymous_7)
FN:357,(anonymous_8)
FN:394,(anonymous_9)
FN:416,(anonymous_10)
FNF:10
FNH:0
FNDA:0,(anonymous_1)
FNDA:0,(anonymous_2)
FNDA:0,(anonymous_3)
FNDA:0,(anonymous_4)
FNDA:0,(anonymous_5)
FNDA:0,(anonymous_6)
FNDA:0,(anonymous_7)
FNDA:0,(anonymous_8)
FNDA:0,(anonymous_9)
FNDA:0,(anonymous_10)
DA:7,0
DA:8,0
DA:9,0
DA:10,0
DA:12,0
DA:13,0
DA:14,0
DA:20,0
DA:21,0
DA:27,0
DA:31,0
DA:32,0
DA:33,0
DA:34,0
DA:40,0
DA:44,0
DA:49,0
DA:55,0
DA:60,0
DA:61,0
DA:72,0
DA:73,0
DA:74,0
DA:76,0
DA:78,0
DA:79,0
DA:85,0
DA:90,0
DA:91,0
DA:102,0
DA:103,0
DA:104,0
DA:105,0
DA:109,0
DA:110,0
DA:111,0
DA:112,0
DA:118,0
DA:122,0
DA:124,0
DA:129,0
DA:130,0
DA:141,0
DA:142,0
DA:143,0
DA:147,0
DA:148,0
DA:150,0
DA:153,0
DA:154,0
DA:161,0
DA:163,0
DA:176,0
DA:177,0
DA:188,0
DA:189,0
DA:190,0
DA:194,0
DA:195,0
DA:197,0
DA:200,0
DA:201,0
DA:208,0
DA:210,0
DA:223,0
DA:224,0
DA:235,0
DA:236,0
DA:237,0
DA:241,0
DA:242,0
DA:244,0
DA:247,0
DA:248,0
DA:255,0
DA:257,0
DA:258,0
DA:268,0
DA:273,0
DA:280,0
DA:281,0
DA:282,0
DA:285,0
DA:286,0
DA:297,0
DA:298,0
DA:299,0
DA:300,0
DA:303,0
DA:304,0
DA:305,0
DA:312,0
DA:315,0
DA:320,0
DA:327,0
DA:332,0
DA:345,0
DA:346,0
DA:357,0
DA:358,0
DA:359,0
DA:361,0
DA:362,0
DA:369,0
DA:371,0
DA:378,0
DA:379,0
DA:380,0
DA:382,0
DA:383,0
DA:394,0
DA:395,0
DA:396,0
DA:397,0
DA:399,0
DA:404,0
DA:405,0
DA:416,0
DA:417,0
DA:418,0
DA:426,0
DA:433,0
LF:122
LH:0
BRDA:24,0,0,0
BRDA:25,1,0,0
BRDA:31,2,0,0
BRDA:31,2,1,0
BRDA:31,3,0,0
BRDA:31,3,1,0
BRDA:33,4,0,0
BRDA:44,5,0,0
BRDA:44,5,1,0
BRDA:45,6,0,0
BRDA:45,6,1,0
BRDA:63,7,0,0
BRDA:63,7,1,0
BRDA:78,8,0,0
BRDA:93,9,0,0
BRDA:93,9,1,0
BRDA:109,10,0,0
BRDA:109,10,1,0
BRDA:111,11,0,0
BRDA:132,12,0,0
BRDA:132,12,1,0
BRDA:147,13,0,0
BRDA:147,13,1,0
BRDA:147,14,0,0
BRDA:147,14,1,0
BRDA:153,15,0,0
BRDA:179,16,0,0
BRDA:179,16,1,0
BRDA:194,17,0,0
BRDA:194,17,1,0
BRDA:194,18,0,0
BRDA:194,18,1,0
BRDA:200,19,0,0
BRDA:226,20,0,0
BRDA:226,20,1,0
BRDA:237,21,0,0
BRDA:241,22,0,0
BRDA:241,22,1,0
BRDA:241,23,0,0
BRDA:241,23,1,0
BRDA:247,24,0,0
BRDA:257,25,0,0
BRDA:257,25,1,0
BRDA:280,26,0,0
BRDA:280,26,1,0
BRDA:288,27,0,0
BRDA:288,27,1,0
BRDA:300,28,0,0
BRDA:304,29,0,0
BRDA:304,30,0,0
BRDA:304,30,1,0
BRDA:315,31,0,0
BRDA:315,31,1,0
BRDA:316,32,0,0
BRDA:316,32,1,0
BRDA:348,33,0,0
BRDA:348,33,1,0
BRDA:359,34,0,0
BRDA:359,35,0,0
BRDA:361,36,0,0
BRDA:378,37,0,0
BRDA:378,37,1,0
BRDA:385,38,0,0
BRDA:385,38,1,0
BRDA:407,39,0,0
BRDA:407,39,1,0
BRF:66
BRH:0
end_of_record
TN:
SF:src\routes\assessment.ts
FN:27,(anonymous_0)
FN:79,(anonymous_1)
FN:84,(anonymous_2)
FN:114,(anonymous_3)
FN:188,(anonymous_4)
FN:194,(anonymous_5)
FN:198,(anonymous_6)
FN:205,(anonymous_7)
FN:209,(anonymous_8)
FN:250,(anonymous_9)
FN:332,(anonymous_10)
FN:338,(anonymous_11)
FN:342,(anonymous_12)
FN:379,(anonymous_13)
FN:423,(anonymous_14)
FN:462,(anonymous_15)
FN:504,(anonymous_16)
FN:510,(anonymous_17)
FN:532,generateId
FN:536,simulateAIGrading
FN:573,calculateOverallGrade
FN:582,calculateScrollCoinReward
FN:588,calculateKingdomImpactPotential
FN:592,validatePeerFeedback
FN:628,processPeerEvaluationResults
FN:637,(anonymous_25)
FN:638,(anonymous_26)
FN:643,(anonymous_27)
FN:644,(anonymous_28)
FN:645,(anonymous_29)
FN:649,(anonymous_30)
FN:650,(anonymous_31)
FN:651,(anonymous_32)
FN:651,(anonymous_33)
FN:659,(anonymous_34)
FN:665,findConsensus
FN:668,(anonymous_36)
FN:674,(anonymous_37)
FN:675,(anonymous_38)
FN:678,assessCompetency
FN:709,generateCompetencyReport
FN:714,(anonymous_41)
FN:738,generateAssessmentAnalytics
FN:752,(anonymous_43)
FN:753,(anonymous_44)
FN:754,(anonymous_45)
FN:757,(anonymous_46)
FN:763,(anonymous_47)
FN:764,(anonymous_48)
FNF:49
FNH:0
FNDA:0,(anonymous_0)
FNDA:0,(anonymous_1)
FNDA:0,(anonymous_2)
FNDA:0,(anonymous_3)
FNDA:0,(anonymous_4)
FNDA:0,(anonymous_5)
FNDA:0,(anonymous_6)
FNDA:0,(anonymous_7)
FNDA:0,(anonymous_8)
FNDA:0,(anonymous_9)
FNDA:0,(anonymous_10)
FNDA:0,(anonymous_11)
FNDA:0,(anonymous_12)
FNDA:0,(anonymous_13)
FNDA:0,(anonymous_14)
FNDA:0,(anonymous_15)
FNDA:0,(anonymous_16)
FNDA:0,(anonymous_17)
FNDA:0,generateId
FNDA:0,simulateAIGrading
FNDA:0,calculateOverallGrade
FNDA:0,calculateScrollCoinReward
FNDA:0,calculateKingdomImpactPotential
FNDA:0,validatePeerFeedback
FNDA:0,processPeerEvaluationResults
FNDA:0,(anonymous_25)
FNDA:0,(anonymous_26)
FNDA:0,(anonymous_27)
FNDA:0,(anonymous_28)
FNDA:0,(anonymous_29)
FNDA:0,(anonymous_30)
FNDA:0,(anonymous_31)
FNDA:0,(anonymous_32)
FNDA:0,(anonymous_33)
FNDA:0,(anonymous_34)
FNDA:0,findConsensus
FNDA:0,(anonymous_36)
FNDA:0,(anonymous_37)
FNDA:0,(anonymous_38)
FNDA:0,assessCompetency
FNDA:0,generateCompetencyReport
FNDA:0,(anonymous_41)
FNDA:0,generateAssessmentAnalytics
FNDA:0,(anonymous_43)
FNDA:0,(anonymous_44)
FNDA:0,(anonymous_45)
FNDA:0,(anonymous_46)
FNDA:0,(anonymous_47)
FNDA:0,(anonymous_48)
DA:1,0
DA:2,0
DA:4,0
DA:7,0
DA:8,0
DA:9,0
DA:10,0
DA:17,0
DA:28,0
DA:29,0
DA:30,0
DA:31,0
DA:37,0
DA:53,0
DA:55,0
DA:61,0
DA:62,0
DA:75,0
DA:80,0
DA:81,0
DA:83,0
DA:84,0
DA:86,0
DA:92,0
DA:93,0
DA:106,0
DA:115,0
DA:116,0
DA:117,0
DA:118,0
DA:124,0
DA:127,0
DA:129,0
DA:158,0
DA:160,0
DA:166,0
DA:167,0
DA:180,0
DA:189,0
DA:190,0
DA:191,0
DA:193,0
DA:194,0
DA:197,0
DA:198,0
DA:199,0
DA:200,0
DA:204,0
DA:205,0
DA:209,0
DA:212,0
DA:214,0
DA:225,0
DA:226,0
DA:239,0
DA:251,0
DA:252,0
DA:253,0
DA:254,0
DA:271,0
DA:274,0
DA:281,0
DA:282,0
DA:289,0
DA:305,0
DA:307,0
DA:313,0
DA:314,0
DA:327,0
DA:333,0
DA:334,0
DA:335,0
DA:337,0
DA:338,0
DA:340,0
DA:341,0
DA:342,0
DA:347,0
DA:349,0
DA:357,0
DA:358,0
DA:371,0
DA:380,0
DA:381,0
DA:382,0
DA:383,0
DA:396,0
DA:399,0
DA:409,0
DA:422,0
DA:423,0
DA:426,0
DA:427,0
DA:429,0
DA:432,0
DA:433,0
DA:435,0
DA:444,0
DA:445,0
DA:458,0
DA:463,0
DA:464,0
DA:466,0
DA:468,0
DA:469,0
DA:476,0
DA:478,0
DA:486,0
DA:487,0
DA:500,0
DA:505,0
DA:506,0
DA:509,0
DA:511,0
DA:512,0
DA:515,0
DA:517,0
DA:522,0
DA:523,0
DA:533,0
DA:538,0
DA:539,0
DA:541,0
DA:574,0
DA:575,0
DA:576,0
DA:577,0
DA:578,0
DA:579,0
DA:583,0
DA:584,0
DA:585,0
DA:589,0
DA:593,0
DA:595,0
DA:596,0
DA:599,0
DA:600,0
DA:603,0
DA:604,0
DA:608,0
DA:609,0
DA:616,0
DA:617,0
DA:618,0
DA:622,0
DA:629,0
DA:630,0
DA:634,0
DA:635,0
DA:637,0
DA:638,0
DA:639,0
DA:643,0
DA:644,0
DA:645,0
DA:649,0
DA:650,0
DA:651,0
DA:653,0
DA:659,0
DA:666,0
DA:668,0
DA:669,0
DA:670,0
DA:673,0
DA:674,0
DA:675,0
DA:680,0
DA:710,0
DA:711,0
DA:712,0
DA:714,0
DA:715,0
DA:717,0
DA:718,0
DA:719,0
DA:720,0
DA:724,0
DA:739,0
DA:740,0
DA:752,0
DA:753,0
DA:754,0
DA:756,0
DA:757,0
DA:758,0
DA:761,0
DA:763,0
DA:764,0
DA:773,0
LF:191
LH:0
BRDA:30,0,0,0
BRDA:42,1,0,0
BRDA:42,1,1,0
BRDA:43,2,0,0
BRDA:43,2,1,0
BRDA:44,3,0,0
BRDA:44,3,1,0
BRDA:45,4,0,0
BRDA:45,4,1,0
BRDA:46,5,0,0
BRDA:46,5,1,0
BRDA:47,6,0,0
BRDA:47,6,1,0
BRDA:48,7,0,0
BRDA:48,7,1,0
BRDA:117,8,0,0
BRDA:138,9,0,0
BRDA:138,9,1,0
BRDA:191,10,0,0
BRDA:191,11,0,0
BRDA:197,12,0,0
BRDA:200,13,0,0
BRDA:200,13,1,0
BRDA:204,14,0,0
BRDA:253,15,0,0
BRDA:269,16,0,0
BRDA:270,17,0,0
BRDA:281,18,0,0
BRDA:340,19,0,0
BRDA:382,20,0,0
BRDA:394,21,0,0
BRDA:395,22,0,0
BRDA:409,23,0,0
BRDA:409,23,1,0
BRDA:426,24,0,0
BRDA:426,24,1,0
BRDA:468,25,0,0
BRDA:512,26,0,0
BRDA:512,26,1,0
BRDA:575,27,0,0
BRDA:576,28,0,0
BRDA:577,29,0,0
BRDA:578,30,0,0
BRDA:595,31,0,0
BRDA:595,32,0,0
BRDA:595,32,1,0
BRDA:599,33,0,0
BRDA:599,34,0,0
BRDA:599,34,1,0
BRDA:603,35,0,0
BRDA:603,36,0,0
BRDA:603,36,1,0
BRDA:617,37,0,0
BRDA:629,38,0,0
BRDA:644,39,0,0
BRDA:644,39,1,0
BRDA:660,40,0,0
BRDA:660,40,1,0
BRDA:661,41,0,0
BRDA:661,41,1,0
BRDA:670,42,0,0
BRDA:670,42,1,0
BRDA:717,43,0,0
BRDA:717,43,1,0
BRDA:717,44,0,0
BRDA:717,44,1,0
BRDA:719,45,0,0
BRDA:719,46,0,0
BRDA:719,46,1,0
BRDA:739,47,0,0
BRDA:758,48,0,0
BRDA:758,48,1,0
BRF:72
BRH:0
end_of_record
TN:
SF:src\routes\auth.ts
FN:37,(anonymous_1)
FN:53,(anonymous_2)
FN:166,(anonymous_3)
FN:258,(anonymous_4)
FN:306,(anonymous_5)
FNF:5
FNH:0
FNDA:0,(anonymous_1)
FNDA:0,(anonymous_2)
FNDA:0,(anonymous_3)
FNDA:0,(anonymous_4)
FNDA:0,(anonymous_5)
DA:6,0
DA:7,0
DA:8,0
DA:9,0
DA:10,0
DA:11,0
DA:12,0
DA:14,0
DA:15,0
DA:18,0
DA:31,0
DA:37,0
DA:38,0
DA:45,0
DA:53,0
DA:54,0
DA:56,0
DA:57,0
DA:58,0
DA:76,0
DA:79,0
DA:88,0
DA:89,0
DA:97,0
DA:98,0
DA:101,0
DA:133,0
DA:144,0
DA:146,0
DA:152,0
DA:161,0
DA:166,0
DA:167,0
DA:169,0
DA:170,0
DA:171,0
DA:178,0
DA:181,0
DA:198,0
DA:199,0
DA:207,0
DA:208,0
DA:209,0
DA:217,0
DA:218,0
DA:227,0
DA:230,0
DA:236,0
DA:238,0
DA:244,0
DA:253,0
DA:258,0
DA:259,0
DA:260,0
DA:262,0
DA:263,0
DA:270,0
DA:273,0
DA:284,0
DA:285,0
DA:292,0
DA:294,0
DA:301,0
DA:306,0
DA:310,0
DA:311,0
DA:312,0
DA:313,0
DA:314,0
DA:316,0
DA:325,0
DA:332,0
LF:72
LH:0
BRDA:57,0,0,0
BRDA:88,1,0,0
BRDA:111,2,0,0
BRDA:111,2,1,0
BRDA:170,3,0,0
BRDA:198,4,0,0
BRDA:208,5,0,0
BRDA:217,6,0,0
BRDA:262,7,0,0
BRDA:284,8,0,0
BRDA:284,9,0,0
BRDA:284,9,1,0
BRDA:311,10,0,0
BRF:13
BRH:0
end_of_record
TN:
SF:src\routes\avatar-lecturers.ts
FN:36,(anonymous_1)
FN:63,(anonymous_2)
FN:97,(anonymous_3)
FN:137,(anonymous_4)
FN:182,(anonymous_5)
FN:194,(anonymous_6)
FN:228,(anonymous_7)
FN:260,(anonymous_8)
FN:295,(anonymous_9)
FN:329,(anonymous_10)
FN:362,(anonymous_11)
FN:397,(anonymous_12)
FN:435,(anonymous_13)
FN:471,(anonymous_14)
FN:510,(anonymous_15)
FNF:15
FNH:0
FNDA:0,(anonymous_1)
FNDA:0,(anonymous_2)
FNDA:0,(anonymous_3)
FNDA:0,(anonymous_4)
FNDA:0,(anonymous_5)
FNDA:0,(anonymous_6)
FNDA:0,(anonymous_7)
FNDA:0,(anonymous_8)
FNDA:0,(anonymous_9)
FNDA:0,(anonymous_10)
FNDA:0,(anonymous_11)
FNDA:0,(anonymous_12)
FNDA:0,(anonymous_13)
FNDA:0,(anonymous_14)
FNDA:0,(anonymous_15)
DA:6,0
DA:7,0
DA:8,0
DA:9,0
DA:10,0
DA:11,0
DA:12,0
DA:13,0
DA:15,0
DA:18,0
DA:19,0
DA:27,0
DA:36,0
DA:37,0
DA:38,0
DA:39,0
DA:45,0
DA:54,0
DA:64,0
DA:65,0
DA:72,0
DA:74,0
DA:80,0
DA:81,0
DA:93,0
DA:98,0
DA:99,0
DA:101,0
DA:102,0
DA:108,0
DA:113,0
DA:114,0
DA:126,0
DA:138,0
DA:139,0
DA:149,0
DA:151,0
DA:157,0
DA:158,0
DA:170,0
DA:183,0
DA:184,0
DA:194,0
DA:195,0
DA:196,0
DA:200,0
DA:202,0
DA:207,0
DA:212,0
DA:224,0
DA:229,0
DA:230,0
DA:232,0
DA:237,0
DA:238,0
DA:252,0
DA:261,0
DA:262,0
DA:268,0
DA:274,0
DA:279,0
DA:291,0
DA:296,0
DA:297,0
DA:302,0
DA:308,0
DA:313,0
DA:325,0
DA:330,0
DA:331,0
DA:336,0
DA:341,0
DA:346,0
DA:358,0
DA:363,0
DA:364,0
DA:366,0
DA:372,0
DA:376,0
DA:390,0
DA:398,0
DA:399,0
DA:405,0
DA:410,0
DA:416,0
DA:428,0
DA:436,0
DA:437,0
DA:443,0
DA:449,0
DA:455,0
DA:467,0
DA:472,0
DA:473,0
DA:475,0
DA:476,0
DA:482,0
DA:483,0
DA:484,0
DA:486,0
DA:497,0
DA:501,0
DA:510,0
DA:511,0
DA:520,0
DA:522,0
LF:106
LH:0
BRDA:20,0,0,0
BRDA:20,0,1,0
BRDA:21,1,0,0
BRDA:21,1,1,0
BRDA:22,2,0,0
BRDA:22,2,1,0
BRDA:38,3,0,0
BRDA:68,4,0,0
BRDA:68,4,1,0
BRDA:101,5,0,0
BRDA:146,6,0,0
BRDA:146,6,1,0
BRDA:160,7,0,0
BRDA:160,7,1,0
BRDA:195,8,0,0
BRDA:214,9,0,0
BRDA:214,9,1,0
BRDA:240,10,0,0
BRDA:240,10,1,0
BRDA:281,11,0,0
BRDA:281,11,1,0
BRDA:299,12,0,0
BRDA:299,12,1,0
BRDA:315,13,0,0
BRDA:315,13,1,0
BRDA:333,14,0,0
BRDA:333,14,1,0
BRDA:348,15,0,0
BRDA:348,15,1,0
BRDA:378,16,0,0
BRDA:378,16,1,0
BRDA:401,17,0,0
BRDA:401,17,1,0
BRDA:418,18,0,0
BRDA:418,18,1,0
BRDA:439,19,0,0
BRDA:439,19,1,0
BRDA:457,20,0,0
BRDA:457,20,1,0
BRDA:475,21,0,0
BRDA:515,22,0,0
BRDA:515,22,1,0
BRF:42
BRH:0
end_of_record
TN:
SF:src\routes\community.ts
FN:12,(anonymous_1)
FN:24,(anonymous_2)
FN:43,(anonymous_3)
FN:54,(anonymous_4)
FN:68,(anonymous_5)
FN:82,(anonymous_6)
FN:97,(anonymous_7)
FN:111,(anonymous_8)
FN:122,(anonymous_9)
FN:136,(anonymous_10)
FN:150,(anonymous_11)
FN:165,(anonymous_12)
FN:183,(anonymous_13)
FN:194,(anonymous_14)
FN:208,(anonymous_15)
FN:221,(anonymous_16)
FN:235,(anonymous_17)
FN:253,(anonymous_18)
FN:264,(anonymous_19)
FN:278,(anonymous_20)
FN:291,(anonymous_21)
FN:306,(anonymous_22)
FN:324,(anonymous_23)
FN:337,(anonymous_24)
FN:351,(anonymous_25)
FN:371,(anonymous_26)
FN:389,(anonymous_27)
FN:400,(anonymous_28)
FN:411,(anonymous_29)
FN:422,(anonymous_30)
FNF:30
FNH:0
FNDA:0,(anonymous_1)
FNDA:0,(anonymous_2)
FNDA:0,(anonymous_3)
FNDA:0,(anonymous_4)
FNDA:0,(anonymous_5)
FNDA:0,(anonymous_6)
FNDA:0,(anonymous_7)
FNDA:0,(anonymous_8)
FNDA:0,(anonymous_9)
FNDA:0,(anonymous_10)
FNDA:0,(anonymous_11)
FNDA:0,(anonymous_12)
FNDA:0,(anonymous_13)
FNDA:0,(anonymous_14)
FNDA:0,(anonymous_15)
FNDA:0,(anonymous_16)
FNDA:0,(anonymous_17)
FNDA:0,(anonymous_18)
FNDA:0,(anonymous_19)
FNDA:0,(anonymous_20)
FNDA:0,(anonymous_21)
FNDA:0,(anonymous_22)
FNDA:0,(anonymous_23)
FNDA:0,(anonymous_24)
FNDA:0,(anonymous_25)
FNDA:0,(anonymous_26)
FNDA:0,(anonymous_27)
FNDA:0,(anonymous_28)
FNDA:0,(anonymous_29)
FNDA:0,(anonymous_30)
DA:1,0
DA:2,0
DA:3,0
DA:5,0
DA:6,0
DA:9,0
DA:12,0
DA:13,0
DA:14,0
DA:15,0
DA:16,0
DA:18,0
DA:19,0
DA:24,0
DA:25,0
DA:26,0
DA:27,0
DA:30,0
DA:31,0
DA:33,0
DA:36,0
DA:38,0
DA:39,0
DA:43,0
DA:44,0
DA:45,0
DA:46,0
DA:47,0
DA:49,0
DA:50,0
DA:54,0
DA:55,0
DA:56,0
DA:57,0
DA:58,0
DA:60,0
DA:61,0
DA:63,0
DA:64,0
DA:68,0
DA:69,0
DA:70,0
DA:71,0
DA:72,0
DA:74,0
DA:75,0
DA:77,0
DA:78,0
DA:82,0
DA:83,0
DA:84,0
DA:85,0
DA:86,0
DA:88,0
DA:89,0
DA:91,0
DA:92,0
DA:97,0
DA:98,0
DA:99,0
DA:100,0
DA:101,0
DA:103,0
DA:104,0
DA:106,0
DA:107,0
DA:111,0
DA:112,0
DA:113,0
DA:114,0
DA:115,0
DA:117,0
DA:118,0
DA:122,0
DA:123,0
DA:124,0
DA:125,0
DA:126,0
DA:128,0
DA:129,0
DA:131,0
DA:132,0
DA:136,0
DA:137,0
DA:138,0
DA:139,0
DA:140,0
DA:142,0
DA:143,0
DA:145,0
DA:146,0
DA:150,0
DA:151,0
DA:152,0
DA:153,0
DA:154,0
DA:156,0
DA:157,0
DA:159,0
DA:160,0
DA:165,0
DA:166,0
DA:167,0
DA:168,0
DA:170,0
DA:171,0
DA:172,0
DA:173,0
DA:175,0
DA:176,0
DA:178,0
DA:179,0
DA:183,0
DA:184,0
DA:185,0
DA:186,0
DA:187,0
DA:189,0
DA:190,0
DA:194,0
DA:195,0
DA:196,0
DA:197,0
DA:198,0
DA:200,0
DA:201,0
DA:203,0
DA:204,0
DA:208,0
DA:209,0
DA:210,0
DA:211,0
DA:213,0
DA:214,0
DA:216,0
DA:217,0
DA:221,0
DA:222,0
DA:223,0
DA:224,0
DA:226,0
DA:227,0
DA:229,0
DA:230,0
DA:235,0
DA:236,0
DA:237,0
DA:238,0
DA:240,0
DA:241,0
DA:242,0
DA:243,0
DA:245,0
DA:246,0
DA:248,0
DA:249,0
DA:253,0
DA:254,0
DA:255,0
DA:256,0
DA:257,0
DA:259,0
DA:260,0
DA:264,0
DA:265,0
DA:266,0
DA:267,0
DA:268,0
DA:270,0
DA:271,0
DA:273,0
DA:274,0
DA:278,0
DA:279,0
DA:280,0
DA:281,0
DA:283,0
DA:284,0
DA:286,0
DA:287,0
DA:291,0
DA:292,0
DA:293,0
DA:294,0
DA:295,0
DA:297,0
DA:298,0
DA:300,0
DA:301,0
DA:306,0
DA:307,0
DA:308,0
DA:309,0
DA:310,0
DA:312,0
DA:313,0
DA:314,0
DA:316,0
DA:317,0
DA:319,0
DA:320,0
DA:324,0
DA:325,0
DA:326,0
DA:327,0
DA:329,0
DA:330,0
DA:332,0
DA:333,0
DA:337,0
DA:338,0
DA:339,0
DA:340,0
DA:341,0
DA:343,0
DA:344,0
DA:346,0
DA:347,0
DA:351,0
DA:352,0
DA:353,0
DA:354,0
DA:355,0
DA:357,0
DA:358,0
DA:359,0
DA:360,0
DA:362,0
DA:363,0
DA:365,0
DA:366,0
DA:371,0
DA:372,0
DA:373,0
DA:375,0
DA:376,0
DA:377,0
DA:378,0
DA:380,0
DA:381,0
DA:383,0
DA:384,0
DA:389,0
DA:390,0
DA:391,0
DA:392,0
DA:394,0
DA:395,0
DA:400,0
DA:401,0
DA:402,0
DA:403,0
DA:405,0
DA:406,0
DA:411,0
DA:412,0
DA:413,0
DA:414,0
DA:416,0
DA:417,0
DA:422,0
DA:423,0
DA:424,0
DA:425,0
DA:427,0
DA:428,0
DA:432,0
LF:267
LH:0
BRDA:30,0,0,0
BRDA:30,0,1,0
BRDA:171,1,0,0
BRDA:172,2,0,0
BRDA:173,3,0,0
BRDA:241,4,0,0
BRDA:242,5,0,0
BRDA:243,6,0,0
BRDA:313,7,0,0
BRDA:314,8,0,0
BRDA:358,9,0,0
BRDA:359,10,0,0
BRDA:360,11,0,0
BRDA:376,12,0,0
BRDA:377,13,0,0
BRDA:378,14,0,0
BRF:16
BRH:0
end_of_record
TN:
SF:src\routes\courses.ts
FN:17,(anonymous_1)
FN:42,(anonymous_2)
FNF:2
FNH:0
FNDA:0,(anonymous_1)
FNDA:0,(anonymous_2)
DA:6,0
DA:7,0
DA:8,0
DA:9,0
DA:11,0
DA:17,0
DA:18,0
DA:20,0
DA:27,0
DA:28,0
DA:40,0
DA:43,0
DA:45,0
DA:51,0
DA:52,0
DA:61,0
LF:16
LH:0
BRF:0
BRH:0
end_of_record
TN:
SF:src\routes\critical-thinking.ts
FN:46,(anonymous_1)
FN:91,(anonymous_2)
FN:139,(anonymous_3)
FN:180,(anonymous_4)
FN:244,(anonymous_5)
FN:297,(anonymous_6)
FNF:6
FNH:0
FNDA:0,(anonymous_1)
FNDA:0,(anonymous_2)
FNDA:0,(anonymous_3)
FNDA:0,(anonymous_4)
FNDA:0,(anonymous_5)
FNDA:0,(anonymous_6)
DA:6,0
DA:7,0
DA:8,0
DA:9,0
DA:10,0
DA:11,0
DA:13,0
DA:14,0
DA:15,0
DA:18,0
DA:38,0
DA:46,0
DA:47,0
DA:49,0
DA:50,0
DA:51,0
DA:58,0
DA:59,0
DA:66,0
DA:71,0
DA:78,0
DA:86,0
DA:91,0
DA:92,0
DA:94,0
DA:95,0
DA:103,0
DA:104,0
DA:105,0
DA:113,0
DA:120,0
DA:126,0
DA:134,0
DA:139,0
DA:140,0
DA:142,0
DA:167,0
DA:175,0
DA:180,0
DA:181,0
DA:182,0
DA:183,0
DA:186,0
DA:187,0
DA:195,0
DA:196,0
DA:198,0
DA:199,0
DA:201,0
DA:202,0
DA:204,0
DA:205,0
DA:207,0
DA:208,0
DA:210,0
DA:211,0
DA:213,0
DA:214,0
DA:216,0
DA:217,0
DA:221,0
DA:223,0
DA:230,0
DA:239,0
DA:244,0
DA:245,0
DA:246,0
DA:249,0
DA:284,0
DA:292,0
DA:297,0
DA:298,0
DA:299,0
DA:300,0
DA:303,0
DA:330,0
DA:336,0
DA:344,0
DA:348,0
LF:79
LH:0
BRDA:50,0,0,0
BRDA:94,1,0,0
BRDA:104,2,0,0
BRDA:186,3,0,0
BRDA:196,4,0,0
BRDA:196,4,1,0
BRDA:196,4,2,0
BRDA:196,4,3,0
BRDA:196,4,4,0
BRDA:196,4,5,0
BRDA:196,4,6,0
BRF:11
BRH:0
end_of_record
TN:
SF:src\routes\curriculum-grid.ts
FN:19,(anonymous_0)
FN:40,(anonymous_1)
FN:61,(anonymous_2)
FN:96,(anonymous_3)
FN:125,(anonymous_4)
FN:147,(anonymous_5)
FN:169,(anonymous_6)
FN:190,(anonymous_7)
FN:213,(anonymous_8)
FN:235,(anonymous_9)
FN:264,(anonymous_10)
FNF:11
FNH:0
FNDA:0,(anonymous_0)
FNDA:0,(anonymous_1)
FNDA:0,(anonymous_2)
FNDA:0,(anonymous_3)
FNDA:0,(anonymous_4)
FNDA:0,(anonymous_5)
FNDA:0,(anonymous_6)
FNDA:0,(anonymous_7)
FNDA:0,(anonymous_8)
FNDA:0,(anonymous_9)
FNDA:0,(anonymous_10)
DA:6,0
DA:7,0
DA:8,0
DA:11,0
DA:12,0
DA:13,0
DA:19,0
DA:20,0
DA:21,0
DA:22,0
DA:28,0
DA:40,0
DA:41,0
DA:42,0
DA:43,0
DA:49,0
DA:61,0
DA:62,0
DA:63,0
DA:72,0
DA:73,0
DA:76,0
DA:78,0
DA:84,0
DA:96,0
DA:97,0
DA:98,0
DA:100,0
DA:101,0
DA:107,0
DA:113,0
DA:125,0
DA:126,0
DA:127,0
DA:129,0
DA:135,0
DA:147,0
DA:148,0
DA:149,0
DA:151,0
DA:157,0
DA:169,0
DA:170,0
DA:171,0
DA:173,0
DA:178,0
DA:190,0
DA:191,0
DA:192,0
DA:193,0
DA:195,0
DA:201,0
DA:213,0
DA:214,0
DA:215,0
DA:217,0
DA:223,0
DA:235,0
DA:236,0
DA:237,0
DA:239,0
DA:240,0
DA:246,0
DA:252,0
DA:264,0
DA:265,0
DA:266,0
DA:268,0
DA:273,0
DA:281,0
LF:70
LH:0
BRDA:65,0,0,0
BRDA:65,0,1,0
BRDA:66,1,0,0
BRDA:66,1,1,0
BRDA:67,2,0,0
BRDA:67,2,1,0
BRDA:72,3,0,0
BRDA:100,4,0,0
BRDA:239,5,0,0
BRF:9
BRH:0
end_of_record
TN:
SF:src\routes\launch.ts
FN:7,(anonymous_1)
FN:33,(anonymous_2)
FN:88,(anonymous_3)
FN:141,(anonymous_4)
FN:185,(anonymous_5)
FN:243,(anonymous_6)
FN:300,(anonymous_7)
FNF:7
FNH:0
FNDA:0,(anonymous_1)
FNDA:0,(anonymous_2)
FNDA:0,(anonymous_3)
FNDA:0,(anonymous_4)
FNDA:0,(anonymous_5)
FNDA:0,(anonymous_6)
FNDA:0,(anonymous_7)
DA:1,0
DA:4,0
DA:7,0
DA:8,0
DA:9,0
DA:19,0
DA:24,0
DA:25,0
DA:33,0
DA:34,0
DA:35,0
DA:74,0
DA:79,0
DA:80,0
DA:88,0
DA:89,0
DA:90,0
DA:93,0
DA:94,0
DA:101,0
DA:110,0
DA:127,0
DA:132,0
DA:133,0
DA:141,0
DA:142,0
DA:143,0
DA:171,0
DA:176,0
DA:177,0
DA:185,0
DA:186,0
DA:187,0
DA:229,0
DA:234,0
DA:235,0
DA:243,0
DA:244,0
DA:245,0
DA:286,0
DA:291,0
DA:292,0
DA:300,0
DA:301,0
DA:302,0
DA:304,0
DA:305,0
DA:312,0
DA:328,0
DA:334,0
DA:335,0
DA:342,0
LF:52
LH:0
BRDA:93,0,0,0
BRDA:93,1,0,0
BRDA:93,1,1,0
BRDA:304,2,0,0
BRDA:304,3,0,0
BRDA:304,3,1,0
BRF:6
BRH:0
end_of_record
TN:
SF:src\routes\multilingual.ts
FN:13,(anonymous_0)
FN:24,(anonymous_1)
FN:35,(anonymous_2)
FN:55,(anonymous_3)
FN:78,(anonymous_4)
FN:88,(anonymous_5)
FN:95,(anonymous_6)
FN:106,(anonymous_7)
FN:126,(anonymous_8)
FN:152,(anonymous_9)
FN:166,(anonymous_10)
FN:179,(anonymous_11)
FN:192,(anonymous_12)
FN:217,(anonymous_13)
FN:256,(anonymous_14)
FN:297,(anonymous_15)
FN:334,(anonymous_16)
FN:374,(anonymous_17)
FN:416,(anonymous_18)
FN:453,(anonymous_19)
FN:485,(anonymous_20)
FN:506,(anonymous_21)
FNF:22
FNH:0
FNDA:0,(anonymous_0)
FNDA:0,(anonymous_1)
FNDA:0,(anonymous_2)
FNDA:0,(anonymous_3)
FNDA:0,(anonymous_4)
FNDA:0,(anonymous_5)
FNDA:0,(anonymous_6)
FNDA:0,(anonymous_7)
FNDA:0,(anonymous_8)
FNDA:0,(anonymous_9)
FNDA:0,(anonymous_10)
FNDA:0,(anonymous_11)
FNDA:0,(anonymous_12)
FNDA:0,(anonymous_13)
FNDA:0,(anonymous_14)
FNDA:0,(anonymous_15)
FNDA:0,(anonymous_16)
FNDA:0,(anonymous_17)
FNDA:0,(anonymous_18)
FNDA:0,(anonymous_19)
FNDA:0,(anonymous_20)
FNDA:0,(anonymous_21)
DA:6,0
DA:7,0
DA:9,0
DA:14,0
DA:25,0
DA:36,0
DA:56,0
DA:79,0
DA:89,0
DA:95,0
DA:107,0
DA:127,0
DA:153,0
DA:167,0
DA:176,0
DA:180,0
DA:189,0
DA:193,0
DA:202,0
DA:206,0
DA:212,0
DA:218,0
DA:219,0
DA:220,0
DA:221,0
DA:227,0
DA:228,0
DA:230,0
DA:232,0
DA:237,0
DA:238,0
DA:250,0
DA:257,0
DA:258,0
DA:259,0
DA:260,0
DA:266,0
DA:267,0
DA:269,0
DA:271,0
DA:276,0
DA:277,0
DA:289,0
DA:298,0
DA:299,0
DA:300,0
DA:301,0
DA:307,0
DA:308,0
DA:310,0
DA:312,0
DA:317,0
DA:318,0
DA:330,0
DA:335,0
DA:336,0
DA:337,0
DA:338,0
DA:344,0
DA:346,0
DA:348,0
DA:353,0
DA:354,0
DA:366,0
DA:375,0
DA:376,0
DA:377,0
DA:378,0
DA:384,0
DA:385,0
DA:387,0
DA:389,0
DA:394,0
DA:395,0
DA:407,0
DA:417,0
DA:418,0
DA:419,0
DA:420,0
DA:426,0
DA:427,0
DA:429,0
DA:431,0
DA:436,0
DA:437,0
DA:449,0
DA:454,0
DA:455,0
DA:456,0
DA:457,0
DA:463,0
DA:465,0
DA:467,0
DA:472,0
DA:473,0
DA:485,0
DA:486,0
DA:487,0
DA:489,0
DA:494,0
DA:495,0
DA:506,0
DA:507,0
DA:508,0
DA:510,0
DA:515,0
DA:516,0
DA:523,0
LF:108
LH:0
BRDA:15,0,0,0
BRDA:15,0,1,0
BRDA:80,1,0,0
BRDA:80,1,1,0
BRDA:83,2,0,0
BRDA:83,2,1,0
BRDA:176,3,0,0
BRDA:176,3,1,0
BRDA:189,4,0,0
BRDA:189,4,1,0
BRDA:202,5,0,0
BRDA:202,5,1,0
BRDA:220,6,0,0
BRDA:259,7,0,0
BRDA:267,8,0,0
BRDA:300,9,0,0
BRDA:337,10,0,0
BRDA:377,11,0,0
BRDA:385,12,0,0
BRDA:385,13,0,0
BRDA:419,14,0,0
BRDA:456,15,0,0
BRF:22
BRH:0
end_of_record
TN:
SF:src\routes\partner-integration.ts
FN:22,(anonymous_0)
FN:30,(anonymous_1)
FN:33,(anonymous_2)
FN:36,(anonymous_3)
FN:59,(anonymous_4)
FN:102,(anonymous_5)
FN:151,(anonymous_6)
FN:198,(anonymous_7)
FN:246,(anonymous_8)
FN:266,(anonymous_9)
FN:274,(anonymous_10)
FN:275,(anonymous_11)
FN:280,(anonymous_12)
FN:313,(anonymous_13)
FN:364,(anonymous_14)
FN:372,(anonymous_15)
FN:375,(anonymous_16)
FN:378,(anonymous_17)
FN:382,(anonymous_18)
FN:386,(anonymous_19)
FN:410,(anonymous_20)
FN:478,(anonymous_21)
FN:514,(anonymous_22)
FN:522,(anonymous_23)
FN:524,(anonymous_24)
FN:525,(anonymous_25)
FN:527,(anonymous_26)
FN:528,(anonymous_27)
FN:529,(anonymous_28)
FN:533,(anonymous_29)
FN:559,generateMonthlyTrends
FN:569,(anonymous_31)
FNF:32
FNH:0
FNDA:0,(anonymous_0)
FNDA:0,(anonymous_1)
FNDA:0,(anonymous_2)
FNDA:0,(anonymous_3)
FNDA:0,(anonymous_4)
FNDA:0,(anonymous_5)
FNDA:0,(anonymous_6)
FNDA:0,(anonymous_7)
FNDA:0,(anonymous_8)
FNDA:0,(anonymous_9)
FNDA:0,(anonymous_10)
FNDA:0,(anonymous_11)
FNDA:0,(anonymous_12)
FNDA:0,(anonymous_13)
FNDA:0,(anonymous_14)
FNDA:0,(anonymous_15)
FNDA:0,(anonymous_16)
FNDA:0,(anonymous_17)
FNDA:0,(anonymous_18)
FNDA:0,(anonymous_19)
FNDA:0,(anonymous_20)
FNDA:0,(anonymous_21)
FNDA:0,(anonymous_22)
FNDA:0,(anonymous_23)
FNDA:0,(anonymous_24)
FNDA:0,(anonymous_25)
FNDA:0,(anonymous_26)
FNDA:0,(anonymous_27)
FNDA:0,(anonymous_28)
FNDA:0,(anonymous_29)
FNDA:0,generateMonthlyTrends
FNDA:0,(anonymous_31)
DA:7,0
DA:8,0
DA:10,0
DA:13,0
DA:14,0
DA:15,0
DA:16,0
DA:22,0
DA:23,0
DA:24,0
DA:26,0
DA:29,0
DA:30,0
DA:32,0
DA:33,0
DA:35,0
DA:36,0
DA:39,0
DA:45,0
DA:57,0
DA:60,0
DA:61,0
DA:62,0
DA:63,0
DA:70,0
DA:71,0
DA:72,0
DA:78,0
DA:83,0
DA:95,0
DA:103,0
DA:104,0
DA:105,0
DA:106,0
DA:113,0
DA:114,0
DA:129,0
DA:131,0
DA:137,0
DA:149,0
DA:152,0
DA:153,0
DA:154,0
DA:155,0
DA:162,0
DA:163,0
DA:164,0
DA:170,0
DA:176,0
DA:178,0
DA:184,0
DA:196,0
DA:199,0
DA:200,0
DA:201,0
DA:202,0
DA:209,0
DA:210,0
DA:211,0
DA:218,0
DA:226,0
DA:232,0
DA:244,0
DA:247,0
DA:248,0
DA:249,0
DA:250,0
DA:257,0
DA:258,0
DA:259,0
DA:265,0
DA:266,0
DA:268,0
DA:270,0
DA:272,0
DA:273,0
DA:274,0
DA:275,0
DA:279,0
DA:280,0
DA:281,0
DA:286,0
DA:292,0
DA:304,0
DA:314,0
DA:315,0
DA:316,0
DA:317,0
DA:324,0
DA:325,0
DA:326,0
DA:332,0
DA:333,0
DA:344,0
DA:346,0
DA:352,0
DA:364,0
DA:365,0
DA:366,0
DA:368,0
DA:371,0
DA:372,0
DA:374,0
DA:375,0
DA:377,0
DA:378,0
DA:380,0
DA:381,0
DA:382,0
DA:386,0
DA:388,0
DA:394,0
DA:406,0
DA:411,0
DA:412,0
DA:413,0
DA:414,0
DA:421,0
DA:422,0
DA:423,0
DA:429,0
DA:430,0
DA:456,0
DA:458,0
DA:464,0
DA:476,0
DA:479,0
DA:480,0
DA:481,0
DA:482,0
DA:489,0
DA:490,0
DA:491,0
DA:497,0
DA:502,0
DA:514,0
DA:515,0
DA:516,0
DA:517,0
DA:518,0
DA:520,0
DA:522,0
DA:524,0
DA:525,0
DA:527,0
DA:528,0
DA:530,0
DA:531,0
DA:534,0
DA:535,0
DA:543,0
DA:548,0
DA:560,0
DA:561,0
DA:563,0
DA:564,0
DA:565,0
DA:566,0
DA:569,0
DA:570,0
DA:571,0
DA:572,0
DA:573,0
DA:577,0
DA:580,0
LF:165
LH:0
BRDA:29,0,0,0
BRDA:32,1,0,0
BRDA:35,2,0,0
BRDA:62,3,0,0
BRDA:71,4,0,0
BRDA:105,5,0,0
BRDA:154,6,0,0
BRDA:163,7,0,0
BRDA:201,8,0,0
BRDA:210,9,0,0
BRDA:222,10,0,0
BRDA:222,10,1,0
BRDA:229,11,0,0
BRDA:229,11,1,0
BRDA:249,12,0,0
BRDA:258,13,0,0
BRDA:272,14,0,0
BRDA:273,15,0,0
BRDA:273,15,1,0
BRDA:279,16,0,0
BRDA:281,17,0,0
BRDA:281,17,1,0
BRDA:316,18,0,0
BRDA:325,19,0,0
BRDA:371,20,0,0
BRDA:374,21,0,0
BRDA:377,22,0,0
BRDA:380,23,0,0
BRDA:413,24,0,0
BRDA:422,25,0,0
BRDA:481,26,0,0
BRDA:490,27,0,0
BRDA:525,28,0,0
BRDA:525,28,1,0
BRDA:530,29,0,0
BRDA:530,29,1,0
BRDA:534,30,0,0
BRDA:534,30,1,0
BRDA:572,31,0,0
BRF:39
BRH:0
end_of_record
TN:
SF:src\routes\research.ts
FN:17,(anonymous_1)
FN:106,(anonymous_2)
FN:141,(anonymous_3)
FN:168,(anonymous_4)
FN:202,(anonymous_5)
FN:236,(anonymous_6)
FNF:6
FNH:0
FNDA:0,(anonymous_1)
FNDA:0,(anonymous_2)
FNDA:0,(anonymous_3)
FNDA:0,(anonymous_4)
FNDA:0,(anonymous_5)
FNDA:0,(anonymous_6)
DA:6,0
DA:7,0
DA:8,0
DA:10,0
DA:11,0
DA:17,0
DA:18,0
DA:31,0
DA:34,0
DA:35,0
DA:43,0
DA:70,0
DA:83,0
DA:85,0
DA:93,0
DA:94,0
DA:106,0
DA:107,0
DA:108,0
DA:109,0
DA:111,0
DA:112,0
DA:119,0
DA:128,0
DA:129,0
DA:141,0
DA:142,0
DA:143,0
DA:144,0
DA:146,0
DA:148,0
DA:155,0
DA:156,0
DA:168,0
DA:169,0
DA:170,0
DA:172,0
DA:173,0
DA:180,0
DA:182,0
DA:189,0
DA:190,0
DA:202,0
DA:203,0
DA:204,0
DA:205,0
DA:207,0
DA:208,0
DA:215,0
DA:223,0
DA:224,0
DA:236,0
DA:237,0
DA:238,0
DA:239,0
DA:241,0
DA:248,0
DA:249,0
DA:257,0
LF:59
LH:0
BRDA:34,0,0,0
BRDA:34,1,0,0
BRDA:34,1,1,0
BRDA:34,1,2,0
BRDA:34,1,3,0
BRDA:46,2,0,0
BRDA:46,2,1,0
BRDA:56,3,0,0
BRDA:56,3,1,0
BRDA:59,4,0,0
BRDA:59,4,1,0
BRDA:61,5,0,0
BRDA:61,5,1,0
BRDA:77,6,0,0
BRDA:77,6,1,0
BRDA:79,7,0,0
BRDA:79,7,1,0
BRDA:111,8,0,0
BRDA:172,9,0,0
BRDA:172,10,0,0
BRDA:172,10,1,0
BRDA:172,10,2,0
BRDA:207,11,0,0
BRF:23
BRH:0
end_of_record
TN:
SF:src\routes\scrollbadges.ts
FN:75,(anonymous_1)
FN:113,(anonymous_2)
FN:154,(anonymous_3)
FN:199,(anonymous_4)
FN:222,(anonymous_5)
FN:247,(anonymous_6)
FN:267,(anonymous_7)
FN:286,(anonymous_8)
FN:309,(anonymous_9)
FN:336,(anonymous_10)
FN:361,(anonymous_11)
FN:393,(anonymous_12)
FNF:12
FNH:0
FNDA:0,(anonymous_1)
FNDA:0,(anonymous_2)
FNDA:0,(anonymous_3)
FNDA:0,(anonymous_4)
FNDA:0,(anonymous_5)
FNDA:0,(anonymous_6)
FNDA:0,(anonymous_7)
FNDA:0,(anonymous_8)
FNDA:0,(anonymous_9)
FNDA:0,(anonymous_10)
FNDA:0,(anonymous_11)
FNDA:0,(anonymous_12)
DA:6,0
DA:8,0
DA:10,0
DA:11,0
DA:12,0
DA:14,0
DA:17,0
DA:53,0
DA:72,0
DA:76,0
DA:77,0
DA:80,0
DA:81,0
DA:87,0
DA:89,0
DA:97,0
DA:98,0
DA:110,0
DA:114,0
DA:115,0
DA:118,0
DA:119,0
DA:125,0
DA:131,0
DA:139,0
DA:140,0
DA:152,0
DA:155,0
DA:156,0
DA:159,0
DA:160,0
DA:166,0
DA:167,0
DA:173,0
DA:175,0
DA:184,0
DA:185,0
DA:199,0
DA:200,0
DA:201,0
DA:203,0
DA:205,0
DA:210,0
DA:211,0
DA:222,0
DA:223,0
DA:224,0
DA:226,0
DA:228,0
DA:233,0
DA:234,0
DA:245,0
DA:248,0
DA:249,0
DA:252,0
DA:253,0
DA:259,0
DA:261,0
DA:267,0
DA:271,0
DA:272,0
DA:286,0
DA:287,0
DA:288,0
DA:290,0
DA:292,0
DA:297,0
DA:298,0
DA:309,0
DA:310,0
DA:311,0
DA:312,0
DA:314,0
DA:319,0
DA:324,0
DA:325,0
DA:336,0
DA:337,0
DA:338,0
DA:340,0
DA:342,0
DA:343,0
DA:345,0
DA:346,0
DA:359,0
DA:362,0
DA:364,0
DA:365,0
DA:371,0
DA:373,0
DA:378,0
DA:379,0
DA:391,0
DA:394,0
DA:395,0
DA:396,0
DA:399,0
DA:400,0
DA:406,0
DA:407,0
DA:413,0
DA:415,0
DA:416,0
DA:426,0
DA:432,0
DA:433,0
DA:441,0
LF:107
LH:0
BRDA:80,0,0,0
BRDA:80,1,0,0
BRDA:80,1,1,0
BRDA:80,1,2,0
BRDA:100,2,0,0
BRDA:100,2,1,0
BRDA:118,3,0,0
BRDA:118,4,0,0
BRDA:118,4,1,0
BRDA:142,5,0,0
BRDA:142,5,1,0
BRDA:159,6,0,0
BRDA:159,7,0,0
BRDA:159,7,1,0
BRDA:166,8,0,0
BRDA:166,9,0,0
BRDA:166,9,1,0
BRDA:187,10,0,0
BRDA:187,10,1,0
BRDA:213,11,0,0
BRDA:213,11,1,0
BRDA:236,12,0,0
BRDA:236,12,1,0
BRDA:252,13,0,0
BRDA:252,14,0,0
BRDA:252,14,1,0
BRDA:252,14,2,0
BRDA:274,15,0,0
BRDA:274,15,1,0
BRDA:300,16,0,0
BRDA:300,16,1,0
BRDA:312,17,0,0
BRDA:327,18,0,0
BRDA:327,18,1,0
BRDA:348,19,0,0
BRDA:348,19,1,0
BRDA:364,20,0,0
BRDA:381,21,0,0
BRDA:381,21,1,0
BRDA:399,22,0,0
BRDA:406,23,0,0
BRDA:415,24,0,0
BRDA:415,24,1,0
BRDA:435,25,0,0
BRDA:435,25,1,0
BRF:45
BRH:0
end_of_record
TN:
SF:src\routes\scrollcoin.ts
FN:21,(anonymous_1)
FN:54,(anonymous_2)
FN:91,(anonymous_3)
FN:139,(anonymous_4)
FN:187,(anonymous_5)
FN:212,(anonymous_6)
FN:215,(anonymous_7)
FN:241,(anonymous_8)
FN:288,(anonymous_9)
FN:334,(anonymous_10)
FN:358,(anonymous_11)
FNF:11
FNH:0
FNDA:0,(anonymous_1)
FNDA:0,(anonymous_2)
FNDA:0,(anonymous_3)
FNDA:0,(anonymous_4)
FNDA:0,(anonymous_5)
FNDA:0,(anonymous_6)
FNDA:0,(anonymous_7)
FNDA:0,(anonymous_8)
FNDA:0,(anonymous_9)
FNDA:0,(anonymous_10)
FNDA:0,(anonymous_11)
DA:6,0
DA:7,0
DA:8,0
DA:9,0
DA:10,0
DA:12,0
DA:13,0
DA:14,0
DA:15,0
DA:21,0
DA:22,0
DA:23,0
DA:24,0
DA:25,0
DA:32,0
DA:34,0
DA:41,0
DA:42,0
DA:54,0
DA:55,0
DA:56,0
DA:57,0
DA:58,0
DA:65,0
DA:66,0
DA:68,0
DA:70,0
DA:78,0
DA:79,0
DA:91,0
DA:92,0
DA:93,0
DA:94,0
DA:95,0
DA:102,0
DA:104,0
DA:105,0
DA:112,0
DA:119,0
DA:126,0
DA:127,0
DA:139,0
DA:140,0
DA:141,0
DA:142,0
DA:143,0
DA:150,0
DA:152,0
DA:153,0
DA:160,0
DA:167,0
DA:174,0
DA:175,0
DA:187,0
DA:188,0
DA:189,0
DA:190,0
DA:192,0
DA:199,0
DA:200,0
DA:212,0
DA:213,0
DA:214,0
DA:215,0
DA:220,0
DA:228,0
DA:229,0
DA:241,0
DA:242,0
DA:243,0
DA:244,0
DA:245,0
DA:251,0
DA:253,0
DA:254,0
DA:260,0
DA:267,0
DA:276,0
DA:277,0
DA:288,0
DA:289,0
DA:290,0
DA:291,0
DA:292,0
DA:298,0
DA:300,0
DA:301,0
DA:307,0
DA:313,0
DA:322,0
DA:323,0
DA:334,0
DA:335,0
DA:336,0
DA:338,0
DA:345,0
DA:346,0
DA:358,0
DA:359,0
DA:360,0
DA:361,0
DA:364,0
DA:365,0
DA:372,0
DA:374,0
DA:381,0
DA:382,0
DA:390,0
LF:108
LH:0
BRDA:24,0,0,0
BRDA:57,1,0,0
BRDA:65,2,0,0
BRDA:65,2,1,0
BRDA:66,3,0,0
BRDA:66,3,1,0
BRDA:94,4,0,0
BRDA:104,5,0,0
BRDA:104,6,0,0
BRDA:104,6,1,0
BRDA:104,6,2,0
BRDA:116,7,0,0
BRDA:116,7,1,0
BRDA:129,8,0,0
BRDA:129,8,1,0
BRDA:142,9,0,0
BRDA:152,10,0,0
BRDA:152,11,0,0
BRDA:152,11,1,0
BRDA:152,11,2,0
BRDA:177,12,0,0
BRDA:177,12,1,0
BRDA:189,13,0,0
BRDA:189,13,1,0
BRDA:244,14,0,0
BRDA:253,15,0,0
BRDA:253,16,0,0
BRDA:253,16,1,0
BRDA:264,17,0,0
BRDA:264,17,1,0
BRDA:271,18,0,0
BRDA:271,18,1,0
BRDA:291,19,0,0
BRDA:300,20,0,0
BRDA:310,21,0,0
BRDA:310,21,1,0
BRDA:317,22,0,0
BRDA:317,22,1,0
BRDA:364,23,0,0
BRDA:364,24,0,0
BRDA:364,24,1,0
BRF:41
BRH:0
end_of_record
TN:
SF:src\routes\security.ts
FN:12,(anonymous_1)
FN:23,(anonymous_2)
FN:34,(anonymous_3)
FN:45,(anonymous_4)
FN:56,(anonymous_5)
FN:68,(anonymous_6)
FN:78,(anonymous_7)
FN:90,(anonymous_8)
FN:107,(anonymous_9)
FN:119,(anonymous_10)
FN:129,(anonymous_11)
FN:144,(anonymous_12)
FN:159,(anonymous_13)
FN:175,(anonymous_14)
FN:187,(anonymous_15)
FN:198,(anonymous_16)
FN:209,(anonymous_17)
FN:226,(anonymous_18)
FN:237,(anonymous_19)
FN:247,(anonymous_20)
FN:264,(anonymous_21)
FN:275,(anonymous_22)
FN:286,(anonymous_23)
FN:297,(anonymous_24)
FN:313,(anonymous_25)
FN:324,(anonymous_26)
FN:335,(anonymous_27)
FN:346,(anonymous_28)
FN:364,(anonymous_29)
FN:375,(anonymous_30)
FN:393,(anonymous_31)
FN:411,(anonymous_32)
FN:422,(anonymous_33)
FN:434,(anonymous_34)
FN:444,(anonymous_35)
FN:456,(anonymous_36)
FN:467,(anonymous_37)
FN:477,(anonymous_38)
FN:482,(anonymous_39)
FNF:39
FNH:0
FNDA:0,(anonymous_1)
FNDA:0,(anonymous_2)
FNDA:0,(anonymous_3)
FNDA:0,(anonymous_4)
FNDA:0,(anonymous_5)
FNDA:0,(anonymous_6)
FNDA:0,(anonymous_7)
FNDA:0,(anonymous_8)
FNDA:0,(anonymous_9)
FNDA:0,(anonymous_10)
FNDA:0,(anonymous_11)
FNDA:0,(anonymous_12)
FNDA:0,(anonymous_13)
FNDA:0,(anonymous_14)
FNDA:0,(anonymous_15)
FNDA:0,(anonymous_16)
FNDA:0,(anonymous_17)
FNDA:0,(anonymous_18)
FNDA:0,(anonymous_19)
FNDA:0,(anonymous_20)
FNDA:0,(anonymous_21)
FNDA:0,(anonymous_22)
FNDA:0,(anonymous_23)
FNDA:0,(anonymous_24)
FNDA:0,(anonymous_25)
FNDA:0,(anonymous_26)
FNDA:0,(anonymous_27)
FNDA:0,(anonymous_28)
FNDA:0,(anonymous_29)
FNDA:0,(anonymous_30)
FNDA:0,(anonymous_31)
FNDA:0,(anonymous_32)
FNDA:0,(anonymous_33)
FNDA:0,(anonymous_34)
FNDA:0,(anonymous_35)
FNDA:0,(anonymous_36)
FNDA:0,(anonymous_37)
FNDA:0,(anonymous_38)
FNDA:0,(anonymous_39)
DA:1,0
DA:2,0
DA:3,0
DA:5,0
DA:6,0
DA:9,0
DA:12,0
DA:13,0
DA:14,0
DA:15,0
DA:17,0
DA:18,0
DA:23,0
DA:24,0
DA:25,0
DA:26,0
DA:28,0
DA:29,0
DA:34,0
DA:35,0
DA:36,0
DA:37,0
DA:39,0
DA:40,0
DA:45,0
DA:46,0
DA:47,0
DA:48,0
DA:49,0
DA:51,0
DA:52,0
DA:56,0
DA:57,0
DA:58,0
DA:59,0
DA:60,0
DA:62,0
DA:63,0
DA:68,0
DA:69,0
DA:71,0
DA:73,0
DA:74,0
DA:78,0
DA:79,0
DA:80,0
DA:81,0
DA:82,0
DA:84,0
DA:85,0
DA:90,0
DA:91,0
DA:92,0
DA:93,0
DA:99,0
DA:101,0
DA:102,0
DA:107,0
DA:108,0
DA:109,0
DA:110,0
DA:111,0
DA:113,0
DA:114,0
DA:119,0
DA:120,0
DA:121,0
DA:122,0
DA:124,0
DA:125,0
DA:129,0
DA:130,0
DA:131,0
DA:132,0
DA:137,0
DA:139,0
DA:140,0
DA:144,0
DA:145,0
DA:146,0
DA:147,0
DA:152,0
DA:154,0
DA:155,0
DA:159,0
DA:160,0
DA:161,0
DA:162,0
DA:168,0
DA:170,0
DA:171,0
DA:175,0
DA:176,0
DA:177,0
DA:178,0
DA:179,0
DA:181,0
DA:182,0
DA:187,0
DA:188,0
DA:189,0
DA:190,0
DA:191,0
DA:193,0
DA:194,0
DA:198,0
DA:199,0
DA:200,0
DA:201,0
DA:202,0
DA:204,0
DA:205,0
DA:209,0
DA:210,0
DA:211,0
DA:212,0
DA:213,0
DA:219,0
DA:221,0
DA:222,0
DA:226,0
DA:227,0
DA:228,0
DA:229,0
DA:230,0
DA:232,0
DA:233,0
DA:237,0
DA:238,0
DA:239,0
DA:240,0
DA:242,0
DA:243,0
DA:247,0
DA:248,0
DA:249,0
DA:250,0
DA:256,0
DA:258,0
DA:259,0
DA:264,0
DA:265,0
DA:266,0
DA:267,0
DA:268,0
DA:270,0
DA:271,0
DA:275,0
DA:276,0
DA:277,0
DA:278,0
DA:279,0
DA:281,0
DA:282,0
DA:286,0
DA:287,0
DA:288,0
DA:289,0
DA:290,0
DA:292,0
DA:293,0
DA:297,0
DA:298,0
DA:299,0
DA:300,0
DA:301,0
DA:306,0
DA:308,0
DA:309,0
DA:313,0
DA:314,0
DA:315,0
DA:316,0
DA:317,0
DA:319,0
DA:320,0
DA:324,0
DA:325,0
DA:326,0
DA:327,0
DA:328,0
DA:330,0
DA:331,0
DA:335,0
DA:336,0
DA:337,0
DA:338,0
DA:339,0
DA:341,0
DA:342,0
DA:346,0
DA:347,0
DA:348,0
DA:350,0
DA:351,0
DA:352,0
DA:353,0
DA:356,0
DA:358,0
DA:359,0
DA:364,0
DA:365,0
DA:366,0
DA:367,0
DA:368,0
DA:370,0
DA:371,0
DA:375,0
DA:376,0
DA:377,0
DA:378,0
DA:386,0
DA:388,0
DA:389,0
DA:393,0
DA:394,0
DA:395,0
DA:396,0
DA:397,0
DA:403,0
DA:405,0
DA:406,0
DA:411,0
DA:412,0
DA:413,0
DA:414,0
DA:415,0
DA:417,0
DA:418,0
DA:422,0
DA:423,0
DA:424,0
DA:425,0
DA:426,0
DA:428,0
DA:429,0
DA:434,0
DA:435,0
DA:436,0
DA:437,0
DA:439,0
DA:440,0
DA:444,0
DA:445,0
DA:446,0
DA:447,0
DA:448,0
DA:450,0
DA:451,0
DA:456,0
DA:457,0
DA:459,0
DA:467,0
DA:468,0
DA:472,0
DA:473,0
DA:474,0
DA:477,0
DA:478,0
DA:482,0
DA:483,0
DA:484,0
DA:485,0
DA:486,0
DA:490,0
DA:491,0
DA:495,0
LF:267
LH:0
BRDA:109,0,0,0
BRDA:200,1,0,0
BRDA:277,2,0,0
BRDA:350,3,0,0
BRDA:350,3,1,0
BRDA:352,4,0,0
BRF:6
BRH:0
end_of_record
TN:
SF:src\routes\spiritual-formation.ts
FN:14,(anonymous_1)
FN:29,(anonymous_2)
FN:49,(anonymous_3)
FN:73,(anonymous_4)
FN:87,(anonymous_5)
FN:143,(anonymous_6)
FN:149,(anonymous_7)
FN:169,(anonymous_8)
FN:176,(anonymous_9)
FN:185,(anonymous_10)
FN:193,(anonymous_11)
FN:199,(anonymous_12)
FN:203,(anonymous_13)
FN:208,(anonymous_14)
FN:223,(anonymous_15)
FN:248,(anonymous_16)
FN:258,(anonymous_17)
FN:276,(anonymous_18)
FN:286,(anonymous_19)
FN:296,(anonymous_20)
FN:320,(anonymous_21)
FN:331,(anonymous_22)
FN:337,(anonymous_23)
FN:348,(anonymous_24)
FN:375,(anonymous_25)
FN:381,(anonymous_26)
FN:404,(anonymous_27)
FN:410,(anonymous_28)
FN:421,(anonymous_29)
FN:534,(anonymous_30)
FN:543,(anonymous_31)
FN:550,(anonymous_32)
FN:552,(anonymous_33)
FN:553,(anonymous_34)
FN:554,(anonymous_35)
FN:555,(anonymous_36)
FN:556,(anonymous_37)
FN:558,(anonymous_38)
FN:569,(anonymous_39)
FN:580,(anonymous_40)
FN:581,(anonymous_41)
FN:585,(anonymous_42)
FN:586,(anonymous_43)
FN:587,(anonymous_44)
FN:590,(anonymous_45)
FNF:45
FNH:0
FNDA:0,(anonymous_1)
FNDA:0,(anonymous_2)
FNDA:0,(anonymous_3)
FNDA:0,(anonymous_4)
FNDA:0,(anonymous_5)
FNDA:0,(anonymous_6)
FNDA:0,(anonymous_7)
FNDA:0,(anonymous_8)
FNDA:0,(anonymous_9)
FNDA:0,(anonymous_10)
FNDA:0,(anonymous_11)
FNDA:0,(anonymous_12)
FNDA:0,(anonymous_13)
FNDA:0,(anonymous_14)
FNDA:0,(anonymous_15)
FNDA:0,(anonymous_16)
FNDA:0,(anonymous_17)
FNDA:0,(anonymous_18)
FNDA:0,(anonymous_19)
FNDA:0,(anonymous_20)
FNDA:0,(anonymous_21)
FNDA:0,(anonymous_22)
FNDA:0,(anonymous_23)
FNDA:0,(anonymous_24)
FNDA:0,(anonymous_25)
FNDA:0,(anonymous_26)
FNDA:0,(anonymous_27)
FNDA:0,(anonymous_28)
FNDA:0,(anonymous_29)
FNDA:0,(anonymous_30)
FNDA:0,(anonymous_31)
FNDA:0,(anonymous_32)
FNDA:0,(anonymous_33)
FNDA:0,(anonymous_34)
FNDA:0,(anonymous_35)
FNDA:0,(anonymous_36)
FNDA:0,(anonymous_37)
FNDA:0,(anonymous_38)
FNDA:0,(anonymous_39)
FNDA:0,(anonymous_40)
FNDA:0,(anonymous_41)
FNDA:0,(anonymous_42)
FNDA:0,(anonymous_43)
FNDA:0,(anonymous_44)
FNDA:0,(anonymous_45)
DA:1,0
DA:4,0
DA:7,0
DA:8,0
DA:9,0
DA:10,0
DA:11,0
DA:14,0
DA:15,0
DA:16,0
DA:17,0
DA:19,0
DA:20,0
DA:23,0
DA:25,0
DA:29,0
DA:30,0
DA:31,0
DA:32,0
DA:34,0
DA:42,0
DA:43,0
DA:45,0
DA:49,0
DA:50,0
DA:51,0
DA:52,0
DA:54,0
DA:55,0
DA:56,0
DA:59,0
DA:65,0
DA:66,0
DA:68,0
DA:73,0
DA:74,0
DA:75,0
DA:76,0
DA:78,0
DA:79,0
DA:81,0
DA:83,0
DA:87,0
DA:88,0
DA:89,0
DA:90,0
DA:92,0
DA:133,0
DA:134,0
DA:135,0
DA:137,0
DA:139,0
DA:143,0
DA:144,0
DA:145,0
DA:146,0
DA:148,0
DA:149,0
DA:151,0
DA:152,0
DA:155,0
DA:161,0
DA:162,0
DA:164,0
DA:169,0
DA:170,0
DA:171,0
DA:172,0
DA:174,0
DA:175,0
DA:176,0
DA:179,0
DA:181,0
DA:185,0
DA:186,0
DA:187,0
DA:189,0
DA:192,0
DA:193,0
DA:194,0
DA:198,0
DA:199,0
DA:202,0
DA:203,0
DA:207,0
DA:208,0
DA:209,0
DA:210,0
DA:211,0
DA:215,0
DA:217,0
DA:219,0
DA:223,0
DA:224,0
DA:225,0
DA:226,0
DA:228,0
DA:238,0
DA:239,0
DA:240,0
DA:242,0
DA:244,0
DA:248,0
DA:249,0
DA:250,0
DA:251,0
DA:254,0
DA:255,0
DA:257,0
DA:258,0
DA:259,0
DA:260,0
DA:261,0
DA:262,0
DA:266,0
DA:267,0
DA:271,0
DA:272,0
DA:275,0
DA:276,0
DA:277,0
DA:278,0
DA:280,0
DA:282,0
DA:286,0
DA:287,0
DA:288,0
DA:289,0
DA:292,0
DA:293,0
DA:295,0
DA:296,0
DA:297,0
DA:298,0
DA:299,0
DA:300,0
DA:304,0
DA:305,0
DA:308,0
DA:315,0
DA:316,0
DA:319,0
DA:320,0
DA:321,0
DA:322,0
DA:324,0
DA:326,0
DA:331,0
DA:332,0
DA:333,0
DA:334,0
DA:336,0
DA:337,0
DA:338,0
DA:340,0
DA:342,0
DA:344,0
DA:348,0
DA:349,0
DA:350,0
DA:351,0
DA:353,0
DA:365,0
DA:366,0
DA:367,0
DA:369,0
DA:371,0
DA:375,0
DA:376,0
DA:377,0
DA:378,0
DA:380,0
DA:381,0
DA:383,0
DA:384,0
DA:387,0
DA:388,0
DA:389,0
DA:390,0
DA:391,0
DA:392,0
DA:394,0
DA:395,0
DA:397,0
DA:399,0
DA:404,0
DA:405,0
DA:406,0
DA:407,0
DA:409,0
DA:410,0
DA:411,0
DA:413,0
DA:415,0
DA:417,0
DA:421,0
DA:422,0
DA:423,0
DA:424,0
DA:427,0
DA:428,0
DA:430,0
DA:432,0
DA:433,0
DA:435,0
DA:436,0
DA:438,0
DA:439,0
DA:441,0
DA:442,0
DA:445,0
DA:523,0
DA:524,0
DA:525,0
DA:527,0
DA:529,0
DA:534,0
DA:535,0
DA:536,0
DA:537,0
DA:539,0
DA:540,0
DA:541,0
DA:543,0
DA:544,0
DA:547,0
DA:550,0
DA:553,0
DA:554,0
DA:555,0
DA:556,0
DA:558,0
DA:563,0
DA:565,0
DA:569,0
DA:570,0
DA:571,0
DA:572,0
DA:574,0
DA:575,0
DA:577,0
DA:578,0
DA:580,0
DA:581,0
DA:583,0
DA:585,0
DA:586,0
DA:587,0
DA:590,0
DA:593,0
DA:595,0
DA:599,0
LF:252
LH:0
BRDA:19,0,0,0
BRDA:55,1,0,0
BRDA:76,2,0,0
BRDA:78,3,0,0
BRDA:78,3,1,0
BRDA:90,4,0,0
BRDA:133,5,0,0
BRDA:133,5,1,0
BRDA:148,6,0,0
BRDA:148,6,1,0
BRDA:151,7,0,0
BRDA:174,8,0,0
BRDA:174,8,1,0
BRDA:175,9,0,0
BRDA:175,9,1,0
BRDA:187,10,0,0
BRDA:193,11,0,0
BRDA:193,11,1,0
BRDA:198,12,0,0
BRDA:202,13,0,0
BRDA:210,14,0,0
BRDA:238,15,0,0
BRDA:238,15,1,0
BRDA:259,16,0,0
BRDA:266,17,0,0
BRDA:266,18,0,0
BRDA:266,18,1,0
BRDA:297,19,0,0
BRDA:304,20,0,0
BRDA:304,21,0,0
BRDA:304,21,1,0
BRDA:334,22,0,0
BRDA:336,23,0,0
BRDA:336,23,1,0
BRDA:356,24,0,0
BRDA:356,24,1,0
BRDA:357,25,0,0
BRDA:357,25,1,0
BRDA:365,26,0,0
BRDA:365,26,1,0
BRDA:380,27,0,0
BRDA:380,27,1,0
BRDA:383,28,0,0
BRDA:390,29,0,0
BRDA:390,29,1,0
BRDA:391,30,0,0
BRDA:391,30,1,0
BRDA:392,31,0,0
BRDA:392,31,1,0
BRDA:407,32,0,0
BRDA:409,33,0,0
BRDA:409,33,1,0
BRDA:424,34,0,0
BRDA:430,35,0,0
BRDA:430,35,1,0
BRDA:430,35,2,0
BRDA:430,35,3,0
BRDA:523,36,0,0
BRDA:523,36,1,0
BRDA:537,37,0,0
BRDA:539,38,0,0
BRDA:539,38,1,0
BRDA:544,39,0,0
BRDA:544,39,1,0
BRDA:549,40,0,0
BRDA:549,40,1,0
BRDA:572,41,0,0
BRDA:574,42,0,0
BRDA:574,42,1,0
BRDA:575,43,0,0
BRDA:575,43,1,0
BRDA:587,44,0,0
BRDA:587,44,1,0
BRF:73
BRH:0
end_of_record
TN:
SF:src\routes\tuition.ts
FN:17,(anonymous_1)
FN:58,(anonymous_2)
FNF:2
FNH:0
FNDA:0,(anonymous_1)
FNDA:0,(anonymous_2)
DA:6,0
DA:9,0
DA:11,0
DA:17,0
DA:18,0
DA:19,0
DA:45,0
DA:46,0
DA:58,0
DA:59,0
DA:61,0
DA:67,0
DA:68,0
DA:76,0
LF:14
LH:0
BRF:0
BRH:0
end_of_record
TN:
SF:src\routes\users.ts
FN:18,(anonymous_1)
FN:45,(anonymous_2)
FN:73,(anonymous_3)
FN:96,(anonymous_4)
FN:123,(anonymous_5)
FN:150,(anonymous_6)
FN:176,(anonymous_7)
FN:217,(anonymous_8)
FN:260,(anonymous_9)
FN:301,(anonymous_10)
FN:334,(anonymous_11)
FNF:11
FNH:0
FNDA:0,(anonymous_1)
FNDA:0,(anonymous_2)
FNDA:0,(anonymous_3)
FNDA:0,(anonymous_4)
FNDA:0,(anonymous_5)
FNDA:0,(anonymous_6)
FNDA:0,(anonymous_7)
FNDA:0,(anonymous_8)
FNDA:0,(anonymous_9)
FNDA:0,(anonymous_10)
FNDA:0,(anonymous_11)
DA:6,0
DA:7,0
DA:8,0
DA:9,0
DA:10,0
DA:12,0
DA:18,0
DA:19,0
DA:20,0
DA:21,0
DA:23,0
DA:25,0
DA:32,0
DA:33,0
DA:45,0
DA:46,0
DA:47,0
DA:48,0
DA:50,0
DA:52,0
DA:60,0
DA:61,0
DA:73,0
DA:74,0
DA:75,0
DA:77,0
DA:83,0
DA:84,0
DA:96,0
DA:97,0
DA:98,0
DA:99,0
DA:101,0
DA:103,0
DA:110,0
DA:111,0
DA:123,0
DA:124,0
DA:125,0
DA:126,0
DA:128,0
DA:130,0
DA:137,0
DA:138,0
DA:150,0
DA:151,0
DA:152,0
DA:154,0
DA:160,0
DA:161,0
DA:173,0
DA:177,0
DA:178,0
DA:180,0
DA:181,0
DA:188,0
DA:194,0
DA:200,0
DA:201,0
DA:214,0
DA:218,0
DA:219,0
DA:220,0
DA:223,0
DA:224,0
DA:231,0
DA:237,0
DA:243,0
DA:244,0
DA:257,0
DA:261,0
DA:262,0
DA:263,0
DA:265,0
DA:266,0
DA:273,0
DA:275,0
DA:277,0
DA:284,0
DA:285,0
DA:298,0
DA:302,0
DA:303,0
DA:304,0
DA:306,0
DA:308,0
DA:310,0
DA:317,0
DA:318,0
DA:331,0
DA:335,0
DA:336,0
DA:337,0
DA:339,0
DA:345,0
DA:346,0
DA:355,0
LF:97
LH:0
BRDA:35,0,0,0
BRDA:35,0,1,0
BRDA:63,1,0,0
BRDA:63,1,1,0
BRDA:86,2,0,0
BRDA:86,2,1,0
BRDA:113,3,0,0
BRDA:113,3,1,0
BRDA:140,4,0,0
BRDA:140,4,1,0
BRDA:163,5,0,0
BRDA:163,5,1,0
BRDA:178,6,0,0
BRDA:178,7,0,0
BRDA:180,8,0,0
BRDA:180,9,0,0
BRDA:180,9,1,0
BRDA:203,10,0,0
BRDA:203,10,1,0
BRDA:220,11,0,0
BRDA:220,12,0,0
BRDA:223,13,0,0
BRDA:246,14,0,0
BRDA:246,14,1,0
BRDA:265,15,0,0
BRDA:287,16,0,0
BRDA:287,16,1,0
BRDA:320,17,0,0
BRDA:320,17,1,0
BRDA:348,18,0,0
BRDA:348,18,1,0
BRF:31
BRH:0
end_of_record
TN:
SF:src\routes\xr.ts
FN:164,(anonymous_1)
FN:185,(anonymous_2)
FN:193,(anonymous_3)
FN:197,(anonymous_4)
FN:201,(anonymous_5)
FN:205,(anonymous_6)
FN:206,(anonymous_7)
FN:207,(anonymous_8)
FN:239,(anonymous_9)
FN:242,(anonymous_10)
FN:314,(anonymous_11)
FN:338,(anonymous_12)
FN:341,(anonymous_13)
FN:361,(anonymous_14)
FN:403,(anonymous_15)
FN:427,(anonymous_16)
FN:432,(anonymous_17)
FN:443,(anonymous_18)
FN:505,(anonymous_19)
FN:596,(anonymous_20)
FN:629,(anonymous_21)
FN:677,generateMockTutorResponse
FN:703,determineMockEmotion
FNF:23
FNH:0
FNDA:0,(anonymous_1)
FNDA:0,(anonymous_2)
FNDA:0,(anonymous_3)
FNDA:0,(anonymous_4)
FNDA:0,(anonymous_5)
FNDA:0,(anonymous_6)
FNDA:0,(anonymous_7)
FNDA:0,(anonymous_8)
FNDA:0,(anonymous_9)
FNDA:0,(anonymous_10)
FNDA:0,(anonymous_11)
FNDA:0,(anonymous_12)
FNDA:0,(anonymous_13)
FNDA:0,(anonymous_14)
FNDA:0,(anonymous_15)
FNDA:0,(anonymous_16)
FNDA:0,(anonymous_17)
FNDA:0,(anonymous_18)
FNDA:0,(anonymous_19)
FNDA:0,(anonymous_20)
FNDA:0,(anonymous_21)
FNDA:0,generateMockTutorResponse
FNDA:0,determineMockEmotion
DA:6,0
DA:8,0
DA:10,0
DA:13,0
DA:72,0
DA:114,0
DA:142,0
DA:146,0
DA:150,0
DA:156,0
DA:164,0
DA:165,0
DA:166,0
DA:167,0
DA:173,0
DA:180,0
DA:186,0
DA:187,0
DA:190,0
DA:192,0
DA:193,0
DA:196,0
DA:197,0
DA:200,0
DA:201,0
DA:204,0
DA:205,0
DA:206,0
DA:207,0
DA:211,0
DA:226,0
DA:227,0
DA:239,0
DA:240,0
DA:241,0
DA:242,0
DA:244,0
DA:245,0
DA:252,0
DA:295,0
DA:301,0
DA:302,0
DA:314,0
DA:315,0
DA:316,0
DA:325,0
DA:326,0
DA:338,0
DA:339,0
DA:340,0
DA:341,0
DA:343,0
DA:344,0
DA:351,0
DA:361,0
DA:384,0
DA:390,0
DA:391,0
DA:403,0
DA:404,0
DA:405,0
DA:414,0
DA:415,0
DA:427,0
DA:428,0
DA:429,0
DA:432,0
DA:433,0
DA:434,0
DA:441,0
DA:442,0
DA:443,0
DA:444,0
DA:445,0
DA:452,0
DA:456,0
DA:457,0
DA:474,0
DA:489,0
DA:490,0
DA:502,0
DA:506,0
DA:507,0
DA:508,0
DA:513,0
DA:550,0
DA:572,0
DA:578,0
DA:579,0
DA:591,0
DA:597,0
DA:598,0
DA:599,0
DA:603,0
DA:614,0
DA:615,0
DA:627,0
DA:630,0
DA:631,0
DA:639,0
DA:660,0
DA:667,0
DA:668,0
DA:678,0
DA:699,0
DA:700,0
DA:704,0
DA:713,0
DA:716,0
LF:109
LH:0
BRDA:166,0,0,0
BRDA:192,1,0,0
BRDA:196,2,0,0
BRDA:200,3,0,0
BRDA:204,4,0,0
BRDA:230,5,0,0
BRDA:230,5,1,0
BRDA:244,6,0,0
BRDA:257,7,0,0
BRDA:257,7,1,0
BRDA:258,8,0,0
BRDA:258,8,1,0
BRDA:305,9,0,0
BRDA:305,9,1,0
BRDA:329,10,0,0
BRDA:329,10,1,0
BRDA:343,11,0,0
BRDA:394,12,0,0
BRDA:394,12,1,0
BRDA:418,13,0,0
BRDA:418,13,1,0
BRDA:433,14,0,0
BRDA:442,15,0,0
BRDA:442,15,1,0
BRDA:444,16,0,0
BRDA:493,17,0,0
BRDA:493,17,1,0
BRDA:558,18,0,0
BRDA:558,18,1,0
BRDA:582,19,0,0
BRDA:582,19,1,0
BRDA:618,20,0,0
BRDA:618,20,1,0
BRDA:671,21,0,0
BRDA:671,21,1,0
BRDA:699,22,0,0
BRDA:699,22,1,0
BRDA:713,23,0,0
BRDA:713,23,1,0
BRF:39
BRH:0
end_of_record
TN:
SF:src\routes\admissions\analytics.ts
FN:21,(anonymous_1)
FN:54,(anonymous_2)
FN:87,(anonymous_3)
FN:121,(anonymous_4)
FN:155,(anonymous_5)
FN:189,(anonymous_6)
FN:225,(anonymous_7)
FN:251,(anonymous_8)
FN:277,(anonymous_9)
FN:303,(anonymous_10)
FN:309,(anonymous_11)
FN:330,(anonymous_12)
FN:368,(anonymous_13)
FN:374,(anonymous_14)
FN:395,(anonymous_15)
FN:436,(anonymous_16)
FN:437,(anonymous_17)
FNF:17
FNH:0
FNDA:0,(anonymous_1)
FNDA:0,(anonymous_2)
FNDA:0,(anonymous_3)
FNDA:0,(anonymous_4)
FNDA:0,(anonymous_5)
FNDA:0,(anonymous_6)
FNDA:0,(anonymous_7)
FNDA:0,(anonymous_8)
FNDA:0,(anonymous_9)
FNDA:0,(anonymous_10)
FNDA:0,(anonymous_11)
FNDA:0,(anonymous_12)
FNDA:0,(anonymous_13)
FNDA:0,(anonymous_14)
FNDA:0,(anonymous_15)
FNDA:0,(anonymous_16)
FNDA:0,(anonymous_17)
DA:8,0
DA:9,0
DA:10,0
DA:11,0
DA:13,0
DA:14,0
DA:15,0
DA:21,0
DA:22,0
DA:23,0
DA:25,0
DA:26,0
DA:28,0
DA:30,0
DA:36,0
DA:42,0
DA:43,0
DA:54,0
DA:55,0
DA:56,0
DA:58,0
DA:59,0
DA:61,0
DA:63,0
DA:69,0
DA:75,0
DA:76,0
DA:87,0
DA:88,0
DA:89,0
DA:91,0
DA:92,0
DA:94,0
DA:96,0
DA:103,0
DA:109,0
DA:110,0
DA:121,0
DA:122,0
DA:123,0
DA:125,0
DA:126,0
DA:128,0
DA:130,0
DA:137,0
DA:143,0
DA:144,0
DA:155,0
DA:156,0
DA:157,0
DA:159,0
DA:160,0
DA:162,0
DA:164,0
DA:171,0
DA:177,0
DA:178,0
DA:189,0
DA:190,0
DA:191,0
DA:193,0
DA:194,0
DA:200,0
DA:202,0
DA:207,0
DA:213,0
DA:214,0
DA:225,0
DA:226,0
DA:227,0
DA:229,0
DA:233,0
DA:239,0
DA:240,0
DA:251,0
DA:252,0
DA:253,0
DA:255,0
DA:259,0
DA:265,0
DA:266,0
DA:277,0
DA:278,0
DA:279,0
DA:281,0
DA:285,0
DA:291,0
DA:292,0
DA:303,0
DA:304,0
DA:305,0
DA:307,0
DA:309,0
DA:312,0
DA:318,0
DA:319,0
DA:330,0
DA:331,0
DA:332,0
DA:334,0
DA:340,0
DA:342,0
DA:344,0
DA:350,0
DA:356,0
DA:357,0
DA:368,0
DA:369,0
DA:370,0
DA:372,0
DA:374,0
DA:377,0
DA:383,0
DA:384,0
DA:395,0
DA:396,0
DA:397,0
DA:399,0
DA:400,0
DA:410,0
DA:423,0
DA:436,0
DA:437,0
DA:442,0
DA:449,0
DA:455,0
DA:456,0
DA:463,0
LF:128
LH:0
BRDA:25,0,0,0
BRDA:25,0,1,0
BRDA:26,1,0,0
BRDA:26,1,1,0
BRDA:58,2,0,0
BRDA:58,2,1,0
BRDA:59,3,0,0
BRDA:59,3,1,0
BRDA:91,4,0,0
BRDA:91,4,1,0
BRDA:92,5,0,0
BRDA:92,5,1,0
BRDA:125,6,0,0
BRDA:125,6,1,0
BRDA:126,7,0,0
BRDA:126,7,1,0
BRDA:159,8,0,0
BRDA:159,8,1,0
BRDA:160,9,0,0
BRDA:160,9,1,0
BRDA:193,10,0,0
BRDA:193,11,0,0
BRDA:193,11,1,0
BRDA:334,12,0,0
BRDA:334,12,1,0
BRDA:340,13,0,0
BRDA:340,13,1,0
BRDA:399,14,0,0
BRDA:399,14,1,0
BRDA:400,15,0,0
BRDA:400,15,1,0
BRDA:436,16,0,0
BRDA:436,16,1,0
BRDA:437,17,0,0
BRDA:437,17,1,0
BRF:35
BRH:0
end_of_record
TN:
SF:src\routes\admissions\applications.ts
FN:29,(anonymous_1)
FN:69,(anonymous_2)
FN:112,(anonymous_3)
FN:119,(anonymous_4)
FN:161,(anonymous_5)
FN:223,(anonymous_6)
FN:286,(anonymous_7)
FN:331,(anonymous_8)
FNF:8
FNH:0
FNDA:0,(anonymous_1)
FNDA:0,(anonymous_2)
FNDA:0,(anonymous_3)
FNDA:0,(anonymous_4)
FNDA:0,(anonymous_5)
FNDA:0,(anonymous_6)
FNDA:0,(anonymous_7)
FNDA:0,(anonymous_8)
DA:8,0
DA:9,0
DA:10,0
DA:11,0
DA:12,0
DA:13,0
DA:14,0
DA:16,0
DA:17,0
DA:20,0
DA:21,0
DA:22,0
DA:23,0
DA:29,0
DA:30,0
DA:31,0
DA:32,0
DA:36,0
DA:38,0
DA:46,0
DA:49,0
DA:56,0
DA:57,0
DA:69,0
DA:70,0
DA:71,0
DA:72,0
DA:74,0
DA:76,0
DA:77,0
DA:84,0
DA:86,0
DA:92,0
DA:99,0
DA:100,0
DA:112,0
DA:113,0
DA:114,0
DA:115,0
DA:118,0
DA:119,0
DA:121,0
DA:122,0
DA:130,0
DA:136,0
DA:139,0
DA:141,0
DA:148,0
DA:149,0
DA:161,0
DA:162,0
DA:163,0
DA:164,0
DA:165,0
DA:167,0
DA:169,0
DA:170,0
DA:177,0
DA:179,0
DA:186,0
DA:187,0
DA:188,0
DA:195,0
DA:198,0
DA:199,0
DA:200,0
DA:203,0
DA:210,0
DA:211,0
DA:223,0
DA:224,0
DA:225,0
DA:226,0
DA:227,0
DA:229,0
DA:231,0
DA:232,0
DA:239,0
DA:240,0
DA:247,0
DA:257,0
DA:260,0
DA:266,0
DA:273,0
DA:274,0
DA:286,0
DA:287,0
DA:288,0
DA:289,0
DA:291,0
DA:293,0
DA:294,0
DA:301,0
DA:303,0
DA:309,0
DA:311,0
DA:318,0
DA:319,0
DA:331,0
DA:332,0
DA:333,0
DA:334,0
DA:335,0
DA:337,0
DA:339,0
DA:340,0
DA:347,0
DA:348,0
DA:355,0
DA:356,0
DA:357,0
DA:364,0
DA:367,0
DA:370,0
DA:372,0
DA:379,0
DA:380,0
DA:388,0
LF:118
LH:0
BRDA:32,0,0,0
BRDA:32,1,0,0
BRDA:36,2,0,0
BRDA:36,2,1,0
BRDA:36,3,0,0
BRDA:36,3,1,0
BRDA:60,4,0,0
BRDA:60,4,1,0
BRDA:76,5,0,0
BRDA:84,6,0,0
BRDA:84,7,0,0
BRDA:84,7,1,0
BRDA:103,8,0,0
BRDA:103,8,1,0
BRDA:121,9,0,0
BRDA:152,10,0,0
BRDA:152,10,1,0
BRDA:169,11,0,0
BRDA:177,12,0,0
BRDA:177,13,0,0
BRDA:177,13,1,0
BRDA:187,14,0,0
BRDA:198,15,0,0
BRDA:198,16,0,0
BRDA:198,16,1,0
BRDA:214,17,0,0
BRDA:214,17,1,0
BRDA:231,18,0,0
BRDA:239,19,0,0
BRDA:277,20,0,0
BRDA:277,20,1,0
BRDA:293,21,0,0
BRDA:301,22,0,0
BRDA:301,23,0,0
BRDA:301,23,1,0
BRDA:322,24,0,0
BRDA:322,24,1,0
BRDA:339,25,0,0
BRDA:347,26,0,0
BRDA:356,27,0,0
BRDA:383,28,0,0
BRDA:383,28,1,0
BRF:42
BRH:0
end_of_record
TN:
SF:src\routes\admissions\feedback.ts
FN:42,(anonymous_0)
FN:115,(anonymous_1)
FN:242,(anonymous_2)
FN:288,calculatePriority
FN:308,sendHighPriorityNotification
FNF:5
FNH:0
FNDA:0,(anonymous_0)
FNDA:0,(anonymous_1)
FNDA:0,(anonymous_2)
FNDA:0,calculatePriority
FNDA:0,sendHighPriorityNotification
DA:1,0
DA:2,0
DA:3,0
DA:4,0
DA:5,0
DA:7,0
DA:8,0
DA:24,0
DA:42,0
DA:43,0
DA:44,0
DA:45,0
DA:46,0
DA:51,0
DA:54,0
DA:57,0
DA:76,0
DA:86,0
DA:87,0
DA:90,0
DA:98,0
DA:103,0
DA:115,0
DA:116,0
DA:118,0
DA:119,0
DA:120,0
DA:124,0
DA:127,0
DA:130,0
DA:132,0
DA:133,0
DA:139,0
DA:140,0
DA:143,0
DA:144,0
DA:156,0
DA:209,0
DA:226,0
DA:230,0
DA:242,0
DA:243,0
DA:244,0
DA:245,0
DA:246,0
DA:250,0
DA:253,0
DA:254,0
DA:256,0
DA:266,0
DA:271,0
DA:276,0
DA:280,0
DA:290,0
DA:291,0
DA:295,0
DA:296,0
DA:300,0
DA:301,0
DA:305,0
DA:309,0
DA:311,0
DA:324,0
DA:330,0
LF:64
LH:0
BRDA:45,0,0,0
BRDA:86,1,0,0
BRDA:99,2,0,0
BRDA:99,2,1,0
BRDA:100,3,0,0
BRDA:100,3,1,0
BRDA:119,4,0,0
BRDA:119,5,0,0
BRDA:119,5,1,0
BRDA:132,6,0,0
BRDA:132,7,0,0
BRDA:132,7,1,0
BRDA:139,8,0,0
BRDA:143,9,0,0
BRDA:214,10,0,0
BRDA:214,10,1,0
BRDA:227,11,0,0
BRDA:227,11,1,0
BRDA:245,12,0,0
BRDA:245,13,0,0
BRDA:245,13,1,0
BRDA:277,14,0,0
BRDA:277,14,1,0
BRDA:290,15,0,0
BRDA:290,16,0,0
BRDA:290,16,1,0
BRDA:295,17,0,0
BRDA:295,18,0,0
BRDA:295,18,1,0
BRDA:295,18,2,0
BRDA:300,19,0,0
BRDA:300,20,0,0
BRDA:300,20,1,0
BRDA:325,21,0,0
BRDA:325,21,1,0
BRF:35
BRH:0
end_of_record
TN:
SF:src\routes\admissions\index.ts
FNF:0
FNH:0
DA:1,0
DA:2,0
DA:3,0
DA:5,0
DA:8,0
DA:9,0
DA:11,0
LF:7
LH:0
BRF:0
BRH:0
end_of_record
TN:
SF:src\routes\admissions\predictive-analytics.ts
FN:25,(anonymous_1)
FN:55,(anonymous_2)
FN:102,(anonymous_3)
FN:115,(anonymous_4)
FN:135,(anonymous_5)
FN:168,(anonymous_6)
FN:179,(anonymous_7)
FN:180,(anonymous_8)
FN:201,(anonymous_9)
FN:212,(anonymous_10)
FN:234,(anonymous_11)
FN:248,(anonymous_12)
FN:268,(anonymous_13)
FN:322,(anonymous_14)
FN:387,(anonymous_15)
FN:427,(anonymous_16)
FN:429,(anonymous_17)
FN:442,(anonymous_18)
FN:450,(anonymous_19)
FN:458,(anonymous_20)
FN:465,(anonymous_21)
FNF:21
FNH:0
FNDA:0,(anonymous_1)
FNDA:0,(anonymous_2)
FNDA:0,(anonymous_3)
FNDA:0,(anonymous_4)
FNDA:0,(anonymous_5)
FNDA:0,(anonymous_6)
FNDA:0,(anonymous_7)
FNDA:0,(anonymous_8)
FNDA:0,(anonymous_9)
FNDA:0,(anonymous_10)
FNDA:0,(anonymous_11)
FNDA:0,(anonymous_12)
FNDA:0,(anonymous_13)
FNDA:0,(anonymous_14)
FNDA:0,(anonymous_15)
FNDA:0,(anonymous_16)
FNDA:0,(anonymous_17)
FNDA:0,(anonymous_18)
FNDA:0,(anonymous_19)
FNDA:0,(anonymous_20)
FNDA:0,(anonymous_21)
DA:8,0
DA:9,0
DA:10,0
DA:11,0
DA:12,0
DA:14,0
DA:15,0
DA:16,0
DA:22,0
DA:26,0
DA:27,0
DA:29,0
DA:31,0
DA:39,0
DA:40,0
DA:52,0
DA:56,0
DA:57,0
DA:59,0
DA:61,0
DA:63,0
DA:68,0
DA:74,0
DA:75,0
DA:79,0
DA:80,0
DA:85,0
DA:99,0
DA:103,0
DA:104,0
DA:106,0
DA:108,0
DA:110,0
DA:115,0
DA:119,0
DA:120,0
DA:132,0
DA:136,0
DA:137,0
DA:139,0
DA:141,0
DA:143,0
DA:148,0
DA:153,0
DA:165,0
DA:169,0
DA:170,0
DA:172,0
DA:174,0
DA:180,0
DA:185,0
DA:186,0
DA:198,0
DA:202,0
DA:203,0
DA:205,0
DA:207,0
DA:213,0
DA:218,0
DA:219,0
DA:231,0
DA:235,0
DA:236,0
DA:238,0
DA:243,0
DA:248,0
DA:252,0
DA:253,0
DA:265,0
DA:269,0
DA:270,0
DA:272,0
DA:274,0
DA:280,0
DA:281,0
DA:287,0
DA:288,0
DA:291,0
DA:302,0
DA:307,0
DA:319,0
DA:323,0
DA:324,0
DA:326,0
DA:327,0
DA:333,0
DA:334,0
DA:340,0
DA:345,0
DA:346,0
DA:348,0
DA:349,0
DA:350,0
DA:351,0
DA:353,0
DA:360,0
DA:371,0
DA:372,0
DA:384,0
DA:388,0
DA:389,0
DA:392,0
DA:409,0
DA:414,0
DA:420,0
DA:427,0
DA:428,0
DA:429,0
DA:431,0
DA:442,0
DA:450,0
DA:458,0
DA:465,0
DA:475,0
DA:476,0
DA:484,0
LF:116
LH:0
BRDA:74,0,0,0
BRDA:74,0,1,0
BRDA:74,1,0,0
BRDA:74,1,1,0
BRDA:79,2,0,0
BRDA:79,2,1,0
BRDA:79,3,0,0
BRDA:79,3,1,0
BRDA:280,4,0,0
BRDA:288,5,0,0
BRDA:288,5,1,0
BRDA:326,6,0,0
BRDA:326,7,0,0
BRDA:326,7,1,0
BRDA:333,8,0,0
BRDA:355,9,0,0
BRDA:355,9,1,0
BRDA:428,10,0,0
BRDA:428,10,1,0
BRF:19
BRH:0
end_of_record
TN:
SF:src\routes\admissions\student-integration.ts
FN:28,(anonymous_0)
FN:63,(anonymous_1)
FN:98,(anonymous_2)
FN:133,(anonymous_3)
FN:168,(anonymous_4)
FN:212,(anonymous_5)
FN:247,(anonymous_6)
FN:282,(anonymous_7)
FN:317,(anonymous_8)
FN:352,(anonymous_9)
FN:387,(anonymous_10)
FNF:11
FNH:0
FNDA:0,(anonymous_0)
FNDA:0,(anonymous_1)
FNDA:0,(anonymous_2)
FNDA:0,(anonymous_3)
FNDA:0,(anonymous_4)
FNDA:0,(anonymous_5)
FNDA:0,(anonymous_6)
FNDA:0,(anonymous_7)
FNDA:0,(anonymous_8)
FNDA:0,(anonymous_9)
FNDA:0,(anonymous_10)
DA:8,0
DA:9,0
DA:10,0
DA:11,0
DA:12,0
DA:13,0
DA:14,0
DA:16,0
DA:17,0
DA:20,0
DA:21,0
DA:22,0
DA:28,0
DA:29,0
DA:30,0
DA:32,0
DA:33,0
DA:37,0
DA:40,0
DA:42,0
DA:51,0
DA:52,0
DA:63,0
DA:64,0
DA:65,0
DA:67,0
DA:68,0
DA:72,0
DA:75,0
DA:77,0
DA:86,0
DA:87,0
DA:98,0
DA:99,0
DA:100,0
DA:102,0
DA:103,0
DA:107,0
DA:110,0
DA:112,0
DA:121,0
DA:122,0
DA:133,0
DA:134,0
DA:135,0
DA:137,0
DA:138,0
DA:142,0
DA:145,0
DA:147,0
DA:156,0
DA:157,0
DA:168,0
DA:169,0
DA:170,0
DA:172,0
DA:173,0
DA:177,0
DA:181,0
DA:182,0
DA:186,0
DA:189,0
DA:191,0
DA:200,0
DA:201,0
DA:212,0
DA:213,0
DA:214,0
DA:216,0
DA:217,0
DA:221,0
DA:224,0
DA:226,0
DA:235,0
DA:236,0
DA:247,0
DA:248,0
DA:249,0
DA:251,0
DA:252,0
DA:256,0
DA:259,0
DA:261,0
DA:270,0
DA:271,0
DA:282,0
DA:283,0
DA:284,0
DA:286,0
DA:287,0
DA:291,0
DA:294,0
DA:296,0
DA:305,0
DA:306,0
DA:317,0
DA:318,0
DA:319,0
DA:321,0
DA:322,0
DA:326,0
DA:329,0
DA:331,0
DA:340,0
DA:341,0
DA:352,0
DA:353,0
DA:354,0
DA:356,0
[...]
BRDA:421,9,0,0
BRDA:421,9,1,0
BRDA:423,10,0,0
BRDA:423,10,1,0
BRDA:423,10,2,0
BRDA:423,10,3,0
BRDA:427,11,0,0
BRDA:427,11,1,0
BRDA:429,12,0,0
BRDA:429,12,1,0
BRDA:442,13,0,0
BRDA:448,14,0,0
BRDA:448,14,1,0
BRDA:448,14,2,0
BRDA:448,14,3,0
BRDA:450,15,0,0
BRDA:450,15,1,0
BRDA:467,16,0,0
BRDA:467,16,1,0
BRDA:469,17,0,0
BRDA:469,17,1,0
BRDA:469,17,2,0
BRDA:473,18,0,0
BRDA:473,18,1,0
BRDA:486,19,0,0
BRDA:491,20,0,0
BRDA:494,21,0,0
BRDA:494,21,1,0
BRDA:494,21,2,0
BRDA:494,21,3,0
BRDA:509,22,0,0
BRDA:509,22,1,0
BRDA:509,22,2,0
BRDA:509,22,3,0
BRDA:515,23,0,0
BRDA:515,23,1,0
BRDA:552,24,0,0
BRDA:552,24,1,0
BRDA:567,25,0,0
BRDA:567,25,1,0
BRDA:567,25,2,0
BRDA:567,25,3,0
BRDA:567,25,4,0
BRDA:567,25,5,0
BRDA:613,26,0,0
BRDA:613,26,1,0
BRDA:613,26,2,0
BRDA:696,27,0,0
BRDA:696,28,0,0
BRDA:696,28,1,0
BRDA:696,28,2,0
BRDA:696,28,3,0
BRDA:718,29,0,0
BRF:74
BRH:0
end_of_record
TN:
SF:src\services\testing\AdmissionsQualityAssuranceFramework.ts
FN:89,(anonymous_0)
FN:98,(anonymous_1)
FN:111,(anonymous_2)
FN:211,(anonymous_3)
FN:232,(anonymous_4)
FN:248,(anonymous_5)
FN:276,(anonymous_6)
FN:291,(anonymous_7)
FN:315,(anonymous_8)
FN:323,(anonymous_9)
FN:337,(anonymous_10)
FN:351,(anonymous_11)
FN:369,(anonymous_12)
FN:383,(anonymous_13)
FN:401,(anonymous_14)
FN:403,(anonymous_15)
FN:404,(anonymous_16)
FN:421,(anonymous_17)
FN:439,(anonymous_18)
FN:464,(anonymous_19)
FN:476,(anonymous_20)
FN:478,(anonymous_21)
FN:479,(anonymous_22)
FN:501,(anonymous_23)
FN:532,(anonymous_24)
FN:561,(anonymous_25)
FN:590,(anonymous_26)
FN:603,(anonymous_27)
FN:611,(anonymous_28)
FN:619,(anonymous_29)
FN:627,(anonymous_30)
FN:635,(anonymous_31)
FN:637,(anonymous_32)
FN:641,(anonymous_33)
FN:645,(anonymous_34)
FN:649,(anonymous_35)
FNF:36
FNH:0
FNDA:0,(anonymous_0)
FNDA:0,(anonymous_1)
FNDA:0,(anonymous_2)
FNDA:0,(anonymous_3)
FNDA:0,(anonymous_4)
FNDA:0,(anonymous_5)
FNDA:0,(anonymous_6)
FNDA:0,(anonymous_7)
FNDA:0,(anonymous_8)
FNDA:0,(anonymous_9)
FNDA:0,(anonymous_10)
FNDA:0,(anonymous_11)
FNDA:0,(anonymous_12)
FNDA:0,(anonymous_13)
FNDA:0,(anonymous_14)
FNDA:0,(anonymous_15)
FNDA:0,(anonymous_16)
FNDA:0,(anonymous_17)
FNDA:0,(anonymous_18)
FNDA:0,(anonymous_19)
FNDA:0,(anonymous_20)
FNDA:0,(anonymous_21)
FNDA:0,(anonymous_22)
FNDA:0,(anonymous_23)
FNDA:0,(anonymous_24)
FNDA:0,(anonymous_25)
FNDA:0,(anonymous_26)
FNDA:0,(anonymous_27)
FNDA:0,(anonymous_28)
FNDA:0,(anonymous_29)
FNDA:0,(anonymous_30)
FNDA:0,(anonymous_31)
FNDA:0,(anonymous_32)
FNDA:0,(anonymous_33)
FNDA:0,(anonymous_34)
FNDA:0,(anonymous_35)
DA:6,0
DA:7,0
DA:8,0
DA:9,0
DA:10,0
DA:82,0
DA:90,0
DA:91,0
DA:92,0
DA:99,0
DA:100,0
DA:101,0
DA:102,0
DA:105,0
DA:112,0
DA:113,0
DA:115,0
DA:164,0
DA:166,0
DA:167,0
DA:168,0
DA:171,0
DA:172,0
DA:173,0
DA:176,0
DA:177,0
DA:178,0
DA:181,0
DA:182,0
DA:183,0
DA:186,0
DA:187,0
DA:188,0
DA:191,0
DA:192,0
DA:193,0
DA:194,0
DA:197,0
DA:199,0
DA:200,0
DA:203,0
DA:204,0
DA:212,0
DA:225,0
DA:226,0
DA:233,0
DA:242,0
DA:249,0
DA:270,0
DA:277,0
DA:285,0
DA:292,0
DA:294,0
DA:295,0
DA:296,0
DA:297,0
DA:299,0
DA:301,0
DA:309,0
DA:316,0
DA:323,0
DA:337,0
DA:352,0
DA:354,0
DA:369,0
DA:385,0
DA:386,0
DA:402,0
DA:403,0
DA:404,0
DA:406,0
DA:423,0
DA:424,0
DA:440,0
DA:441,0
DA:444,0
DA:445,0
DA:446,0
DA:449,0
DA:450,0
DA:451,0
DA:454,0
DA:455,0
DA:458,0
DA:459,0
DA:460,0
DA:463,0
DA:464,0
DA:465,0
DA:466,0
DA:467,0
DA:468,0
DA:470,0
DA:478,0
DA:479,0
DA:480,0
DA:481,0
DA:484,0
DA:485,0
DA:489,0
DA:490,0
DA:491,0
DA:492,0
DA:494,0
DA:502,0
DA:505,0
DA:506,0
DA:507,0
DA:510,0
DA:511,0
DA:512,0
DA:517,0
DA:518,0
DA:521,0
DA:522,0
DA:526,0
DA:533,0
DA:536,0
DA:537,0
DA:547,0
DA:555,0
DA:562,0
DA:564,0
DA:565,0
DA:567,0
DA:568,0
DA:570,0
DA:571,0
DA:573,0
DA:574,0
DA:576,0
DA:577,0
DA:582,0
DA:583,0
DA:591,0
DA:597,0
DA:605,0
DA:613,0
DA:621,0
DA:629,0
DA:637,0
DA:638,0
DA:641,0
DA:642,0
DA:645,0
DA:646,0
DA:649,0
DA:650,0
LF:148
LH:0
BRDA:117,0,0,0
BRDA:117,0,1,0
BRDA:118,1,0,0
BRDA:118,1,1,0
BRDA:326,2,0,0
BRDA:326,2,1,0
BRDA:339,3,0,0
BRDA:339,3,1,0
BRDA:340,4,0,0
BRDA:340,4,1,0
BRDA:352,5,0,0
BRDA:352,5,1,0
BRDA:357,6,0,0
BRDA:357,6,1,0
BRDA:371,7,0,0
BRDA:371,7,1,0
BRDA:372,8,0,0
BRDA:372,8,1,0
BRDA:388,9,0,0
BRDA:388,9,1,0
BRDA:389,10,0,0
BRDA:389,10,1,0
BRDA:403,11,0,0
BRDA:403,11,1,0
BRDA:409,12,0,0
BRDA:409,12,1,0
BRDA:426,13,0,0
BRDA:426,13,1,0
BRDA:427,14,0,0
BRDA:427,14,1,0
BRDA:449,15,0,0
BRDA:449,15,1,0
BRDA:458,16,0,0
BRDA:458,16,1,0
BRDA:466,17,0,0
BRDA:466,17,1,0
BRDA:470,18,0,0
BRDA:470,18,1,0
BRDA:478,19,0,0
BRDA:478,19,1,0
BRDA:481,20,0,0
BRDA:481,20,1,0
BRDA:484,21,0,0
BRDA:489,22,0,0
BRDA:489,22,1,0
BRDA:491,23,0,0
BRDA:491,23,1,0
BRDA:511,24,0,0
BRDA:511,25,0,0
BRDA:511,25,1,0
BRDA:517,26,0,0
BRDA:521,27,0,0
BRDA:536,28,0,0
BRDA:536,28,1,0
BRDA:539,29,0,0
BRDA:539,29,1,0
BRDA:565,30,0,0
BRDA:565,30,1,0
BRDA:565,30,2,0
BRDA:565,30,3,0
BRDA:582,31,0,0
BRF:61
BRH:0
end_of_record
TN:
SF:src\services\testing\AdmissionsTestConfiguration.ts
FN:16,(anonymous_0)
FN:88,(anonymous_1)
FN:104,(anonymous_2)
FN:119,(anonymous_3)
FN:135,(anonymous_4)
FN:163,(anonymous_5)
FN:171,(anonymous_6)
FN:189,(anonymous_7)
FN:207,(anonymous_8)
FN:231,(anonymous_9)
FN:250,(anonymous_10)
FN:254,(anonymous_11)
FN:278,(anonymous_12)
FN:280,(anonymous_13)
FN:281,(anonymous_14)
FN:304,(anonymous_15)
FN:308,(anonymous_16)
FN:333,(anonymous_17)
FN:358,(anonymous_18)
FN:360,(anonymous_19)
FN:383,(anonymous_20)
FNF:21
FNH:0
FNDA:0,(anonymous_0)
FNDA:0,(anonymous_1)
FNDA:0,(anonymous_2)
FNDA:0,(anonymous_3)
FNDA:0,(anonymous_4)
FNDA:0,(anonymous_5)
FNDA:0,(anonymous_6)
FNDA:0,(anonymous_7)
FNDA:0,(anonymous_8)
FNDA:0,(anonymous_9)
FNDA:0,(anonymous_10)
FNDA:0,(anonymous_11)
FNDA:0,(anonymous_12)
FNDA:0,(anonymous_13)
FNDA:0,(anonymous_14)
FNDA:0,(anonymous_15)
FNDA:0,(anonymous_16)
FNDA:0,(anonymous_17)
FNDA:0,(anonymous_18)
FNDA:0,(anonymous_19)
FNDA:0,(anonymous_20)
DA:6,0
DA:12,0
DA:17,0
DA:89,0
DA:92,0
DA:93,0
DA:94,0
DA:95,0
DA:96,0
DA:98,0
DA:105,0
DA:108,0
DA:109,0
DA:110,0
DA:111,0
DA:113,0
DA:120,0
DA:123,0
DA:124,0
DA:125,0
DA:126,0
DA:127,0
DA:129,0
DA:138,0
DA:140,0
DA:141,0
DA:143,0
DA:144,0
DA:146,0
DA:147,0
DA:151,0
DA:154,0
DA:155,0
DA:157,0
DA:164,0
DA:171,0
DA:189,0
DA:208,0
DA:211,0
DA:231,0
DA:252,0
DA:253,0
DA:254,0
DA:256,0
DA:258,0
DA:279,0
DA:280,0
DA:281,0
DA:283,0
DA:306,0
DA:307,0
DA:308,0
DA:310,0
DA:312,0
DA:335,0
DA:337,0
DA:359,0
DA:360,0
DA:362,0
DA:384,0
DA:387,0
LF:61
LH:0
BRDA:36,0,0,0
BRDA:36,0,1,0
BRDA:39,1,0,0
BRDA:39,1,1,0
BRDA:60,2,0,0
BRDA:60,2,1,0
BRDA:69,3,0,0
BRDA:69,3,1,0
BRDA:71,4,0,0
BRDA:71,4,1,0
BRDA:72,5,0,0
BRDA:72,5,1,0
BRDA:75,6,0,0
BRDA:75,6,1,0
BRDA:76,7,0,0
BRDA:76,7,1,0
BRDA:135,8,0,0
BRDA:138,9,0,0
BRDA:138,9,1,0
BRDA:138,9,2,0
BRDA:155,10,0,0
BRDA:155,10,1,0
BRDA:174,11,0,0
BRDA:174,11,1,0
BRDA:191,12,0,0
BRDA:191,12,1,0
BRDA:192,13,0,0
BRDA:192,13,1,0
BRDA:208,14,0,0
BRDA:208,14,1,0
BRDA:208,14,2,0
BRDA:214,15,0,0
BRDA:214,15,1,0
BRDA:233,16,0,0
BRDA:233,16,1,0
BRDA:234,17,0,0
BRDA:234,17,1,0
BRDA:254,18,0,0
BRDA:254,18,1,0
BRDA:256,19,0,0
BRDA:256,19,1,0
BRDA:260,20,0,0
BRDA:260,20,1,0
BRDA:261,21,0,0
BRDA:261,21,1,0
BRDA:280,22,0,0
BRDA:280,22,1,0
BRDA:281,23,0,0
BRDA:281,23,1,0
BRDA:286,24,0,0
BRDA:286,24,1,0
BRDA:308,25,0,0
BRDA:308,25,1,0
BRDA:310,26,0,0
BRDA:310,26,1,0
BRDA:314,27,0,0
BRDA:314,27,1,0
BRDA:315,28,0,0
BRDA:315,28,1,0
BRDA:339,29,0,0
BRDA:339,29,1,0
BRDA:340,30,0,0
BRDA:340,30,1,0
BRDA:360,31,0,0
BRDA:360,31,1,0
BRDA:364,32,0,0
BRDA:364,32,1,0
BRDA:365,33,0,0
BRDA:365,33,1,0
BRDA:384,34,0,0
BRDA:384,34,1,0
BRDA:389,35,0,0
BRDA:389,35,1,0
BRDA:390,36,0,0
BRDA:390,36,1,0
BRF:75
BRH:0
end_of_record
TN:
SF:src\services\testing\IntegrationTestSuite.ts
FN:84,(anonymous_1)
FN:92,(anonymous_2)
FN:94,(anonymous_3)
FN:137,(anonymous_4)
FN:151,(anonymous_5)
FN:191,(anonymous_6)
FN:216,(anonymous_7)
FN:265,(anonymous_8)
FN:301,(anonymous_9)
FN:321,(anonymous_10)
FN:331,(anonymous_11)
FN:368,(anonymous_12)
FN:378,(anonymous_13)
FN:401,(anonymous_14)
FN:416,(anonymous_15)
FN:437,(anonymous_16)
FN:453,(anonymous_17)
FN:476,(anonymous_18)
FN:486,(anonymous_19)
FN:515,(anonymous_20)
FN:525,(anonymous_21)
FN:536,(anonymous_22)
FN:558,(anonymous_23)
FN:587,(anonymous_24)
FN:603,(anonymous_25)
FN:612,(anonymous_26)
FN:634,(anonymous_27)
FN:659,(anonymous_28)
FN:663,(anonymous_29)
FN:666,(anonymous_30)
FN:671,(anonymous_31)
FN:674,(anonymous_32)
FN:679,(anonymous_33)
FN:682,(anonymous_34)
FN:689,(anonymous_35)
FN:690,(anonymous_36)
FNF:36
FNH:0
FNDA:0,(anonymous_1)
FNDA:0,(anonymous_2)
FNDA:0,(anonymous_3)
FNDA:0,(anonymous_4)
FNDA:0,(anonymous_5)
FNDA:0,(anonymous_6)
FNDA:0,(anonymous_7)
FNDA:0,(anonymous_8)
FNDA:0,(anonymous_9)
FNDA:0,(anonymous_10)
FNDA:0,(anonymous_11)
FNDA:0,(anonymous_12)
FNDA:0,(anonymous_13)
FNDA:0,(anonymous_14)
FNDA:0,(anonymous_15)
FNDA:0,(anonymous_16)
FNDA:0,(anonymous_17)
FNDA:0,(anonymous_18)
FNDA:0,(anonymous_19)
FNDA:0,(anonymous_20)
FNDA:0,(anonymous_21)
FNDA:0,(anonymous_22)
FNDA:0,(anonymous_23)
FNDA:0,(anonymous_24)
FNDA:0,(anonymous_25)
FNDA:0,(anonymous_26)
FNDA:0,(anonymous_27)
FNDA:0,(anonymous_28)
FNDA:0,(anonymous_29)
FNDA:0,(anonymous_30)
FNDA:0,(anonymous_31)
FNDA:0,(anonymous_32)
FNDA:0,(anonymous_33)
FNDA:0,(anonymous_34)
FNDA:0,(anonymous_35)
FNDA:0,(anonymous_36)
DA:6,0
DA:7,0
DA:80,0
DA:82,0
DA:85,0
DA:86,0
DA:93,0
DA:94,0
DA:96,0
DA:104,0
DA:106,0
DA:109,0
DA:110,0
DA:112,0
DA:113,0
DA:115,0
DA:116,0
DA:119,0
DA:122,0
DA:123,0
DA:125,0
DA:128,0
DA:129,0
DA:130,0
DA:138,0
DA:139,0
DA:146,0
DA:148,0
DA:150,0
DA:151,0
DA:152,0
DA:155,0
DA:156,0
DA:160,0
DA:161,0
DA:163,0
DA:164,0
DA:165,0
DA:169,0
DA:173,0
DA:174,0
DA:175,0
DA:180,0
DA:181,0
DA:184,0
DA:185,0
DA:192,0
DA:193,0
DA:199,0
DA:201,0
DA:202,0
DA:208,0
DA:209,0
DA:210,0
DA:216,0
DA:218,0
DA:220,0
DA:221,0
DA:222,0
DA:224,0
DA:229,0
DA:230,0
DA:236,0
DA:237,0
DA:238,0
DA:239,0
DA:244,0
DA:245,0
DA:246,0
DA:247,0
DA:251,0
DA:252,0
DA:255,0
DA:258,0
DA:259,0
DA:266,0
DA:268,0
DA:269,0
DA:270,0
DA:276,0
DA:277,0
DA:278,0
DA:283,0
DA:284,0
DA:285,0
DA:288,0
DA:289,0
DA:292,0
DA:295,0
DA:302,0
DA:321,0
DA:331,0
DA:368,0
DA:378,0
DA:401,0
DA:416,0
DA:437,0
DA:453,0
DA:476,0
DA:486,0
DA:515,0
DA:525,0
DA:537,0
DA:538,0
DA:541,0
DA:542,0
DA:544,0
DA:545,0
DA:546,0
DA:547,0
DA:548,0
DA:552,0
DA:559,0
DA:564,0
DA:565,0
DA:567,0
DA:569,0
DA:570,0
DA:572,0
DA:573,0
DA:574,0
DA:576,0
DA:577,0
DA:581,0
DA:588,0
DA:597,0
DA:604,0
DA:605,0
DA:606,0
DA:614,0
DA:615,0
DA:616,0
DA:617,0
DA:619,0
DA:620,0
DA:622,0
DA:623,0
DA:628,0
DA:635,0
DA:637,0
DA:639,0
DA:641,0
DA:643,0
DA:644,0
DA:646,0
DA:648,0
DA:649,0
DA:650,0
DA:653,0
DA:660,0
DA:663,0
DA:664,0
DA:665,0
DA:666,0
DA:671,0
DA:672,0
DA:673,0
DA:674,0
DA:679,0
DA:680,0
DA:681,0
DA:682,0
DA:686,0
DA:690,0
LF:164
LH:0
BRDA:115,0,0,0
BRDA:150,1,0,0
BRDA:155,2,0,0
BRDA:163,3,0,0
BRDA:173,4,0,0
BRDA:173,5,0,0
BRDA:173,5,1,0
BRDA:208,6,0,0
BRDA:208,6,1,0
BRDA:221,7,0,0
BRDA:221,8,0,0
BRDA:221,8,1,0
BRDA:229,9,0,0
BRDA:236,10,0,0
BRDA:238,11,0,0
BRDA:244,12,0,0
BRDA:246,13,0,0
BRDA:321,14,0,0
BRDA:321,14,1,0
BRDA:368,15,0,0
BRDA:368,15,1,0
BRDA:378,16,0,0
BRDA:378,16,1,0
BRDA:401,17,0,0
BRDA:401,17,1,0
BRDA:437,18,0,0
BRDA:437,18,1,0
BRDA:453,19,0,0
BRDA:453,19,1,0
BRDA:476,20,0,0
BRDA:476,20,1,0
BRDA:515,21,0,0
BRDA:515,21,1,0
BRDA:525,22,0,0
BRDA:525,22,1,0
BRDA:537,23,0,0
BRDA:537,23,1,0
BRDA:537,23,2,0
BRDA:544,24,0,0
BRDA:564,25,0,0
BRDA:567,26,0,0
BRDA:567,26,1,0
BRDA:567,26,2,0
BRDA:597,27,0,0
BRDA:597,27,1,0
BRDA:604,28,0,0
BRDA:604,28,1,0
BRDA:604,28,2,0
BRDA:615,29,0,0
BRDA:615,30,0,0
BRDA:615,30,1,0
BRDA:616,31,0,0
BRDA:619,32,0,0
BRDA:619,33,0,0
BRDA:619,33,1,0
BRDA:622,34,0,0
BRDA:622,35,0,0
BRDA:622,35,1,0
BRDA:635,36,0,0
BRDA:637,37,0,0
BRDA:637,38,0,0
BRDA:637,38,1,0
BRDA:639,39,0,0
BRDA:641,40,0,0
BRDA:646,41,0,0
BRDA:649,42,0,0
BRDA:650,43,0,0
BRDA:664,44,0,0
BRDA:672,45,0,0
BRDA:680,46,0,0
BRF:70
BRH:0
end_of_record
TN:
SF:src\services\testing\PerformanceTestSuite.ts
FN:88,(anonymous_0)
FN:96,(anonymous_1)
FN:138,(anonymous_2)
FN:186,(anonymous_3)
FN:220,(anonymous_4)
FN:228,(anonymous_5)
FN:242,(anonymous_6)
FN:273,(anonymous_7)
FN:292,(anonymous_8)
FN:310,(anonymous_9)
FN:311,(anonymous_10)
FN:333,(anonymous_11)
FN:339,(anonymous_12)
FN:349,(anonymous_13)
FN:356,(anonymous_14)
FN:399,(anonymous_15)
FN:409,(anonymous_16)
FN:438,(anonymous_17)
FN:440,(anonymous_18)
FN:443,(anonymous_19)
FN:444,(anonymous_20)
FN:447,(anonymous_21)
FN:449,(anonymous_22)
FN:452,(anonymous_23)
FN:458,(anonymous_24)
FN:459,(anonymous_25)
FN:460,(anonymous_26)
FN:461,(anonymous_27)
FN:465,(anonymous_28)
FN:466,(anonymous_29)
FN:469,(anonymous_30)
FN:471,(anonymous_31)
FN:474,(anonymous_32)
FN:476,(anonymous_33)
FN:481,(anonymous_34)
FN:503,(anonymous_35)
FN:504,(anonymous_36)
FNF:37
FNH:0
FNDA:0,(anonymous_0)
FNDA:0,(anonymous_1)
FNDA:0,(anonymous_2)
FNDA:0,(anonymous_3)
FNDA:0,(anonymous_4)
FNDA:0,(anonymous_5)
FNDA:0,(anonymous_6)
FNDA:0,(anonymous_7)
FNDA:0,(anonymous_8)
FNDA:0,(anonymous_9)
FNDA:0,(anonymous_10)
FNDA:0,(anonymous_11)
FNDA:0,(anonymous_12)
FNDA:0,(anonymous_13)
FNDA:0,(anonymous_14)
FNDA:0,(anonymous_15)
FNDA:0,(anonymous_16)
FNDA:0,(anonymous_17)
FNDA:0,(anonymous_18)
FNDA:0,(anonymous_19)
FNDA:0,(anonymous_20)
FNDA:0,(anonymous_21)
FNDA:0,(anonymous_22)
FNDA:0,(anonymous_23)
FNDA:0,(anonymous_24)
FNDA:0,(anonymous_25)
FNDA:0,(anonymous_26)
FNDA:0,(anonymous_27)
FNDA:0,(anonymous_28)
FNDA:0,(anonymous_29)
FNDA:0,(anonymous_30)
FNDA:0,(anonymous_31)
FNDA:0,(anonymous_32)
FNDA:0,(anonymous_33)
FNDA:0,(anonymous_34)
FNDA:0,(anonymous_35)
FNDA:0,(anonymous_36)
DA:6,0
DA:7,0
DA:82,0
DA:84,0
DA:85,0
DA:86,0
DA:89,0
DA:90,0
DA:97,0
DA:98,0
DA:108,0
DA:109,0
DA:110,0
DA:111,0
DA:113,0
DA:114,0
DA:116,0
DA:120,0
DA:121,0
DA:122,0
DA:123,0
DA:124,0
DA:125,0
DA:127,0
DA:130,0
DA:131,0
DA:139,0
DA:140,0
DA:141,0
DA:144,0
DA:146,0
DA:148,0
DA:151,0
DA:153,0
DA:154,0
DA:159,0
DA:162,0
DA:163,0
DA:166,0
DA:176,0
DA:179,0
DA:191,0
DA:192,0
DA:193,0
DA:194,0
DA:195,0
DA:196,0
DA:199,0
DA:201,0
DA:203,0
DA:204,0
DA:211,0
DA:214,0
DA:216,0
DA:217,0
DA:220,0
DA:222,0
DA:228,0
DA:249,0
DA:250,0
DA:251,0
DA:254,0
DA:256,0
DA:257,0
DA:259,0
DA:262,0
DA:265,0
DA:275,0
DA:276,0
DA:277,0
DA:279,0
DA:282,0
DA:283,0
DA:286,0
DA:293,0
DA:294,0
DA:295,0
DA:297,0
DA:298,0
DA:299,0
DA:311,0
DA:312,0
DA:313,0
DA:315,0
DA:320,0
DA:327,0
DA:334,0
DA:335,0
DA:337,0
DA:339,0
DA:350,0
DA:357,0
DA:400,0
DA:402,0
DA:403,0
DA:410,0
DA:412,0
DA:414,0
DA:415,0
DA:418,0
DA:419,0
DA:423,0
DA:424,0
DA:428,0
DA:429,0
DA:432,0
DA:435,0
DA:439,0
DA:440,0
DA:444,0
DA:448,0
DA:449,0
DA:453,0
DA:454,0
DA:457,0
DA:458,0
DA:459,0
DA:460,0
DA:461,0
DA:466,0
DA:470,0
DA:471,0
DA:475,0
DA:476,0
DA:478,0
DA:482,0
DA:484,0
DA:485,0
DA:488,0
DA:489,0
DA:492,0
DA:493,0
DA:496,0
DA:497,0
DA:500,0
DA:504,0
LF:136
LH:0
BRDA:140,0,0,0
BRDA:140,0,1,0
BRDA:227,1,0,0
BRDA:227,1,1,0
BRDA:230,2,0,0
BRDA:230,2,1,0
BRDA:231,3,0,0
BRDA:231,3,1,0
BRDA:235,4,0,0
BRDA:235,4,1,0
BRDA:249,5,0,0
BRDA:249,5,1,0
BRDA:282,6,0,0
BRDA:316,7,0,0
BRDA:316,7,1,0
BRDA:321,8,0,0
BRDA:321,8,1,0
BRDA:325,9,0,0
BRDA:325,9,1,0
BRDA:334,10,0,0
BRDA:334,10,1,0
BRDA:335,11,0,0
BRDA:335,11,1,0
BRDA:338,12,0,0
BRDA:338,12,1,0
BRDA:341,13,0,0
BRDA:341,13,1,0
BRDA:400,14,0,0
BRDA:410,15,0,0
BRDA:418,16,0,0
BRDA:423,17,0,0
BRDA:428,18,0,0
BRDA:439,19,0,0
BRDA:448,20,0,0
BRDA:453,21,0,0
BRDA:470,22,0,0
BRDA:478,23,0,0
BRDA:478,23,1,0
BRDA:484,24,0,0
BRDA:488,25,0,0
BRDA:492,26,0,0
BRDA:496,27,0,0
BRF:42
BRH:0
end_of_record
TN:
SF:src\services\testing\TestRunner.ts
FN:49,(anonymous_1)
FN:56,(anonymous_2)
FN:113,(anonymous_3)
FN:115,(anonymous_4)
FN:118,(anonymous_5)
FN:133,(anonymous_6)
FN:141,(anonymous_7)
FN:171,(anonymous_8)
FN:176,(anonymous_9)
FN:177,(anonymous_10)
FN:183,(anonymous_11)
FN:184,(anonymous_12)
FN:201,(anonymous_13)
FN:205,(anonymous_14)
FN:209,(anonymous_15)
FN:214,(anonymous_16)
FN:225,(anonymous_17)
FN:235,(anonymous_18)
FN:250,(anonymous_19)
FN:266,(anonymous_20)
FN:302,(anonymous_21)
FN:308,(anonymous_22)
FN:309,(anonymous_23)
FN:310,(anonymous_24)
FNF:24
FNH:0
FNDA:0,(anonymous_1)
FNDA:0,(anonymous_2)
FNDA:0,(anonymous_3)
FNDA:0,(anonymous_4)
FNDA:0,(anonymous_5)
FNDA:0,(anonymous_6)
FNDA:0,(anonymous_7)
FNDA:0,(anonymous_8)
FNDA:0,(anonymous_9)
FNDA:0,(anonymous_10)
FNDA:0,(anonymous_11)
FNDA:0,(anonymous_12)
FNDA:0,(anonymous_13)
FNDA:0,(anonymous_14)
FNDA:0,(anonymous_15)
FNDA:0,(anonymous_16)
FNDA:0,(anonymous_17)
FNDA:0,(anonymous_18)
FNDA:0,(anonymous_19)
FNDA:0,(anonymous_20)
FNDA:0,(anonymous_21)
FNDA:0,(anonymous_22)
FNDA:0,(anonymous_23)
FNDA:0,(anonymous_24)
DA:6,0
DA:7,0
DA:8,0
DA:45,0
DA:47,0
DA:50,0
DA:57,0
DA:59,0
DA:60,0
DA:61,0
DA:72,0
DA:73,0
DA:74,0
DA:75,0
DA:76,0
DA:77,0
DA:78,0
DA:79,0
DA:80,0
DA:83,0
DA:84,0
DA:86,0
DA:89,0
DA:105,0
DA:106,0
DA:114,0
DA:115,0
DA:116,0
DA:118,0
DA:119,0
DA:122,0
DA:123,0
DA:127,0
DA:134,0
DA:135,0
DA:142,0
DA:153,0
DA:154,0
DA:155,0
DA:156,0
DA:157,0
DA:158,0
DA:161,0
DA:165,0
DA:172,0
DA:173,0
DA:175,0
DA:176,0
DA:177,0
DA:184,0
DA:185,0
DA:193,0
DA:198,0
DA:199,0
DA:201,0
DA:202,0
DA:205,0
DA:206,0
DA:209,0
DA:210,0
DA:211,0
DA:214,0
DA:215,0
DA:217,0
DA:218,0
DA:219,0
DA:221,0
DA:225,0
DA:226,0
DA:227,0
DA:236,0
DA:247,0
DA:249,0
DA:250,0
DA:252,0
DA:253,0
DA:255,0
DA:256,0
DA:258,0
DA:259,0
DA:260,0
DA:261,0
DA:262,0
DA:265,0
DA:266,0
DA:276,0
DA:277,0
DA:287,0
DA:292,0
DA:293,0
DA:296,0
DA:303,0
DA:305,0
DA:306,0
DA:307,0
DA:308,0
DA:309,0
DA:310,0
DA:312,0
DA:314,0
LF:100
LH:0
BRDA:114,0,0,0
BRDA:114,0,1,0
BRDA:161,1,0,0
BRDA:161,1,1,0
BRDA:176,2,0,0
BRDA:176,2,1,0
BRDA:188,3,0,0
BRDA:188,3,1,0
BRDA:252,4,0,0
BRDA:255,5,0,0
BRDA:255,6,0,0
BRDA:255,6,1,0
BRDA:262,7,0,0
BRDA:262,7,1,0
BRDA:265,8,0,0
BRDA:269,9,0,0
BRDA:269,9,1,0
BRDA:276,10,0,0
BRDA:289,11,0,0
BRDA:289,11,1,0
BRDA:309,12,0,0
BRDA:309,12,1,0
BRF:22
BRH:0
end_of_record
TN:
SF:src\utils\logger.ts
FN:6,formatLog
FN:17,(anonymous_1)
FN:21,(anonymous_2)
FN:25,(anonymous_3)
FN:29,(anonymous_4)
FNF:5
FNH:0
FNDA:0,formatLog
FNDA:0,(anonymous_1)
FNDA:0,(anonymous_2)
FNDA:0,(anonymous_3)
FNDA:0,(anonymous_4)
DA:7,0
DA:8,0
DA:9,0
DA:10,0
DA:11,0
DA:13,0
DA:16,10
DA:18,0
DA:22,0
DA:26,0
DA:30,0
DA:31,0
LF:12
LH:1
BRDA:8,0,0,0
BRDA:8,1,0,0
BRDA:8,1,1,0
BRDA:10,2,0,0
BRDA:13,3,0,0
BRDA:13,3,1,0
BRDA:30,4,0,0
BRF:7
BRH:0
end_of_record
TN:
SF:src\utils\productionLogger.ts
FN:18,(anonymous_1)
FN:35,(anonymous_2)
FN:115,(anonymous_3)
FN:119,(anonymous_4)
FN:132,(anonymous_5)
FN:147,(anonymous_6)
FN:158,(anonymous_7)
FN:168,(anonymous_8)
FN:178,(anonymous_9)
FN:191,(anonymous_10)
FN:201,(anonymous_11)
FN:211,(anonymous_12)
FN:223,(anonymous_13)
FN:233,(anonymous_14)
FN:243,(anonymous_15)
FN:257,(anonymous_16)
FN:268,(anonymous_17)
FN:280,(anonymous_18)
FN:284,(anonymous_19)
FN:288,(anonymous_20)
FN:293,(anonymous_21)
FNF:21
FNH:0
FNDA:0,(anonymous_1)
FNDA:0,(anonymous_2)
FNDA:0,(anonymous_3)
FNDA:0,(anonymous_4)
FNDA:0,(anonymous_5)
FNDA:0,(anonymous_6)
FNDA:0,(anonymous_7)
FNDA:0,(anonymous_8)
FNDA:0,(anonymous_9)
FNDA:0,(anonymous_10)
FNDA:0,(anonymous_11)
FNDA:0,(anonymous_12)
FNDA:0,(anonymous_13)
FNDA:0,(anonymous_14)
FNDA:0,(anonymous_15)
FNDA:0,(anonymous_16)
FNDA:0,(anonymous_17)
FNDA:0,(anonymous_18)
FNDA:0,(anonymous_19)
FNDA:0,(anonymous_20)
FNDA:0,(anonymous_21)
DA:6,0
DA:7,0
DA:8,0
DA:10,0
DA:11,0
DA:14,0
DA:19,0
DA:31,0
DA:36,0
DA:37,0
DA:43,0
DA:52,0
DA:62,0
DA:94,0
DA:96,0
DA:97,0
DA:100,0
DA:101,0
DA:104,0
DA:112,0
DA:113,0
DA:116,0
DA:120,0
DA:121,0
DA:122,0
DA:123,0
DA:128,0
DA:133,0
DA:134,0
DA:135,0
DA:136,0
DA:137,0
DA:139,0
DA:140,0
DA:146,0
DA:148,0
DA:159,0
DA:169,0
DA:179,0
DA:190,0
DA:192,0
DA:202,0
DA:212,0
DA:222,0
DA:224,0
DA:234,0
DA:244,0
DA:256,0
DA:258,0
DA:259,0
DA:269,0
DA:280,0
DA:281,0
DA:284,0
DA:285,0
DA:288,0
DA:289,0
DA:290,0
DA:293,0
DA:294,0
DA:297,0
LF:61
LH:0
BRDA:24,0,0,0
BRDA:24,0,1,0
BRDA:36,1,0,0
BRDA:36,1,1,0
BRDA:62,2,0,0
BRDA:62,2,1,0
BRDA:67,3,0,0
BRDA:67,3,1,0
BRDA:68,4,0,0
BRDA:68,4,1,0
BRDA:96,5,0,0
BRDA:100,6,0,0
BRDA:100,7,0,0
BRDA:100,7,1,0
BRDA:105,8,0,0
BRDA:105,8,1,0
BRDA:105,9,0,0
BRDA:105,9,1,0
BRDA:121,10,0,0
BRDA:258,11,0,0
BRDA:258,11,1,0
BRF:21
BRH:0
end_of_record
